<?xml version="1.0" encoding="utf-8"?><testsuites name="pytest tests"><testsuite name="pytest" errors="0" failures="0" skipped="0" tests="11" time="5.758" timestamp="2026-03-30T15:47:14.968169+00:00" hostname="agent-env-9b962405-0d9b-490a-8729-7be0e22f4911"><testcase classname="backend.tests.test_iter93_retencao.TestRetencaoDashboard" name="test_get_inativos_default_30_days" time="0.439" /><testcase classname="backend.tests.test_iter93_retencao.TestRetencaoDashboard" name="test_get_inativos_custom_period" time="0.711" /><testcase classname="backend.tests.test_iter93_retencao.TestRetencaoDashboard" name="test_equipes_com_inativos_structure" time="0.419" /><testcase classname="backend.tests.test_iter93_retencao.TestRetencaoDashboard" name="test_atletas_inativos_structure" time="0.395" /><testcase classname="backend.tests.test_iter93_retencao.TestAlertarAssessoria" name="test_alertar_assessoria_success" time="0.541" /><testcase classname="backend.tests.test_iter93_retencao.TestAlertarAssessoria" name="test_alertar_individual_rejected" time="0.396" /><testcase classname="backend.tests.test_iter93_retencao.TestExportFunctionality" name="test_export_atletas_excel" time="0.676" /><testcase classname="backend.tests.test_iter93_retencao.TestExportFunctionality" name="test_export_ranking_excel" time="0.606" /><testcase classname="backend.tests.test_iter93_retencao.TestExportFunctionality" name="test_export_ranking_csv" time="0.532" /><testcase classname="backend.tests.test_iter93_retencao.TestDownloadHelperIntegration" name="test_atletas_export_blob_response" time="0.565" /><testcase classname="backend.tests.test_iter93_retencao.TestDownloadHelperIntegration" name="test_ranking_export_blob_response" time="0.422" /></testsuite></testsuites>