<?xml version="1.0" encoding="utf-8"?><testsuites name="pytest tests"><testsuite name="pytest" errors="0" failures="1" skipped="0" tests="16" time="28.884" timestamp="2026-03-19T20:58:31.773814+00:00" hostname="agent-env-8d9a57c9-2862-42a6-850e-eb396bff623f"><testcase classname="backend.tests.test_iter52_notificacoes_push.TestNotificacoesEndpoints" name="test_01_get_notificacoes_list" time="1.930" /><testcase classname="backend.tests.test_iter52_notificacoes_push.TestNotificacoesEndpoints" name="test_02_notificacoes_structure" time="1.639" /><testcase classname="backend.tests.test_iter52_notificacoes_push.TestNotificacoesEndpoints" name="test_03_create_test_notification_via_enviar" time="1.855" /><testcase classname="backend.tests.test_iter52_notificacoes_push.TestNotificacoesEndpoints" name="test_04_mark_notification_as_read" time="2.357" /><testcase classname="backend.tests.test_iter52_notificacoes_push.TestNotificacoesEndpoints" name="test_05_mark_all_notifications_read" time="2.344" /><testcase classname="backend.tests.test_iter52_notificacoes_push.TestNotificacoesEndpoints" name="test_06_get_unread_count" time="1.719" /><testcase classname="backend.tests.test_iter52_notificacoes_push.TestWebSocketNotifications" name="test_01_ws_status_endpoint" time="1.643" /><testcase classname="backend.tests.test_iter52_notificacoes_push.TestWebSocketNotifications" name="test_02_send_test_notification" time="1.625" /><testcase classname="backend.tests.test_iter52_notificacoes_push.TestWebSocketNotifications" name="test_03_mark_notification_read_via_notifications" time="2.373"><failure message="AssertionError: Expected 200, got 404: {&quot;detail&quot;:&quot;Notificação não encontrada&quot;}&#10;assert 404 == 200&#10; +  where 404 = &lt;Response [404]&gt;.status_code">backend/tests/test_iter52_notificacoes_push.py:198: in test_03_mark_notification_read_via_notifications
    assert response.status_code == 200, f"Expected 200, got {response.status_code}: {response.text}"
E   AssertionError: Expected 200, got 404: {"detail":"Notificação não encontrada"}
E   assert 404 == 200
E    +  where 404 = &lt;Response [404]&gt;.status_code</failure></testcase><testcase classname="backend.tests.test_iter52_notificacoes_push.TestWebSocketNotifications" name="test_04_read_all_via_notifications" time="1.629" /><testcase classname="backend.tests.test_iter52_notificacoes_push.TestNotificacaoDetails" name="test_01_get_notification_details" time="2.261" /><testcase classname="backend.tests.test_iter52_notificacoes_push.TestNotificacaoDetails" name="test_02_delete_notification" time="3.701" /><testcase classname="backend.tests.test_iter52_notificacoes_push.TestNotificacaoDetails" name="test_03_nonexistent_notification" time="1.594" /><testcase classname="backend.tests.test_iter52_notificacoes_push.TestNotificacoesAuth" name="test_01_notificacoes_requires_auth" time="0.693" /><testcase classname="backend.tests.test_iter52_notificacoes_push.TestNotificacoesAuth" name="test_02_mark_read_requires_auth" time="0.718" /><testcase classname="backend.tests.test_iter52_notificacoes_push.TestNotificacoesAuth" name="test_03_mark_all_requires_auth" time="0.706" /></testsuite></testsuites>