<?xml version="1.0" encoding="utf-8"?><testsuites name="pytest tests"><testsuite name="pytest" errors="0" failures="0" skipped="0" tests="13" time="2.585" timestamp="2026-03-19T16:31:16.852746+00:00" hostname="agent-env-d3a8b0d4-9a0c-48a2-95cb-e576693f1e00"><testcase classname="backend.tests.test_iter50_configuracoes_regras.TestPublicRegras" name="test_get_regras_returns_200" time="0.326" /><testcase classname="backend.tests.test_iter50_configuracoes_regras.TestPublicRegras" name="test_regras_has_ranking_profissional" time="0.079" /><testcase classname="backend.tests.test_iter50_configuracoes_regras.TestPublicRegras" name="test_regras_has_ranking_povao" time="0.285" /><testcase classname="backend.tests.test_iter50_configuracoes_regras.TestPublicRegras" name="test_regras_has_ranking_equipes" time="0.096" /><testcase classname="backend.tests.test_iter50_configuracoes_regras.TestPublicRegras" name="test_regras_has_configuracoes_gerais" time="0.085" /><testcase classname="backend.tests.test_iter50_configuracoes_regras.TestAdminConfiguracoes" name="test_admin_get_configuracoes_without_auth_fails" time="0.121" /><testcase classname="backend.tests.test_iter50_configuracoes_regras.TestAdminConfiguracoes" name="test_admin_get_configuracoes_with_auth" time="0.402" /><testcase classname="backend.tests.test_iter50_configuracoes_regras.TestAdminConfiguracoes" name="test_admin_put_configuracoes_without_auth_fails" time="0.293" /><testcase classname="backend.tests.test_iter50_configuracoes_regras.TestAdminConfiguracoes" name="test_admin_put_configuracoes_with_auth" time="0.513" /><testcase classname="backend.tests.test_iter50_configuracoes_regras.TestAdminConfiguracoes" name="test_admin_reset_configuracoes_without_auth_fails" time="0.087" /><testcase classname="backend.tests.test_iter50_configuracoes_regras.TestPontuacaoValuesFromRegras" name="test_pontuacao_normal_values" time="0.086" /><testcase classname="backend.tests.test_iter50_configuracoes_regras.TestPontuacaoValuesFromRegras" name="test_pontuacao_pcd_values" time="0.069" /><testcase classname="backend.tests.test_iter50_configuracoes_regras.TestPontuacaoValuesFromRegras" name="test_pontuacao_povao_values" time="0.074" /></testsuite></testsuites>