<?xml version="1.0" encoding="utf-8"?><testsuites name="pytest tests"><testsuite name="pytest" errors="0" failures="1" skipped="0" tests="16" time="32.077" timestamp="2026-03-18T21:17:58.614376+00:00" hostname="agent-env-e8eb8bfa-907a-45b3-be11-2de84827087c"><testcase classname="backend.tests.test_iter40_solicitacoes.TestSolicitacoesAssessoria" name="test_get_solicitacoes_pendentes_as_dono" time="2.683" /><testcase classname="backend.tests.test_iter40_solicitacoes.TestSolicitacoesAssessoria" name="test_get_solicitacoes_pendentes_without_auth" time="2.602" /><testcase classname="backend.tests.test_iter40_solicitacoes.TestSolicitacoesAssessoria" name="test_get_solicitacoes_pendentes_as_admin" time="2.538" /><testcase classname="backend.tests.test_iter40_solicitacoes.TestSolicitacoesAssessoria" name="test_solicitar_entrada_without_auth" time="2.356" /><testcase classname="backend.tests.test_iter40_solicitacoes.TestSolicitacoesAssessoria" name="test_aprovar_solicitacao_invalid_id" time="2.427" /><testcase classname="backend.tests.test_iter40_solicitacoes.TestSolicitacoesAssessoria" name="test_aprovar_solicitacao_without_auth" time="2.433" /><testcase classname="backend.tests.test_iter40_solicitacoes.TestSolicitacoesAssessoria" name="test_reprovar_solicitacao_invalid_id" time="2.386" /><testcase classname="backend.tests.test_iter40_solicitacoes.TestSolicitacoesAssessoria" name="test_reprovar_solicitacao_without_auth" time="2.412" /><testcase classname="backend.tests.test_iter40_solicitacoes.TestSolicitacoesAssessoria" name="test_minhas_solicitacoes_without_auth" time="2.405" /><testcase classname="backend.tests.test_iter40_solicitacoes.TestSolicitacoesAssessoria" name="test_verify_maria_corredora_pending_request" time="2.634" /><testcase classname="backend.tests.test_iter40_solicitacoes.TestDonoAssessoriaDashboardEndpoints" name="test_dono_user_has_correct_role" time="0.953" /><testcase classname="backend.tests.test_iter40_solicitacoes.TestDonoAssessoriaDashboardEndpoints" name="test_get_assessoria_details" time="1.589"><failure message="assert 404 == 200&#10; +  where 404 = &lt;Response [404]&gt;.status_code">backend/tests/test_iter40_solicitacoes.py:249: in test_get_assessoria_details
    assert response.status_code == 200
E   assert 404 == 200
E    +  where 404 = &lt;Response [404]&gt;.status_code</failure></testcase><testcase classname="backend.tests.test_iter40_solicitacoes.TestDonoAssessoriaDashboardEndpoints" name="test_liga_assessorias_ranking" time="1.781" /><testcase classname="backend.tests.test_iter40_solicitacoes.TestHealthAndAuth" name="test_api_health" time="0.934" /><testcase classname="backend.tests.test_iter40_solicitacoes.TestHealthAndAuth" name="test_dono_login" time="0.955" /><testcase classname="backend.tests.test_iter40_solicitacoes.TestHealthAndAuth" name="test_admin_login" time="0.901" /></testsuite></testsuites>