<?xml version="1.0" encoding="utf-8"?><testsuites name="pytest tests"><testsuite name="pytest" errors="0" failures="0" skipped="0" tests="12" time="20.837" timestamp="2026-03-24T02:28:39.999204+00:00" hostname="agent-env-f43b0233-07f2-415a-a694-fbedaf1f56e3"><testcase classname="backend.tests.test_iter60_ranking_cidade_genero.TestRankingCidadeGeneroFix" name="test_api_health" time="1.214" /><testcase classname="backend.tests.test_iter60_ranking_cidade_genero.TestRankingCidadeGeneroFix" name="test_ranking_cidade_endpoint_exists" time="0.940" /><testcase classname="backend.tests.test_iter60_ranking_cidade_genero.TestRankingCidadeGeneroFix" name="test_profissional_masculino_vs_feminino_different_results" time="1.406" /><testcase classname="backend.tests.test_iter60_ranking_cidade_genero.TestRankingCidadeGeneroFix" name="test_povao_masculino_vs_feminino_different_results" time="1.400" /><testcase classname="backend.tests.test_iter60_ranking_cidade_genero.TestRankingCidadeGeneroFix" name="test_genero_filter_applied_profissional" time="4.307" /><testcase classname="backend.tests.test_iter60_ranking_cidade_genero.TestRankingCidadeGeneroFix" name="test_genero_filter_applied_povao" time="4.382" /><testcase classname="backend.tests.test_iter60_ranking_cidade_genero.TestRankingCidadeGeneroFix" name="test_response_structure" time="0.693" /><testcase classname="backend.tests.test_iter60_ranking_cidade_genero.TestRankingCidadeGeneroFix" name="test_modalidade_parameter" time="1.424" /><testcase classname="backend.tests.test_iter60_ranking_cidade_genero.TestRankingCidadeGeneroFix" name="test_empty_city_returns_empty_ranking" time="0.757" /><testcase classname="backend.tests.test_iter60_ranking_cidade_genero.TestRankingCidadeIntegration" name="test_estados_endpoint" time="0.719" /><testcase classname="backend.tests.test_iter60_ranking_cidade_genero.TestRankingCidadeIntegration" name="test_cidades_endpoint" time="0.725" /><testcase classname="backend.tests.test_iter60_ranking_cidade_genero.TestRankingCidadeIntegration" name="test_full_flow_sp_sao_paulo" time="2.819" /></testsuite></testsuites>