<?xml version="1.0" encoding="utf-8"?><testsuites name="pytest tests"><testsuite name="pytest" errors="0" failures="0" skipped="0" tests="18" time="7.681" timestamp="2026-04-12T22:59:49.809038+00:00" hostname="agent-env-9b962405-0d9b-490a-8729-7be0e22f4911"><testcase classname="backend.tests.test_iter115_dono_assessoria_bugs.TestDonoAssessoriaBugFixes" name="test_bug1_exportar_graficos_returns_attachment_header" time="0.613" /><testcase classname="backend.tests.test_iter115_dono_assessoria_bugs.TestDonoAssessoriaBugFixes" name="test_bug1_exportar_graficos_returns_valid_json" time="0.374" /><testcase classname="backend.tests.test_iter115_dono_assessoria_bugs.TestDonoAssessoriaBugFixes" name="test_bug1_exportar_graficos_requires_auth" time="0.063" /><testcase classname="backend.tests.test_iter115_dono_assessoria_bugs.TestDonoAssessoriaBugFixes" name="test_bug2_admin_download_csv_requires_admin" time="0.352" /><testcase classname="backend.tests.test_iter115_dono_assessoria_bugs.TestDonoAssessoriaBugFixes" name="test_bug2_dono_can_access_atletas_data" time="0.521" /><testcase classname="backend.tests.test_iter115_dono_assessoria_bugs.TestDonoAssessoriaBugFixes" name="test_bug2_exportar_dados_csv_works_for_dono" time="0.377" /><testcase classname="backend.tests.test_iter115_dono_assessoria_bugs.TestDonoAssessoriaBugFixes" name="test_bug3_upload_foto_endpoint_exists" time="0.747" /><testcase classname="backend.tests.test_iter115_dono_assessoria_bugs.TestDonoAssessoriaBugFixes" name="test_bug3_upload_foto_requires_auth" time="0.064" /><testcase classname="backend.tests.test_iter115_dono_assessoria_bugs.TestDonoAssessoriaBugFixes" name="test_bug3_remover_foto_endpoint_exists" time="0.766" /><testcase classname="backend.tests.test_iter115_dono_assessoria_bugs.TestDonoAssessoriaBugFixes" name="test_bug3_remover_foto_requires_auth" time="0.073" /><testcase classname="backend.tests.test_iter115_dono_assessoria_bugs.TestDonoAssessoriaBugFixes" name="test_bug3_old_endpoint_should_not_exist" time="0.349" /><testcase classname="backend.tests.test_iter115_dono_assessoria_bugs.TestDonoAssessoriaBugFixes" name="test_dono_assessoria_dashboard_loads" time="0.517" /><testcase classname="backend.tests.test_iter115_dono_assessoria_bugs.TestDonoAssessoriaBugFixes" name="test_graficos_avancados_works_for_dono" time="0.390" /><testcase classname="backend.tests.test_iter115_dono_assessoria_bugs.TestDonoAssessoriaBugFixes" name="test_comparacao_mensal_works_for_dono" time="0.696" /><testcase classname="backend.tests.test_iter115_dono_assessoria_bugs.TestExportFormats" name="test_export_csv_format" time="0.392" /><testcase classname="backend.tests.test_iter115_dono_assessoria_bugs.TestExportFormats" name="test_export_json_format" time="0.393" /><testcase classname="backend.tests.test_iter115_dono_assessoria_bugs.TestExportFormats" name="test_export_xlsx_format" time="0.412" /><testcase classname="backend.tests.test_iter115_dono_assessoria_bugs.TestExportFormats" name="test_export_pdf_format" time="0.496" /></testsuite></testsuites>