<?xml version="1.0" encoding="utf-8"?><testsuites name="pytest tests"><testsuite name="pytest" errors="0" failures="0" skipped="0" tests="15" time="1.951" timestamp="2026-04-13T00:35:29.193469+00:00" hostname="agent-env-9b962405-0d9b-490a-8729-7be0e22f4911"><testcase classname="backend.tests.test_iter116_temporadas_exports.TestTemporadasPublic" name="test_get_temporada_ativa" time="0.127" /><testcase classname="backend.tests.test_iter116_temporadas_exports.TestTemporadasPublic" name="test_get_historico_temporadas" time="0.078" /><testcase classname="backend.tests.test_iter116_temporadas_exports.TestTemporadasAdmin" name="test_get_admin_temporadas" time="0.386" /><testcase classname="backend.tests.test_iter116_temporadas_exports.TestTemporadasAdmin" name="test_encerrar_temporada_blocked_by_date" time="0.059" /><testcase classname="backend.tests.test_iter116_temporadas_exports.TestTemporadasAdmin" name="test_encerrar_temporada_wrong_confirmation" time="0.076" /><testcase classname="backend.tests.test_iter116_temporadas_exports.TestTemporadasAdmin" name="test_encerrar_temporada_wrong_password" time="0.061" /><testcase classname="backend.tests.test_iter116_temporadas_exports.TestRankingExports" name="test_export_ranking_profissional" time="0.166" /><testcase classname="backend.tests.test_iter116_temporadas_exports.TestRankingExports" name="test_export_ranking_galera" time="0.089" /><testcase classname="backend.tests.test_iter116_temporadas_exports.TestRankingExports" name="test_export_ranking_assessorias" time="0.247" /><testcase classname="backend.tests.test_iter116_temporadas_exports.TestRankingExports" name="test_export_ranking_corridas_avaliadas" time="0.088" /><testcase classname="backend.tests.test_iter116_temporadas_exports.TestAuthValidation" name="test_admin_temporadas_requires_auth" time="0.064" /><testcase classname="backend.tests.test_iter116_temporadas_exports.TestAuthValidation" name="test_encerrar_temporada_requires_auth" time="0.070" /><testcase classname="backend.tests.test_iter116_temporadas_exports.TestAuthValidation" name="test_export_ranking_requires_auth" time="0.233" /><testcase classname="backend.tests.test_iter116_temporadas_exports.TestRankingFinal" name="test_ranking_final_not_found_for_active_season" time="0.063" /><testcase classname="backend.tests.test_iter116_temporadas_exports.TestRankingFinal" name="test_ranking_final_nonexistent_season" time="0.066" /></testsuite></testsuites>