<?xml version="1.0" encoding="utf-8"?><testsuites name="pytest tests"><testsuite name="pytest" errors="0" failures="0" skipped="0" tests="15" time="30.617" timestamp="2026-03-18T12:56:41.301676+00:00" hostname="agent-env-7ed20713-fbfc-4235-9875-038c950abd2b"><testcase classname="tests.test_iter37_batch_corridas.TestBatchCorridasManagement" name="test_01_admin_login_success" time="2.633" /><testcase classname="tests.test_iter37_batch_corridas.TestBatchCorridasManagement" name="test_02_list_corridas_eventos" time="1.654" /><testcase classname="tests.test_iter37_batch_corridas.TestBatchCorridasManagement" name="test_03_filter_corridas_by_estado" time="2.455" /><testcase classname="tests.test_iter37_batch_corridas.TestBatchCorridasManagement" name="test_04_filter_corridas_by_cidade" time="2.383" /><testcase classname="tests.test_iter37_batch_corridas.TestBatchCorridasManagement" name="test_05_create_test_corridas_for_batch" time="3.164" /><testcase classname="tests.test_iter37_batch_corridas.TestBatchCorridasManagement" name="test_06_batch_delete_corridas_success" time="6.035" /><testcase classname="tests.test_iter37_batch_corridas.TestBatchCorridasManagement" name="test_07_batch_delete_empty_ids_error" time="1.615" /><testcase classname="tests.test_iter37_batch_corridas.TestBatchCorridasManagement" name="test_08_batch_delete_requires_admin" time="1.695" /><testcase classname="tests.test_iter37_batch_corridas.TestBatchCorridasManagement" name="test_09_ranking_corridas_endpoint" time="1.700" /><testcase classname="tests.test_iter37_batch_corridas.TestBatchCorridasManagement" name="test_10_ranking_corridas_stats" time="1.665" /><testcase classname="tests.test_iter37_batch_corridas.TestCorridasTemplateAndImport" name="test_01_download_template_csv" time="1.670" /><testcase classname="tests.test_iter37_batch_corridas.TestCorridasTemplateAndImport" name="test_02_download_template_excel" time="1.703" /><testcase classname="tests.test_iter37_batch_corridas.TestCorridasDashboardData" name="test_01_estados_corridas" time="0.744" /><testcase classname="tests.test_iter37_batch_corridas.TestCorridasDashboardData" name="test_02_cidades_corridas" time="0.699" /><testcase classname="tests.test_iter37_batch_corridas.TestCorridasDashboardData" name="test_03_cidades_by_estado" time="0.740" /></testsuite></testsuites>