<?xml version="1.0" encoding="utf-8"?><testsuites name="pytest tests"><testsuite name="pytest" errors="0" failures="0" skipped="0" tests="15" time="7.723" timestamp="2026-03-24T12:20:05.584472+00:00" hostname="agent-env-f43b0233-07f2-415a-a694-fbedaf1f56e3"><testcase classname="backend.tests.test_iter63_mensagens_admin.TestMensagensAdmin" name="test_contagem_todos" time="0.749" /><testcase classname="backend.tests.test_iter63_mensagens_admin.TestMensagensAdmin" name="test_contagem_modalidade_profissional" time="2.870" /><testcase classname="backend.tests.test_iter63_mensagens_admin.TestMensagensAdmin" name="test_contagem_modalidade_galera" time="0.329" /><testcase classname="backend.tests.test_iter63_mensagens_admin.TestMensagensAdmin" name="test_contagem_especial_donos_assessoria" time="0.384" /><testcase classname="backend.tests.test_iter63_mensagens_admin.TestMensagensAdmin" name="test_contagem_especial_individual" time="0.367" /><testcase classname="backend.tests.test_iter63_mensagens_admin.TestMensagensAdmin" name="test_contagem_genero_masculino" time="0.393" /><testcase classname="backend.tests.test_iter63_mensagens_admin.TestMensagensAdmin" name="test_enviar_mensagem_todos" time="0.486" /><testcase classname="backend.tests.test_iter63_mensagens_admin.TestMensagensAdmin" name="test_enviar_mensagem_sem_conteudo_falha" time="0.385" /><testcase classname="backend.tests.test_iter63_mensagens_admin.TestMensagensAdmin" name="test_enviar_mensagem_apenas_link" time="0.438" /><testcase classname="backend.tests.test_iter63_mensagens_admin.TestMensagensAdmin" name="test_historico_mensagens" time="0.333" /><testcase classname="backend.tests.test_iter63_mensagens_admin.TestMensagensAdmin" name="test_notificacao_atleta_recebe_mensagem_admin" time="0.371" /><testcase classname="backend.tests.test_iter63_mensagens_admin.TestMensagensAdmin" name="test_upload_arquivo_sem_autenticacao_falha" time="0.068" /><testcase classname="backend.tests.test_iter63_mensagens_admin.TestMensagensAdmin" name="test_contagem_sem_autenticacao_falha" time="0.085" /><testcase classname="backend.tests.test_iter63_mensagens_admin.TestMensagensAdmin" name="test_enviar_sem_autenticacao_falha" time="0.069" /><testcase classname="backend.tests.test_iter63_mensagens_admin.TestMensagensAdmin" name="test_historico_sem_autenticacao_falha" time="0.328" /></testsuite></testsuites>