<?xml version="1.0" encoding="utf-8"?><testsuites name="pytest tests"><testsuite name="pytest" errors="0" failures="0" skipped="0" tests="21" time="34.699" timestamp="2026-03-19T20:39:49.956534+00:00" hostname="agent-env-8d9a57c9-2862-42a6-850e-eb396bff623f"><testcase classname="tests.test_iter51_feed_reactions.TestFeedEndpoints" name="test_get_feed_requires_auth" time="1.144" /><testcase classname="tests.test_iter51_feed_reactions.TestFeedEndpoints" name="test_get_feed_with_auth" time="4.412" /><testcase classname="tests.test_iter51_feed_reactions.TestFeedEndpoints" name="test_get_feed_with_pagination" time="0.760" /><testcase classname="tests.test_iter51_feed_reactions.TestFeedEndpoints" name="test_create_post_requires_auth" time="0.679" /><testcase classname="tests.test_iter51_feed_reactions.TestFeedEndpoints" name="test_create_post_success" time="0.686" /><testcase classname="tests.test_iter51_feed_reactions.TestFeedEndpoints" name="test_create_post_empty_text_rejected" time="0.734" /><testcase classname="tests.test_iter51_feed_reactions.TestFeedEndpoints" name="test_create_post_exceeds_max_length" time="0.705" /><testcase classname="tests.test_iter51_feed_reactions.TestFeedEndpoints" name="test_reagir_invalid_reaction_type" time="1.369" /><testcase classname="tests.test_iter51_feed_reactions.TestFeedEndpoints" name="test_reagir_valid_reactions" time="2.891" /><testcase classname="tests.test_iter51_feed_reactions.TestFeedEndpoints" name="test_reagir_toggle_removes_reaction" time="2.091" /><testcase classname="tests.test_iter51_feed_reactions.TestFeedEndpoints" name="test_parabens_endpoint" time="1.384" /><testcase classname="tests.test_iter51_feed_reactions.TestFeedEndpoints" name="test_parabens_post_not_found" time="0.718" /><testcase classname="tests.test_iter51_feed_reactions.TestFeedEndpoints" name="test_add_comment_success" time="1.422" /><testcase classname="tests.test_iter51_feed_reactions.TestFeedEndpoints" name="test_add_comment_empty_rejected" time="1.403" /><testcase classname="tests.test_iter51_feed_reactions.TestFeedEndpoints" name="test_add_comment_exceeds_max_length" time="1.428" /><testcase classname="tests.test_iter51_feed_reactions.TestFeedEndpoints" name="test_get_comments_success" time="3.530" /><testcase classname="tests.test_iter51_feed_reactions.TestFeedEndpoints" name="test_get_trending" time="0.713" /><testcase classname="tests.test_iter51_feed_reactions.TestFeedEndpoints" name="test_get_reacoes_disponiveis" time="0.683" /><testcase classname="tests.test_iter51_feed_reactions.TestFeedEndpoints" name="test_delete_post_success" time="1.374" /><testcase classname="tests.test_iter51_feed_reactions.TestFeedPostStructure" name="test_feed_post_contains_reaction_data" time="3.630" /><testcase classname="tests.test_iter51_feed_reactions.TestFeedPostStructure" name="test_feed_post_contains_comment_count" time="2.850" /></testsuite></testsuites>