<?xml version="1.0" encoding="utf-8"?><testsuites name="pytest tests"><testsuite name="pytest" errors="0" failures="0" skipped="0" tests="20" time="7.942" timestamp="2026-03-25T20:25:56.488023+00:00" hostname="agent-env-9b962405-0d9b-490a-8729-7be0e22f4911"><testcase classname="backend.tests.test_iter78_stripe_pagamentos.TestAuthentication" name="test_01_login_admin" time="0.562" /><testcase classname="backend.tests.test_iter78_stripe_pagamentos.TestAuthentication" name="test_02_login_valid_user" time="0.288" /><testcase classname="backend.tests.test_iter78_stripe_pagamentos.TestAuthentication" name="test_03_login_expired_user" time="0.299" /><testcase classname="backend.tests.test_iter78_stripe_pagamentos.TestMeuPlanoEndpoint" name="test_04_meu_plano_admin" time="0.388" /><testcase classname="backend.tests.test_iter78_stripe_pagamentos.TestMeuPlanoEndpoint" name="test_05_meu_plano_valid_user" time="0.378" /><testcase classname="backend.tests.test_iter78_stripe_pagamentos.TestMeuPlanoEndpoint" name="test_06_meu_plano_expired_user" time="0.361" /><testcase classname="backend.tests.test_iter78_stripe_pagamentos.TestCheckoutEndpoint" name="test_07_checkout_creates_stripe_session" time="1.116" /><testcase classname="backend.tests.test_iter78_stripe_pagamentos.TestCheckoutEndpoint" name="test_08_checkout_requires_auth" time="0.065" /><testcase classname="backend.tests.test_iter78_stripe_pagamentos.TestAccessRestrictions" name="test_09_raio_x_blocked_for_expired" time="0.341" /><testcase classname="backend.tests.test_iter78_stripe_pagamentos.TestAccessRestrictions" name="test_10_raio_x_allowed_for_admin" time="0.370" /><testcase classname="backend.tests.test_iter78_stripe_pagamentos.TestAccessRestrictions" name="test_11_raio_x_allowed_for_valid_user" time="0.365" /><testcase classname="backend.tests.test_iter78_stripe_pagamentos.TestAccessRestrictions" name="test_12_perfil_edit_blocked_for_expired" time="0.377" /><testcase classname="backend.tests.test_iter78_stripe_pagamentos.TestAccessRestrictions" name="test_13_feed_post_blocked_for_expired" time="0.393" /><testcase classname="backend.tests.test_iter78_stripe_pagamentos.TestAccessRestrictions" name="test_14_feed_react_blocked_for_expired" time="0.378" /><testcase classname="backend.tests.test_iter78_stripe_pagamentos.TestAccessRestrictions" name="test_15_feed_comment_blocked_for_expired" time="0.405" /><testcase classname="backend.tests.test_iter78_stripe_pagamentos.TestPublicEndpoints" name="test_16_ranking_nacional_public" time="0.136" /><testcase classname="backend.tests.test_iter78_stripe_pagamentos.TestPublicEndpoints" name="test_17_ranking_nacional_works_for_expired" time="0.474" /><testcase classname="backend.tests.test_iter78_stripe_pagamentos.TestStravaProtection" name="test_18_strava_authorize_blocked_for_expired" time="0.350" /><testcase classname="backend.tests.test_iter78_stripe_pagamentos.TestStoriesProtection" name="test_19_stories_create_blocked_for_expired" time="0.385" /><testcase classname="backend.tests.test_iter78_stripe_pagamentos.TestStoriesProtection" name="test_20_stories_react_blocked_for_expired" time="0.432" /></testsuite></testsuites>