<?xml version="1.0" encoding="utf-8"?><testsuites name="pytest tests"><testsuite name="pytest" errors="0" failures="0" skipped="0" tests="19" time="21.168" timestamp="2026-03-10T19:53:43.196079+00:00" hostname="agent-env-540dbbb1-ded4-42fe-aee1-b7fd8882e6f9"><testcase classname="backend.tests.test_iter29_refactor_validation.TestAuthRoutes" name="test_login_admin_success" time="1.331" /><testcase classname="backend.tests.test_iter29_refactor_validation.TestAuthRoutes" name="test_login_atleta_success" time="1.077" /><testcase classname="backend.tests.test_iter29_refactor_validation.TestAuthRoutes" name="test_auth_me_with_valid_token" time="2.137" /><testcase classname="backend.tests.test_iter29_refactor_validation.TestAuthRoutes" name="test_auth_me_without_token" time="0.655" /><testcase classname="backend.tests.test_iter29_refactor_validation.TestNotificacoesRoutes" name="test_get_notificacoes" time="1.538" /><testcase classname="backend.tests.test_iter29_refactor_validation.TestConquistasRoutes" name="test_get_conquistas" time="1.738" /><testcase classname="backend.tests.test_iter29_refactor_validation.TestConquistasRoutes" name="test_get_conquistas_disponiveis" time="0.657" /><testcase classname="backend.tests.test_iter29_refactor_validation.TestAtletasRoutes" name="test_get_meu_perfil" time="1.540" /><testcase classname="backend.tests.test_iter29_refactor_validation.TestRankingRoutes" name="test_ranking_povao_masculino" time="0.673" /><testcase classname="backend.tests.test_iter29_refactor_validation.TestRankingRoutes" name="test_ranking_povao_feminino" time="0.695" /><testcase classname="backend.tests.test_iter29_refactor_validation.TestRankingRoutes" name="test_ranking_semanal" time="0.662" /><testcase classname="backend.tests.test_iter29_refactor_validation.TestRankingRoutes" name="test_ranking_mensal" time="0.670" /><testcase classname="backend.tests.test_iter29_refactor_validation.TestRankingRoutes" name="test_ranking_destaque_mes" time="0.702" /><testcase classname="backend.tests.test_iter29_refactor_validation.TestAdminRoutes" name="test_admin_pendentes" time="1.541" /><testcase classname="backend.tests.test_iter29_refactor_validation.TestAdminRoutes" name="test_admin_stats" time="1.570" /><testcase classname="backend.tests.test_iter29_refactor_validation.TestAdminRoutes" name="test_admin_atletas" time="1.927" /><testcase classname="backend.tests.test_iter29_refactor_validation.TestPublicEndpoints" name="test_ranking_estados" time="0.658" /><testcase classname="backend.tests.test_iter29_refactor_validation.TestPublicEndpoints" name="test_ranking_faixas_etarias" time="0.649" /><testcase classname="backend.tests.test_iter29_refactor_validation.TestPublicEndpoints" name="test_ranking_equipes" time="0.663" /></testsuite></testsuites>