<?xml version="1.0" encoding="utf-8"?><testsuites name="pytest tests"><testsuite name="pytest" errors="0" failures="0" skipped="0" tests="13" time="4.964" timestamp="2026-04-11T15:49:42.869149+00:00" hostname="agent-env-9b962405-0d9b-490a-8729-7be0e22f4911"><testcase classname="backend.tests.test_iter110_premiacao_enhancements.TestPremiacaoEnhancements" name="test_admin_config_accepts_date_fields" time="1.034" /><testcase classname="backend.tests.test_iter110_premiacao_enhancements.TestPremiacaoEnhancements" name="test_admin_config_get_returns_date_fields" time="0.414" /><testcase classname="backend.tests.test_iter110_premiacao_enhancements.TestPremiacaoEnhancements" name="test_admin_foto_upload_endpoint_exists" time="0.075" /><testcase classname="backend.tests.test_iter110_premiacao_enhancements.TestPremiacaoEnhancements" name="test_admin_foto_upload_with_file" time="0.786" /><testcase classname="backend.tests.test_iter110_premiacao_enhancements.TestPremiacaoEnhancements" name="test_admin_exportar_excel_endpoint_exists" time="0.090" /><testcase classname="backend.tests.test_iter110_premiacao_enhancements.TestPremiacaoEnhancements" name="test_admin_exportar_excel_returns_xlsx" time="0.349" /><testcase classname="backend.tests.test_iter110_premiacao_enhancements.TestPremiacaoEnhancements" name="test_votar_rejects_empty_nome_indicado" time="0.395" /><testcase classname="backend.tests.test_iter110_premiacao_enhancements.TestPremiacaoEnhancements" name="test_votar_rejects_empty_link_indicado" time="0.367" /><testcase classname="backend.tests.test_iter110_premiacao_enhancements.TestPremiacaoEnhancements" name="test_votar_rejects_whitespace_only_link" time="0.379" /><testcase classname="backend.tests.test_iter110_premiacao_enhancements.TestPremiacaoEnhancements" name="test_status_returns_foto_url_field" time="0.091" /><testcase classname="backend.tests.test_iter110_premiacao_enhancements.TestPremiacaoEnhancements" name="test_status_returns_date_fields" time="0.089" /><testcase classname="backend.tests.test_iter110_premiacao_enhancements.TestPremiacaoEnhancements" name="test_status_returns_all_expected_fields" time="0.402" /><testcase classname="backend.tests.test_iter110_premiacao_enhancements.TestVotacaoValidation" name="test_votar_accepts_valid_data" time="0.422" /></testsuite></testsuites>