<?xml version="1.0" encoding="utf-8"?><testsuites name="pytest tests"><testsuite name="pytest" errors="0" failures="0" skipped="0" tests="11" time="8.552" timestamp="2026-03-31T16:43:28.418259+00:00" hostname="agent-env-9b962405-0d9b-490a-8729-7be0e22f4911"><testcase classname="backend.tests.test_backup.TestBackupAuth" name="test_admin_login_success" time="0.564" /><testcase classname="backend.tests.test_backup.TestBackupAuth" name="test_atleta_login_success" time="0.292" /><testcase classname="backend.tests.test_backup.TestBackupSecurity" name="test_atleta_cannot_access_backup_info" time="0.388" /><testcase classname="backend.tests.test_backup.TestBackupSecurity" name="test_atleta_cannot_access_backup_historico" time="0.376" /><testcase classname="backend.tests.test_backup.TestBackupSecurity" name="test_atleta_cannot_create_backup" time="0.476" /><testcase classname="backend.tests.test_backup.TestBackupEndpoints" name="test_get_backup_info" time="0.388" /><testcase classname="backend.tests.test_backup.TestBackupEndpoints" name="test_get_backup_historico" time="0.393" /><testcase classname="backend.tests.test_backup.TestBackupEndpoints" name="test_create_backup_manual" time="2.188" /><testcase classname="backend.tests.test_backup.TestBackupEndpoints" name="test_download_backup" time="0.538" /><testcase classname="backend.tests.test_backup.TestBackupEndpoints" name="test_delete_backup" time="2.411" /><testcase classname="backend.tests.test_backup.TestBackupDownloadWithQueryToken" name="test_download_with_query_token" time="0.465" /></testsuite></testsuites>