<?xml version="1.0" encoding="utf-8"?><testsuites name="pytest tests"><testsuite name="pytest" errors="0" failures="0" skipped="0" tests="15" time="5.581" timestamp="2026-03-31T14:54:10.866653+00:00" hostname="agent-env-9b962405-0d9b-490a-8729-7be0e22f4911"><testcase classname="backend.tests.test_iter96_export_token_query.TestAuthTokenQueryParam" name="test_01_admin_login_returns_token" time="0.609" /><testcase classname="backend.tests.test_iter96_export_token_query.TestAuthTokenQueryParam" name="test_02_auth_still_works_with_bearer_header" time="0.383" /><testcase classname="backend.tests.test_iter96_export_token_query.TestAuthTokenQueryParam" name="test_03_invalid_token_returns_401" time="0.090" /><testcase classname="backend.tests.test_iter96_export_token_query.TestExportWithTokenQueryParam" name="test_04_ranking_export_csv_with_token" time="0.550" /><testcase classname="backend.tests.test_iter96_export_token_query.TestExportWithTokenQueryParam" name="test_05_ranking_export_excel_with_token" time="0.252" /><testcase classname="backend.tests.test_iter96_export_token_query.TestExportWithTokenQueryParam" name="test_06_financeiro_export_excel_with_token" time="0.144" /><testcase classname="backend.tests.test_iter96_export_token_query.TestExportWithTokenQueryParam" name="test_07_financeiro_export_pdf_with_token" time="0.365" /><testcase classname="backend.tests.test_iter96_export_token_query.TestExportWithTokenQueryParam" name="test_08_atletas_export_with_token" time="0.192" /><testcase classname="backend.tests.test_iter96_export_token_query.TestExportWithTokenQueryParam" name="test_09_corridas_export_csv_with_token" time="0.223" /><testcase classname="backend.tests.test_iter96_export_token_query.TestExportWithTokenQueryParam" name="test_10_corridas_export_excel_with_token" time="0.219" /><testcase classname="backend.tests.test_iter96_export_token_query.TestExportWithTokenQueryParam" name="test_11_corridas_template_excel_with_token" time="0.096" /><testcase classname="backend.tests.test_iter96_export_token_query.TestDownloadCSVEndpoint" name="test_12_download_csv_with_form_data" time="0.453" /><testcase classname="backend.tests.test_iter96_export_token_query.TestScrapingManualMode" name="test_13_scraping_buscar_does_not_auto_cadastrar" time="1.470" /><testcase classname="backend.tests.test_iter96_export_token_query.TestScrapingManualMode" name="test_14_scraping_status_endpoint" time="0.142" /><testcase classname="backend.tests.test_iter96_export_token_query.TestAtletaLogin" name="test_15_atleta_login" time="0.316" /></testsuite></testsuites>