<?xml version="1.0" encoding="utf-8"?><testsuites name="pytest tests"><testsuite name="pytest" errors="0" failures="0" skipped="0" tests="17" time="4.995" timestamp="2026-03-20T15:36:58.925896+00:00" hostname="agent-env-8d9a57c9-2862-42a6-850e-eb396bff623f"><testcase classname="backend.tests.test_iter55_comentarios_admin.TestCommentCharacterLimit" name="test_comment_with_201_chars_should_be_rejected" time="0.848" /><testcase classname="backend.tests.test_iter55_comentarios_admin.TestCommentCharacterLimit" name="test_comment_with_exactly_200_chars_should_be_accepted" time="0.193" /><testcase classname="backend.tests.test_iter55_comentarios_admin.TestCommentCharacterLimit" name="test_comment_with_less_than_200_chars_should_be_accepted" time="0.390" /><testcase classname="backend.tests.test_iter55_comentarios_admin.TestAdminFixarComentario" name="test_admin_can_pin_comment" time="0.285" /><testcase classname="backend.tests.test_iter55_comentarios_admin.TestAdminFixarComentario" name="test_admin_can_unpin_comment_toggle" time="0.411" /><testcase classname="backend.tests.test_iter55_comentarios_admin.TestAdminFixarComentario" name="test_non_admin_cannot_pin_comment" time="0.599" /><testcase classname="backend.tests.test_iter55_comentarios_admin.TestAdminExcluirComentario" name="test_admin_can_delete_comment" time="0.259" /><testcase classname="backend.tests.test_iter55_comentarios_admin.TestAdminExcluirComentario" name="test_admin_delete_returns_404_for_nonexistent_comment" time="0.094" /><testcase classname="backend.tests.test_iter55_comentarios_admin.TestAdminBloquearUsuario" name="test_admin_can_block_user" time="0.262" /><testcase classname="backend.tests.test_iter55_comentarios_admin.TestAdminBloquearUsuario" name="test_blocked_user_cannot_comment" time="0.290" /><testcase classname="backend.tests.test_iter55_comentarios_admin.TestAdminBloquearUsuario" name="test_admin_can_unblock_user" time="0.165" /><testcase classname="backend.tests.test_iter55_comentarios_admin.TestAdminBloquearUsuario" name="test_unblocked_user_can_comment_again" time="0.237" /><testcase classname="backend.tests.test_iter55_comentarios_admin.TestAdminListarBloqueados" name="test_admin_can_list_blocked_users" time="0.114" /><testcase classname="backend.tests.test_iter55_comentarios_admin.TestAdminListarBloqueados" name="test_non_admin_cannot_list_blocked_users" time="0.097" /><testcase classname="backend.tests.test_iter55_comentarios_admin.TestAdminLimparTodos" name="test_admin_can_clear_all_comments_preserving_pinned" time="0.506" /><testcase classname="backend.tests.test_iter55_comentarios_admin.TestAdminLimparTodos" name="test_non_admin_cannot_clear_all_comments" time="0.086" /><testcase classname="backend.tests.test_iter55_comentarios_admin.TestSchedulerConfiguration" name="test_scheduler_job_exists_for_sunday_2359" time="0.078" /></testsuite></testsuites>