<?xml version="1.0" encoding="utf-8"?><testsuites name="pytest tests"><testsuite name="pytest" errors="0" failures="0" skipped="0" tests="9" time="8.284" timestamp="2026-03-30T19:05:24.926806+00:00" hostname="agent-env-9b962405-0d9b-490a-8729-7be0e22f4911"><testcase classname="backend.tests.test_iter94_scraping.TestScrapingCorridas" name="test_01_scraping_buscar_ticket_sports" time="1.666" /><testcase classname="backend.tests.test_iter94_scraping.TestScrapingCorridas" name="test_02_anti_duplicidade" time="1.880" /><testcase classname="backend.tests.test_iter94_scraping.TestScrapingCorridas" name="test_03_adicionar_fonte" time="0.324" /><testcase classname="backend.tests.test_iter94_scraping.TestScrapingCorridas" name="test_04_listar_fontes" time="0.381" /><testcase classname="backend.tests.test_iter94_scraping.TestScrapingCorridas" name="test_05_atualizar_todas" time="2.043" /><testcase classname="backend.tests.test_iter94_scraping.TestScrapingCorridas" name="test_06_remover_fonte" time="0.380" /><testcase classname="backend.tests.test_iter94_scraping.TestScrapingCorridas" name="test_07_scraping_status" time="0.361" /><testcase classname="backend.tests.test_iter94_scraping.TestScrapingCorridas" name="test_08_scraping_invalid_url" time="0.313" /><testcase classname="backend.tests.test_iter94_scraping.TestScrapingCorridaFields" name="test_corrida_status_calculation" time="0.864" /></testsuite></testsuites>