<?xml version="1.0" encoding="utf-8"?><testsuites name="pytest tests"><testsuite name="pytest" errors="0" failures="0" skipped="0" tests="5" time="2.357" timestamp="2026-04-06T13:26:15.176537+00:00" hostname="agent-env-9b962405-0d9b-490a-8729-7be0e22f4911"><testcase classname="backend.tests.test_30_dias_rule.Test30DaysRuleBypass" name="test_2026_race_over_30_days_should_be_accepted" time="0.661" /><testcase classname="backend.tests.test_30_dias_rule.Test30DaysRuleBypass" name="test_2025_race_over_30_days_should_be_rejected" time="0.416" /><testcase classname="backend.tests.test_30_dias_rule.Test30DaysRuleBypass" name="test_2027_race_over_30_days_should_be_rejected" time="0.426" /><testcase classname="backend.tests.test_30_dias_rule.Test30DaysRuleBypass" name="test_future_date_should_be_rejected" time="0.385" /><testcase classname="backend.tests.test_30_dias_rule.Test30DaysRuleBypass" name="test_2026_race_within_30_days_should_be_accepted" time="0.409" /></testsuite></testsuites>