<?xml version="1.0" encoding="utf-8"?><testsuites name="pytest tests"><testsuite name="pytest" errors="0" failures="0" skipped="0" tests="11" time="18.140" timestamp="2026-03-03T21:03:26.291592+00:00" hostname="agent-env-08fcde6d-a0c9-4364-a64f-dba3f967ef3e"><testcase classname="backend.tests.test_instagram_ranking_inside_iter11.TestInstagramRankingInside" name="test_instagram_search_endpoint_returns_proper_structure" time="2.175" /><testcase classname="backend.tests.test_instagram_ranking_inside_iter11.TestInstagramRankingInside" name="test_instagram_search_nonexistent_username" time="0.718" /><testcase classname="backend.tests.test_instagram_ranking_inside_iter11.TestInstagramRankingInside" name="test_instagram_analyze_with_bio_clareza_string" time="0.695" /><testcase classname="backend.tests.test_instagram_ranking_inside_iter11.TestInstagramRankingInside" name="test_instagram_analyze_with_bio_clareza_ruim" time="0.683" /><testcase classname="backend.tests.test_instagram_ranking_inside_iter11.TestInstagramRankingInside" name="test_instagram_analyze_with_bio_clareza_boa" time="0.668" /><testcase classname="backend.tests.test_instagram_ranking_inside_iter11.TestInstagramRankingInside" name="test_list_instagram_analyses" time="1.504" /><testcase classname="backend.tests.test_instagram_ranking_inside_iter11.TestInstagramRankingInside" name="test_get_single_analysis_with_graphs" time="1.449" /><testcase classname="backend.tests.test_instagram_ranking_inside_iter11.TestInstagramRankingInside" name="test_delete_analysis" time="2.046" /><testcase classname="backend.tests.test_instagram_ranking_inside_iter11.TestInstagramRankingInside" name="test_validation_error_handling" time="0.683" /><testcase classname="backend.tests.test_instagram_ranking_inside_iter11.TestInstagramExport" name="test_export_xlsx" time="2.329" /><testcase classname="backend.tests.test_instagram_ranking_inside_iter11.TestInstagramExport" name="test_export_csv" time="5.096" /></testsuite></testsuites>