<?xml version="1.0" encoding="utf-8"?><testsuites name="pytest tests"><testsuite name="pytest" errors="0" failures="0" skipped="0" tests="18" time="1.778" timestamp="2026-04-13T00:52:09.637009+00:00" hostname="agent-env-9b962405-0d9b-490a-8729-7be0e22f4911"><testcase classname="backend.tests.test_iter117_hall_da_fama.TestTemporadasHistorico" name="test_historico_returns_200" time="0.277" /><testcase classname="backend.tests.test_iter117_hall_da_fama.TestTemporadasHistorico" name="test_historico_returns_temporadas_list" time="0.087" /><testcase classname="backend.tests.test_iter117_hall_da_fama.TestTemporadasHistorico" name="test_historico_contains_finalized_season_2025" time="0.092" /><testcase classname="backend.tests.test_iter117_hall_da_fama.TestTemporadasHistorico" name="test_historico_season_has_required_fields" time="0.097" /><testcase classname="backend.tests.test_iter117_hall_da_fama.TestRankingFinal" name="test_ranking_final_2025_returns_200" time="0.064" /><testcase classname="backend.tests.test_iter117_hall_da_fama.TestRankingFinal" name="test_ranking_final_contains_all_categories" time="0.086" /><testcase classname="backend.tests.test_iter117_hall_da_fama.TestRankingFinal" name="test_ranking_profissional_has_masculino_feminino" time="0.093" /><testcase classname="backend.tests.test_iter117_hall_da_fama.TestRankingFinal" name="test_ranking_profissional_has_atletas" time="0.085" /><testcase classname="backend.tests.test_iter117_hall_da_fama.TestRankingFinal" name="test_ranking_galera_has_masculino_feminino" time="0.085" /><testcase classname="backend.tests.test_iter117_hall_da_fama.TestRankingFinal" name="test_ranking_galera_has_atletas_with_pontos_povao" time="0.100" /><testcase classname="backend.tests.test_iter117_hall_da_fama.TestRankingFinal" name="test_ranking_corridas_has_required_fields" time="0.113" /><testcase classname="backend.tests.test_iter117_hall_da_fama.TestRankingFinal" name="test_ranking_final_has_season_metadata" time="0.077" /><testcase classname="backend.tests.test_iter117_hall_da_fama.TestRankingFinal" name="test_ranking_final_nonexistent_season_returns_404" time="0.067" /><testcase classname="backend.tests.test_iter117_hall_da_fama.TestHallDaFamaDataIntegrity" name="test_top_5_profissional_masculino" time="0.084" /><testcase classname="backend.tests.test_iter117_hall_da_fama.TestHallDaFamaDataIntegrity" name="test_top_5_profissional_feminino" time="0.085" /><testcase classname="backend.tests.test_iter117_hall_da_fama.TestHallDaFamaDataIntegrity" name="test_top_5_galera_masculino" time="0.073" /><testcase classname="backend.tests.test_iter117_hall_da_fama.TestHallDaFamaDataIntegrity" name="test_top_5_galera_feminino" time="0.077" /><testcase classname="backend.tests.test_iter117_hall_da_fama.TestHallDaFamaDataIntegrity" name="test_corridas_avaliadas_has_ratings" time="0.066" /></testsuite></testsuites>