<?xml version="1.0" encoding="utf-8"?><testsuites name="pytest tests"><testsuite name="pytest" errors="0" failures="0" skipped="0" tests="13" time="16.351" timestamp="2026-03-10T20:37:19.547679+00:00" hostname="agent-env-540dbbb1-ded4-42fe-aee1-b7fd8882e6f9"><testcase classname="backend.tests.test_iter30_monitoring.TestPublicHealthEndpoints" name="test_health_check_basic" time="1.274" /><testcase classname="backend.tests.test_iter30_monitoring.TestPublicHealthEndpoints" name="test_health_check_detailed" time="0.858" /><testcase classname="backend.tests.test_iter30_monitoring.TestPublicHealthEndpoints" name="test_health_check_no_sensitive_data" time="0.859" /><testcase classname="backend.tests.test_iter30_monitoring.TestAdminMonitoringEndpoints" name="test_monitoring_dashboard_requires_auth" time="0.655" /><testcase classname="backend.tests.test_iter30_monitoring.TestAdminMonitoringEndpoints" name="test_monitoring_dashboard_success" time="1.973" /><testcase classname="backend.tests.test_iter30_monitoring.TestAdminMonitoringEndpoints" name="test_monitoring_alerts_success" time="0.771" /><testcase classname="backend.tests.test_iter30_monitoring.TestAdminMonitoringEndpoints" name="test_monitoring_alerts_requires_auth" time="0.666" /><testcase classname="backend.tests.test_iter30_monitoring.TestAdminMonitoringEndpoints" name="test_test_alert_requires_auth" time="0.675" /><testcase classname="backend.tests.test_iter30_monitoring.TestAdminMonitoringEndpoints" name="test_test_alert_endpoint" time="1.273" /><testcase classname="backend.tests.test_iter30_monitoring.TestAdminMonitoringEndpoints" name="test_monitoring_dashboard_slowest_endpoints" time="0.890" /><testcase classname="backend.tests.test_iter30_monitoring.TestAdminMonitoringEndpoints" name="test_history_data_structure" time="0.896" /><testcase classname="backend.tests.test_iter30_monitoring.TestMonitoringMetricsIntegration" name="test_metrics_increment_on_requests" time="3.739" /><testcase classname="backend.tests.test_iter30_monitoring.TestMonitoringMetricsIntegration" name="test_status_codes_tracked" time="1.736" /></testsuite></testsuites>