<?xml version="1.0" encoding="utf-8"?><testsuites name="pytest tests"><testsuite name="pytest" errors="0" failures="0" skipped="0" tests="15" time="5.939" timestamp="2026-03-27T15:37:50.920664+00:00" hostname="agent-env-9b962405-0d9b-490a-8729-7be0e22f4911"><testcase classname="backend.tests.test_iter84_financeiro.TestFinanceiroAPI" name="test_01_financeiro_requires_auth" time="0.555" /><testcase classname="backend.tests.test_iter84_financeiro.TestFinanceiroAPI" name="test_02_financeiro_rejects_non_admin" time="0.426" /><testcase classname="backend.tests.test_iter84_financeiro.TestFinanceiroAPI" name="test_03_financeiro_allows_admin" time="0.359" /><testcase classname="backend.tests.test_iter84_financeiro.TestFinanceiroAPI" name="test_04_response_has_totais_section" time="0.610" /><testcase classname="backend.tests.test_iter84_financeiro.TestFinanceiroAPI" name="test_05_response_has_distribuicao_gateway" time="0.405" /><testcase classname="backend.tests.test_iter84_financeiro.TestFinanceiroAPI" name="test_06_response_has_receita_diaria" time="0.335" /><testcase classname="backend.tests.test_iter84_financeiro.TestFinanceiroAPI" name="test_07_response_has_receita_mensal" time="0.362" /><testcase classname="backend.tests.test_iter84_financeiro.TestFinanceiroAPI" name="test_08_response_has_transacoes_recentes" time="0.372" /><testcase classname="backend.tests.test_iter84_financeiro.TestFinanceiroAPI" name="test_09_transacoes_recentes_structure" time="0.353" /><testcase classname="backend.tests.test_iter84_financeiro.TestFinanceiroAPI" name="test_10_totais_numeric_values" time="0.355" /><testcase classname="backend.tests.test_iter84_financeiro.TestFinanceiroAPI" name="test_11_receita_values_non_negative" time="0.339" /><testcase classname="backend.tests.test_iter84_financeiro.TestFinanceiroAPI" name="test_12_gateway_distribution_consistency" time="0.319" /><testcase classname="backend.tests.test_iter84_financeiro.TestFinanceiroAPI" name="test_13_receita_diaria_date_format" time="0.335" /><testcase classname="backend.tests.test_iter84_financeiro.TestFinanceiroAPI" name="test_14_receita_mensal_month_format" time="0.361" /><testcase classname="backend.tests.test_iter84_financeiro.TestFinanceiroAPI" name="test_15_transacoes_sorted_by_date_desc" time="0.372" /></testsuite></testsuites>