<?xml version="1.0" encoding="utf-8"?><testsuites name="pytest tests"><testsuite name="pytest" errors="0" failures="0" skipped="0" tests="14" time="2.834" timestamp="2026-03-04T08:36:51.079868+00:00" hostname="agent-env-1d570f1d-a331-4b01-a788-f065058a5074"><testcase classname="backend.tests.test_bloco_b.TestLigaRankingPeriodTabs" name="test_ranking_tipo_mensal" time="0.325" /><testcase classname="backend.tests.test_bloco_b.TestLigaRankingPeriodTabs" name="test_ranking_tipo_anual" time="0.104" /><testcase classname="backend.tests.test_bloco_b.TestLigaRankingPeriodTabs" name="test_ranking_tipo_historico" time="0.094" /><testcase classname="backend.tests.test_bloco_b.TestLigaRankingPeriodTabs" name="test_ranking_has_tiebreaker_fields" time="0.085" /><testcase classname="backend.tests.test_bloco_b.TestAssessoriaPublicPage" name="test_assessoria_endpoint_returns_data" time="0.164" /><testcase classname="backend.tests.test_bloco_b.TestAssessoriaPublicPage" name="test_assessoria_has_required_stats" time="0.174" /><testcase classname="backend.tests.test_bloco_b.TestAssessoriaPublicPage" name="test_assessoria_evolucao_mensal" time="0.164" /><testcase classname="backend.tests.test_bloco_b.TestAssessoriaPublicPage" name="test_assessoria_not_found" time="0.101" /><testcase classname="backend.tests.test_bloco_b.TestDonoAssessoriaDashboard" name="test_dono_assessoria_role_exists" time="0.431" /><testcase classname="backend.tests.test_bloco_b.TestDonoAssessoriaDashboard" name="test_minha_assessoria_route_needs_auth" time="0.081" /><testcase classname="backend.tests.test_bloco_b.TestPopularDadosTeste" name="test_atletas_count" time="0.392" /><testcase classname="backend.tests.test_bloco_b.TestPopularDadosTeste" name="test_corridas_exist" time="0.436" /><testcase classname="backend.tests.test_bloco_b.TestPopularDadosTeste" name="test_assessorias_from_test_data" time="0.093" /><testcase classname="backend.tests.test_bloco_b.TestLigaStats" name="test_stats_endpoint" time="0.080" /></testsuite></testsuites>