<?xml version="1.0" encoding="utf-8"?><testsuites name="pytest tests"><testsuite name="pytest" errors="0" failures="0" skipped="0" tests="16" time="5.973" timestamp="2026-04-10T00:21:28.419569+00:00" hostname="agent-env-9b962405-0d9b-490a-8729-7be0e22f4911"><testcase classname="backend.tests.test_iter109_premiacao.TestPremiacaoPublicEndpoints" name="test_get_status_votacao" time="0.269" /><testcase classname="backend.tests.test_iter109_premiacao.TestPremiacaoPublicEndpoints" name="test_get_categorias_publico" time="0.288" /><testcase classname="backend.tests.test_iter109_premiacao.TestPremiacaoPublicEndpoints" name="test_resultados_publicos_returns_403_when_voting_open" time="0.157" /><testcase classname="backend.tests.test_iter109_premiacao.TestPremiacaoAtletaEndpoints" name="test_get_meus_votos_authenticated" time="0.392" /><testcase classname="backend.tests.test_iter109_premiacao.TestPremiacaoAtletaEndpoints" name="test_get_meus_votos_unauthenticated" time="0.070" /><testcase classname="backend.tests.test_iter109_premiacao.TestPremiacaoAtletaEndpoints" name="test_votar_unauthenticated" time="0.059" /><testcase classname="backend.tests.test_iter109_premiacao.TestPremiacaoAtletaEndpoints" name="test_votar_authenticated" time="0.493" /><testcase classname="backend.tests.test_iter109_premiacao.TestPremiacaoAtletaEndpoints" name="test_votar_invalid_category" time="0.447" /><testcase classname="backend.tests.test_iter109_premiacao.TestPremiacaoAtletaEndpoints" name="test_votar_empty_nominee" time="0.505" /><testcase classname="backend.tests.test_iter109_premiacao.TestPremiacaoAdminEndpoints" name="test_get_admin_config" time="0.381" /><testcase classname="backend.tests.test_iter109_premiacao.TestPremiacaoAdminEndpoints" name="test_get_admin_config_unauthenticated" time="0.072" /><testcase classname="backend.tests.test_iter109_premiacao.TestPremiacaoAdminEndpoints" name="test_get_admin_categorias" time="0.370" /><testcase classname="backend.tests.test_iter109_premiacao.TestPremiacaoAdminEndpoints" name="test_create_categoria" time="0.415" /><testcase classname="backend.tests.test_iter109_premiacao.TestPremiacaoAdminEndpoints" name="test_get_admin_resultados" time="0.356" /><testcase classname="backend.tests.test_iter109_premiacao.TestPremiacaoAdminEndpoints" name="test_abrir_fechar_votacao" time="0.571" /><testcase classname="backend.tests.test_iter109_premiacao.TestPremiacaoIntegration" name="test_full_voting_flow" time="1.049" /></testsuite></testsuites>