<?xml version="1.0" encoding="utf-8"?><testsuites name="pytest tests"><testsuite name="pytest" errors="0" failures="0" skipped="0" tests="10" time="4.520" timestamp="2026-04-07T16:23:30.306103+00:00" hostname="agent-env-9b962405-0d9b-490a-8729-7be0e22f4911"><testcase classname="backend.tests.test_iter104_instagram_social_blade.TestInstagramSocialBlade" name="test_01_list_analyses_endpoint" time="0.439" /><testcase classname="backend.tests.test_iter104_instagram_social_blade.TestInstagramSocialBlade" name="test_02_create_analysis_with_all_fields" time="0.414" /><testcase classname="backend.tests.test_iter104_instagram_social_blade.TestInstagramSocialBlade" name="test_03_get_single_analysis_with_graficos" time="0.396" /><testcase classname="backend.tests.test_iter104_instagram_social_blade.TestInstagramSocialBlade" name="test_04_verify_formula_calculations" time="0.418" /><testcase classname="backend.tests.test_iter104_instagram_social_blade.TestInstagramSocialBlade" name="test_05_delete_analysis" time="0.485" /><testcase classname="backend.tests.test_iter104_instagram_social_blade.TestInstagramSocialBlade" name="test_06_upload_foto_endpoint" time="0.406" /><testcase classname="backend.tests.test_iter104_instagram_social_blade.TestInstagramSocialBlade" name="test_07_create_analysis_with_foto" time="0.557" /><testcase classname="backend.tests.test_iter104_instagram_social_blade.TestInstagramSocialBlade" name="test_08_export_xlsx_endpoint" time="0.504" /><testcase classname="backend.tests.test_iter104_instagram_social_blade.TestInstagramSocialBlade" name="test_09_export_csv_endpoint" time="0.450" /><testcase classname="backend.tests.test_iter104_instagram_social_blade.TestInstagramSocialBlade" name="test_10_score_grades_calculation" time="0.381" /></testsuite></testsuites>