<?xml version="1.0" encoding="utf-8"?><testsuites name="pytest tests"><testsuite name="pytest" errors="0" failures="0" skipped="0" tests="11" time="3.142" timestamp="2026-03-24T19:04:56.085365+00:00" hostname="agent-env-9b962405-0d9b-490a-8729-7be0e22f4911"><testcase classname="backend.tests.test_iter69_websocket_testid.TestWebSocketFix" name="test_admin_login_success" time="0.335" /><testcase classname="backend.tests.test_iter69_websocket_testid.TestWebSocketFix" name="test_atleta_login_success" time="0.299" /><testcase classname="backend.tests.test_iter69_websocket_testid.TestWebSocketFix" name="test_websocket_status_endpoint" time="0.385" /><testcase classname="backend.tests.test_iter69_websocket_testid.TestWebSocketFix" name="test_websocket_unread_count" time="0.352" /><testcase classname="backend.tests.test_iter69_websocket_testid.TestWebSocketFix" name="test_websocket_test_notification" time="0.369" /><testcase classname="backend.tests.test_iter69_websocket_testid.TestRaioXEndpoint" name="test_raio_x_completo_endpoint" time="0.394" /><testcase classname="backend.tests.test_iter69_websocket_testid.TestStravaEndpoints" name="test_strava_classificacao" time="0.061" /><testcase classname="backend.tests.test_iter69_websocket_testid.TestStravaEndpoints" name="test_strava_lideres" time="0.062" /><testcase classname="backend.tests.test_iter69_websocket_testid.TestStravaEndpoints" name="test_strava_membros" time="0.076" /><testcase classname="backend.tests.test_iter69_websocket_testid.TestAdminDashboard" name="test_admin_stats" time="0.368" /><testcase classname="backend.tests.test_iter69_websocket_testid.TestAdminDashboard" name="test_engajamento_endpoint" time="0.385" /></testsuite></testsuites>