<?xml version="1.0" encoding="utf-8"?><testsuites name="pytest tests"><testsuite name="pytest" errors="0" failures="0" skipped="0" tests="19" time="3.107" timestamp="2026-03-11T20:55:04.178256+00:00" hostname="agent-env-318bbd5b-6f08-412a-adbf-bdbef194a19a"><testcase classname="backend.tests.test_iter33_badges_gamification.TestBadgesListEndpoint" name="test_badges_lista_returns_all_13_badges" time="0.290" /><testcase classname="backend.tests.test_iter33_badges_gamification.TestBadgesListEndpoint" name="test_badges_lista_categories" time="0.278" /><testcase classname="backend.tests.test_iter33_badges_gamification.TestBadgesListEndpoint" name="test_badges_lista_structure" time="0.093" /><testcase classname="backend.tests.test_iter33_badges_gamification.TestBadgesListEndpoint" name="test_badges_lista_specific_badges" time="0.076" /><testcase classname="backend.tests.test_iter33_badges_gamification.TestBadgesAtletaEndpoint" name="test_badges_atleta_for_top_athlete" time="0.125" /><testcase classname="backend.tests.test_iter33_badges_gamification.TestBadgesAtletaEndpoint" name="test_atleta_elite_badge_conquistado" time="0.083" /><testcase classname="backend.tests.test_iter33_badges_gamification.TestBadgesAtletaEndpoint" name="test_podio_badge_conquistado" time="0.079" /><testcase classname="backend.tests.test_iter33_badges_gamification.TestBadgesAtletaEndpoint" name="test_iniciante_badge_conquistado" time="0.097" /><testcase classname="backend.tests.test_iter33_badges_gamification.TestBadgesAtletaEndpoint" name="test_badges_not_conquistado_correctly_marked" time="0.095" /><testcase classname="backend.tests.test_iter33_badges_gamification.TestBadgesAtletaEndpoint" name="test_badges_atleta_404_for_invalid_id" time="0.074" /><testcase classname="backend.tests.test_iter33_badges_gamification.TestBadgesCardCompartilhamento" name="test_card_compartilhamento_success" time="0.073" /><testcase classname="backend.tests.test_iter33_badges_gamification.TestBadgesCardCompartilhamento" name="test_card_compartilhamento_atleta_data" time="0.074" /><testcase classname="backend.tests.test_iter33_badges_gamification.TestBadgesCardCompartilhamento" name="test_card_compartilhamento_stats" time="0.077" /><testcase classname="backend.tests.test_iter33_badges_gamification.TestPovaoResultSubmission" name="test_povao_user_login" time="0.314" /><testcase classname="backend.tests.test_iter33_badges_gamification.TestPovaoResultSubmission" name="test_povao_user_modalidade" time="0.390" /><testcase classname="backend.tests.test_iter33_badges_gamification.TestPovaoResultSubmission" name="test_povao_result_submission_without_colocacao" time="0.368" /><testcase classname="backend.tests.test_iter33_badges_gamification.TestBadgesRanking" name="test_ranking_badges_endpoint" time="0.080" /><testcase classname="backend.tests.test_iter33_badges_gamification.TestHealthAndBasicEndpoints" name="test_health_endpoint" time="0.280" /><testcase classname="backend.tests.test_iter33_badges_gamification.TestHealthAndBasicEndpoints" name="test_ranking_categoria_masculino" time="0.088" /></testsuite></testsuites>