<?xml version="1.0" encoding="utf-8"?><testsuites name="pytest tests"><testsuite name="pytest" errors="0" failures="0" skipped="0" tests="10" time="20.769" timestamp="2026-03-24T03:02:29.059763+00:00" hostname="agent-env-f43b0233-07f2-415a-a694-fbedaf1f56e3"><testcase classname="backend.tests.test_iter62_ranking_cidade_overlap.TestRankingCidadeZeroOverlap" name="test_api_health" time="1.165" /><testcase classname="backend.tests.test_iter62_ranking_cidade_overlap.TestRankingCidadeZeroOverlap" name="test_taguatinga_df_masculino_zero_overlap" time="1.443" /><testcase classname="backend.tests.test_iter62_ranking_cidade_overlap.TestRankingCidadeZeroOverlap" name="test_salvador_ba_feminino_zero_overlap" time="1.608" /><testcase classname="backend.tests.test_iter62_ranking_cidade_overlap.TestRankingCidadeZeroOverlap" name="test_sao_paulo_sp_masculino_zero_overlap" time="1.448" /><testcase classname="backend.tests.test_iter62_ranking_cidade_overlap.TestRankingCidadeZeroOverlap" name="test_rio_de_janeiro_rj_masculino_zero_overlap" time="1.450" /><testcase classname="backend.tests.test_iter62_ranking_cidade_overlap.TestRankingCidadeZeroOverlap" name="test_recife_pe_masculino_zero_overlap" time="1.372" /><testcase classname="backend.tests.test_iter62_ranking_cidade_overlap.TestRankingCidadeZeroOverlap" name="test_belo_horizonte_mg_masculino_zero_overlap" time="1.435" /><testcase classname="backend.tests.test_iter62_ranking_cidade_overlap.TestRankingCidadeZeroOverlap" name="test_taguatinga_df_expected_athletes" time="1.440" /><testcase classname="backend.tests.test_iter62_ranking_cidade_overlap.TestRankingCidadeZeroOverlap" name="test_multiple_cities_feminino_zero_overlap" time="8.641" /><testcase classname="backend.tests.test_iter62_ranking_cidade_overlap.TestRankingCidadeZeroOverlap" name="test_response_structure" time="0.718" /></testsuite></testsuites>