<?xml version="1.0" encoding="utf-8"?><testsuites name="pytest tests"><testsuite name="pytest" errors="0" failures="0" skipped="0" tests="21" time="27.581" timestamp="2026-03-10T21:30:33.905302+00:00" hostname="agent-env-540dbbb1-ded4-42fe-aee1-b7fd8882e6f9"><testcase classname="tests.test_iter32_celery_modules.TestAuthentication" name="test_admin_login" time="1.115" /><testcase classname="tests.test_iter32_celery_modules.TestCeleryStatus" name="test_celery_status_endpoint" time="5.798" /><testcase classname="tests.test_iter32_celery_modules.TestCeleryStatus" name="test_celery_status_requires_auth" time="0.692" /><testcase classname="tests.test_iter32_celery_modules.TestCeleryTasks" name="test_dispatch_recalcular_ranking_task" time="1.759" /><testcase classname="tests.test_iter32_celery_modules.TestCeleryTasks" name="test_get_task_status" time="1.310" /><testcase classname="tests.test_iter32_celery_modules.TestCeleryTasks" name="test_list_active_tasks" time="3.663" /><testcase classname="tests.test_iter32_celery_modules.TestCorridasEventos" name="test_get_corridas_eventos_list" time="0.679" /><testcase classname="tests.test_iter32_celery_modules.TestCorridasEventos" name="test_get_corridas_eventos_with_filters" time="0.639" /><testcase classname="tests.test_iter32_celery_modules.TestCorridasEventos" name="test_get_ranking_corridas" time="0.867" /><testcase classname="tests.test_iter32_celery_modules.TestCorridasEventos" name="test_get_ranking_corridas_estadual" time="0.645" /><testcase classname="tests.test_iter32_celery_modules.TestAniversariantes" name="test_get_aniversariantes_hoje" time="1.553" /><testcase classname="tests.test_iter32_celery_modules.TestAniversariantes" name="test_get_aniversariantes_mes" time="0.655" /><testcase classname="tests.test_iter32_celery_modules.TestAniversariantes" name="test_get_aniversariantes_mes_with_params" time="0.687" /><testcase classname="tests.test_iter32_celery_modules.TestAniversariantes" name="test_aniversariantes_requires_auth" time="0.660" /><testcase classname="tests.test_iter32_celery_modules.TestInstagramStats" name="test_get_instagram_stats" time="1.526" /><testcase classname="tests.test_iter32_celery_modules.TestInstagramStats" name="test_get_instagram_ranking" time="0.648" /><testcase classname="tests.test_iter32_celery_modules.TestInstagramStats" name="test_instagram_stats_requires_auth" time="0.647" /><testcase classname="tests.test_iter32_celery_modules.TestRefactoredModulesIntegration" name="test_admin_stats_endpoint" time="1.542" /><testcase classname="tests.test_iter32_celery_modules.TestRefactoredModulesIntegration" name="test_admin_pendentes_endpoint" time="0.871" /><testcase classname="tests.test_iter32_celery_modules.TestRefactoredModulesIntegration" name="test_monitoring_health" time="0.881" /><testcase classname="tests.test_iter32_celery_modules.TestRefactoredModulesIntegration" name="test_cache_stats" time="0.657" /></testsuite></testsuites>