<?xml version="1.0" encoding="utf-8"?><testsuites name="pytest tests"><testsuite name="pytest" errors="0" failures="0" skipped="0" tests="13" time="18.773" timestamp="2026-03-19T03:17:31.706982+00:00" hostname="agent-env-e8085c19-f325-45b7-a23c-6e3d1e6e9d84"><testcase classname="tests.test_iter46_bugfixes.TestAuthentication" name="test_login_success" time="1.191" /><testcase classname="tests.test_iter46_bugfixes.TestRankingEstadualBugFix" name="test_assessoria_posicao_estadual_not_none" time="1.805" /><testcase classname="tests.test_iter46_bugfixes.TestRankingEstadualBugFix" name="test_assessoria_cafav_posicao_estadual_is_1" time="0.709" /><testcase classname="tests.test_iter46_bugfixes.TestRankingEstadualBugFix" name="test_ranking_estadual_endpoint" time="0.731" /><testcase classname="tests.test_iter46_bugfixes.TestFeedCommentsEndpoints" name="test_add_comentario" time="2.339" /><testcase classname="tests.test_iter46_bugfixes.TestFeedCommentsEndpoints" name="test_add_comentario_empty_text" time="0.716" /><testcase classname="tests.test_iter46_bugfixes.TestFeedCommentsEndpoints" name="test_add_comentario_too_long" time="0.708" /><testcase classname="tests.test_iter46_bugfixes.TestFeedCommentsEndpoints" name="test_get_comentarios" time="1.386" /><testcase classname="tests.test_iter46_bugfixes.TestFeedCommentsEndpoints" name="test_delete_comentario" time="1.449" /><testcase classname="tests.test_iter46_bugfixes.TestFeedCommentsEndpoints" name="test_delete_comentario_not_found" time="0.718" /><testcase classname="tests.test_iter46_bugfixes.TestFeedResponseStructure" name="test_feed_includes_comentarios_fields" time="1.584" /><testcase classname="tests.test_iter46_bugfixes.TestImageUploadRemoved" name="test_image_upload_endpoint_removed" time="2.346" /><testcase classname="tests.test_iter46_bugfixes.TestCleanup" name="test_cleanup_test_posts" time="3.021" /></testsuite></testsuites>