<?xml version="1.0" encoding="utf-8"?><testsuites name="pytest tests"><testsuite name="pytest" errors="0" failures="0" skipped="0" tests="23" time="25.046" timestamp="2026-03-19T02:23:45.716245+00:00" hostname="agent-env-e8085c19-f325-45b7-a23c-6e3d1e6e9d84"><testcase classname="backend.tests.test_iter44_reactions.TestAuthentication" name="test_login_success" time="1.176" /><testcase classname="backend.tests.test_iter44_reactions.TestFeedReactionsSystem" name="test_get_reacoes_disponiveis" time="1.731" /><testcase classname="backend.tests.test_iter44_reactions.TestFeedReactionsSystem" name="test_get_feed_requires_auth" time="0.856" /><testcase classname="backend.tests.test_iter44_reactions.TestFeedReactionsSystem" name="test_get_feed_with_auth" time="0.695" /><testcase classname="backend.tests.test_iter44_reactions.TestFeedReactionsSystem" name="test_create_post_for_reaction_test" time="0.632" /><testcase classname="backend.tests.test_iter44_reactions.TestFeedReactionsSystem" name="test_reagir_post_add_reaction" time="1.312" /><testcase classname="backend.tests.test_iter44_reactions.TestFeedReactionsSystem" name="test_reagir_post_change_reaction" time="1.971" /><testcase classname="backend.tests.test_iter44_reactions.TestFeedReactionsSystem" name="test_reagir_post_remove_reaction" time="1.933" /><testcase classname="backend.tests.test_iter44_reactions.TestFeedReactionsSystem" name="test_reagir_invalid_reaction_type" time="1.283" /><testcase classname="backend.tests.test_iter44_reactions.TestFeedReactionsSystem" name="test_get_reacoes_post" time="2.059" /><testcase classname="backend.tests.test_iter44_reactions.TestLigaAssessorias" name="test_get_estados_com_assessorias" time="0.700" /><testcase classname="backend.tests.test_iter44_reactions.TestLigaAssessorias" name="test_get_cidades_com_assessorias" time="0.698" /><testcase classname="backend.tests.test_iter44_reactions.TestLigaAssessorias" name="test_get_cidades_with_estado_filter" time="1.371" /><testcase classname="backend.tests.test_iter44_reactions.TestGraficosAvancados" name="test_graficos_avancados_requires_auth" time="0.687" /><testcase classname="backend.tests.test_iter44_reactions.TestGraficosAvancados" name="test_graficos_avancados_with_auth" time="1.617" /><testcase classname="backend.tests.test_iter44_reactions.TestRankingCorridas" name="test_get_ranking_corridas" time="0.721" /><testcase classname="backend.tests.test_iter44_reactions.TestRankingCorridas" name="test_get_ranking_corridas_nacional" time="0.757" /><testcase classname="backend.tests.test_iter44_reactions.TestRankingCorridas" name="test_get_ranking_corridas_estadual" time="1.425" /><testcase classname="backend.tests.test_iter44_reactions.TestRankingCorridas" name="test_get_ranking_corridas_stats" time="0.706" /><testcase classname="backend.tests.test_iter44_reactions.TestRankingCorridas" name="test_get_estados_com_corridas" time="0.675" /><testcase classname="backend.tests.test_iter44_reactions.TestRankingCorridas" name="test_get_cidades_com_corridas" time="0.665" /><testcase classname="backend.tests.test_iter44_reactions.TestFeedTrending" name="test_get_trending" time="0.642" /><testcase classname="backend.tests.test_iter44_reactions.TestFeedCodeReview" name="test_feed_posts_have_reaction_fields" time="0.642" /></testsuite></testsuites>