<?xml version="1.0" encoding="utf-8"?><testsuites name="pytest tests"><testsuite name="pytest" errors="0" failures="0" skipped="0" tests="26" time="91.627" timestamp="2026-03-19T15:54:47.139602+00:00" hostname="agent-env-d3a8b0d4-9a0c-48a2-95cb-e576693f1e00"><testcase classname="tests.test_iter49_pontuacao_corrigida.TestCalcularPontosColocacao" name="test_normal_first_place_10_points" time="0.701" /><testcase classname="tests.test_iter49_pontuacao_corrigida.TestCalcularPontosColocacao" name="test_normal_second_place_9_points" time="0.000" /><testcase classname="tests.test_iter49_pontuacao_corrigida.TestCalcularPontosColocacao" name="test_normal_third_place_8_points" time="0.000" /><testcase classname="tests.test_iter49_pontuacao_corrigida.TestCalcularPontosColocacao" name="test_normal_full_table" time="0.000" /><testcase classname="tests.test_iter49_pontuacao_corrigida.TestCalcularPontosColocacao" name="test_normal_beyond_10th_place_zero_points" time="0.000" /><testcase classname="tests.test_iter49_pontuacao_corrigida.TestCalcularPontosColocacao" name="test_pcd_first_place_10_points" time="0.000" /><testcase classname="tests.test_iter49_pontuacao_corrigida.TestCalcularPontosColocacao" name="test_pcd_second_place_9_points" time="0.000" /><testcase classname="tests.test_iter49_pontuacao_corrigida.TestCalcularPontosColocacao" name="test_pcd_third_place_8_points" time="0.000" /><testcase classname="tests.test_iter49_pontuacao_corrigida.TestCalcularPontosColocacao" name="test_pcd_fourth_place_zero_points" time="0.000" /><testcase classname="tests.test_iter49_pontuacao_corrigida.TestCalcularPontosColocacao" name="test_cadeirante_same_as_pcd" time="0.000" /><testcase classname="tests.test_iter49_pontuacao_corrigida.TestCalcularPontosPovao" name="test_povao_5km_5_points" time="0.000" /><testcase classname="tests.test_iter49_pontuacao_corrigida.TestCalcularPontosPovao" name="test_povao_9km_5_points" time="0.000" /><testcase classname="tests.test_iter49_pontuacao_corrigida.TestCalcularPontosPovao" name="test_povao_10km_7_points" time="0.000" /><testcase classname="tests.test_iter49_pontuacao_corrigida.TestCalcularPontosPovao" name="test_povao_20km_7_points" time="0.000" /><testcase classname="tests.test_iter49_pontuacao_corrigida.TestCalcularPontosPovao" name="test_povao_21km_9_points" time="0.000" /><testcase classname="tests.test_iter49_pontuacao_corrigida.TestCalcularPontosPovao" name="test_povao_42km_9_points" time="0.000" /><testcase classname="tests.test_iter49_pontuacao_corrigida.TestCalcularPontosPovao" name="test_povao_less_than_5km_zero_points" time="0.000" /><testcase classname="tests.test_iter49_pontuacao_corrigida.TestRankingAssessoriasAPI" name="test_ranking_endpoint_accessible" time="10.083" /><testcase classname="tests.test_iter49_pontuacao_corrigida.TestRankingAssessoriasAPI" name="test_ranking_returns_expected_structure" time="7.369" /><testcase classname="tests.test_iter49_pontuacao_corrigida.TestRankingAssessoriasAPI" name="test_ranking_assessorias_have_correct_point_fields" time="3.676" /><testcase classname="tests.test_iter49_pontuacao_corrigida.TestRankingAssessoriasAPI" name="test_top_run_assessoria_points_reasonable" time="9.060" /><testcase classname="tests.test_iter49_pontuacao_corrigida.TestAssessoriaDetailsAPI" name="test_assessoria_details_endpoint" time="24.338" /><testcase classname="tests.test_iter49_pontuacao_corrigida.TestAssessoriaDetailsAPI" name="test_assessoria_details_athletes_have_points" time="24.072" /><testcase classname="tests.test_iter49_pontuacao_corrigida.TestAssessoriaDetailsAPI" name="test_assessoria_points_total_consistency" time="7.030" /><testcase classname="tests.test_iter49_pontuacao_corrigida.TestNoInflatedPoints" name="test_no_assessoria_has_inflated_points_from_single_race" time="5.219" /><testcase classname="tests.test_iter49_pontuacao_corrigida.TestNoInflatedPoints" name="test_max_points_per_colocacao_is_10" time="0.000" /></testsuite></testsuites>