<?xml version="1.0" encoding="utf-8"?><testsuites name="pytest tests"><testsuite name="pytest" errors="0" failures="0" skipped="0" tests="17" time="36.546" timestamp="2026-03-02T02:26:46.693866+00:00" hostname="agent-env-992c2492-0040-45a5-a0b5-97af43af6d2a"><testcase classname="tests.test_bug_fixes_iter7.TestAuth" name="test_admin_login" time="1.395" /><testcase classname="tests.test_bug_fixes_iter7.TestRankingSemanalBugFix" name="test_ranking_semanal_endpoint_works" time="1.825" /><testcase classname="tests.test_bug_fixes_iter7.TestRankingSemanalBugFix" name="test_ranking_semanal_filters_by_categoria" time="5.164" /><testcase classname="tests.test_bug_fixes_iter7.TestRankingSemanalBugFix" name="test_ranking_semanal_structure" time="1.671" /><testcase classname="tests.test_bug_fixes_iter7.TestRankingMensalBugFix" name="test_ranking_mensal_endpoint_works" time="1.640" /><testcase classname="tests.test_bug_fixes_iter7.TestRankingMensalBugFix" name="test_ranking_mensal_filters_by_categoria" time="5.247" /><testcase classname="tests.test_bug_fixes_iter7.TestRankingMensalBugFix" name="test_ranking_mensal_accepts_mes_ano_params" time="1.619" /><testcase classname="tests.test_bug_fixes_iter7.TestRankingMensalBugFix" name="test_ranking_mensal_structure" time="1.632" /><testcase classname="tests.test_bug_fixes_iter7.TestAdminDashboardStats" name="test_admin_stats_endpoint" time="1.706" /><testcase classname="tests.test_bug_fixes_iter7.TestAdminDashboardStats" name="test_admin_stats_estados" time="1.693" /><testcase classname="tests.test_bug_fixes_iter7.TestAdminDashboardStats" name="test_admin_stats_categorias" time="1.622" /><testcase classname="tests.test_bug_fixes_iter7.TestAdminDashboardStats" name="test_admin_stats_faixa_etaria" time="1.635" /><testcase classname="tests.test_bug_fixes_iter7.TestAdminDashboardStats" name="test_admin_stats_corridas_por_mes" time="1.675" /><testcase classname="tests.test_bug_fixes_iter7.TestAdminDashboardStats" name="test_povao_stats_endpoint" time="1.648" /><testcase classname="tests.test_bug_fixes_iter7.TestPovaoAthleteFiltering" name="test_povao_ranking_separate_from_semanal" time="2.309" /><testcase classname="tests.test_bug_fixes_iter7.TestPovaoAthleteFiltering" name="test_povao_ranking_separate_from_mensal" time="2.364" /><testcase classname="tests.test_bug_fixes_iter7.TestAdminPendentes" name="test_admin_can_list_pendentes" time="1.616" /></testsuite></testsuites>