<?xml version="1.0" encoding="utf-8"?><testsuites name="pytest tests"><testsuite name="pytest" errors="0" failures="0" skipped="0" tests="9" time="1.959" timestamp="2026-03-28T15:00:25.085797+00:00" hostname="agent-env-9b962405-0d9b-490a-8729-7be0e22f4911"><testcase classname="backend.tests.test_iter89_financeiro_integracao.TestFinanceiroIntegration" name="test_autorizar_creates_payment_transaction" time="0.674" /><testcase classname="backend.tests.test_iter89_financeiro_integracao.TestFinanceiroIntegration" name="test_financeiro_resumo_has_manual_distribution" time="0.081" /><testcase classname="backend.tests.test_iter89_financeiro_integracao.TestFinanceiroIntegration" name="test_transacoes_recentes_has_manual_fields" time="0.091" /><testcase classname="backend.tests.test_iter89_financeiro_integracao.TestFinanceiroIntegration" name="test_exportar_excel_returns_xlsx" time="0.092" /><testcase classname="backend.tests.test_iter89_financeiro_integracao.TestFinanceiroIntegration" name="test_exportar_pdf_returns_pdf" time="0.089" /><testcase classname="backend.tests.test_iter89_financeiro_integracao.TestFinanceiroIntegration" name="test_exportar_invalid_format_returns_400" time="0.077" /><testcase classname="backend.tests.test_iter89_financeiro_integracao.TestFinanceiroIntegration" name="test_manual_transaction_structure" time="0.282" /><testcase classname="backend.tests.test_iter89_financeiro_integracao.TestFinanceiroExportContent" name="test_excel_has_content_disposition" time="0.410" /><testcase classname="backend.tests.test_iter89_financeiro_integracao.TestFinanceiroExportContent" name="test_pdf_has_content_disposition" time="0.110" /></testsuite></testsuites>