<?xml version="1.0" encoding="utf-8"?><testsuites name="pytest tests"><testsuite name="pytest" errors="0" failures="0" skipped="0" tests="14" time="5.359" timestamp="2026-03-15T03:31:07.907027+00:00" hostname="agent-env-f10d4a92-181c-43f7-bb39-14d8848db351"><testcase classname="backend.tests.test_iter35_indicacao_notificacao.TestIndicacaoNotificationSystem" name="test_indicacao_publico_endpoint_exists" time="0.372" /><testcase classname="backend.tests.test_iter35_indicacao_notificacao.TestIndicacaoNotificationSystem" name="test_indicacao_publico_nonexistent_atleta" time="0.083" /><testcase classname="backend.tests.test_iter35_indicacao_notificacao.TestIndicacaoNotificationSystem" name="test_notificacoes_endpoint_requires_auth" time="0.068" /><testcase classname="backend.tests.test_iter35_indicacao_notificacao.TestIndicacaoNotificationSystem" name="test_notificacoes_for_indicador" time="0.443" /><testcase classname="backend.tests.test_iter35_indicacao_notificacao.TestIndicacaoNotificationSystem" name="test_notification_structure_for_indicacao" time="0.407" /><testcase classname="backend.tests.test_iter35_indicacao_notificacao.TestIndicacaoNotificationSystem" name="test_meu_codigo_endpoint" time="0.370" /><testcase classname="backend.tests.test_iter35_indicacao_notificacao.TestIndicacaoNotificationSystem" name="test_minhas_indicacoes_endpoint" time="0.363" /><testcase classname="backend.tests.test_iter35_indicacao_notificacao.TestIndicacaoNotificationSystem" name="test_registration_with_valid_code_creates_notification" time="1.309" /><testcase classname="backend.tests.test_iter35_indicacao_notificacao.TestIndicacaoNotificationSystem" name="test_embaixador_badge_threshold" time="0.414" /><testcase classname="backend.tests.test_iter35_indicacao_notificacao.TestIndicacaoNotificationSystem" name="test_embaixador_badge_in_public_endpoint" time="0.079" /><testcase classname="backend.tests.test_iter35_indicacao_notificacao.TestIndicacoesPublicVsPrivateData" name="test_public_endpoint_no_codigo" time="0.099" /><testcase classname="backend.tests.test_iter35_indicacao_notificacao.TestIndicacoesPublicVsPrivateData" name="test_meu_codigo_exposes_codigo" time="0.404" /><testcase classname="backend.tests.test_iter35_indicacao_notificacao.TestNotificationMarkAsRead" name="test_mark_notification_as_read" time="0.460" /><testcase classname="backend.tests.test_iter35_indicacao_notificacao.TestNotificationMarkAsRead" name="test_mark_all_notifications_read" time="0.409" /></testsuite></testsuites>