<?xml version="1.0" encoding="utf-8"?><testsuites name="pytest tests"><testsuite name="pytest" errors="0" failures="0" skipped="0" tests="18" time="1.922" timestamp="2026-03-27T20:32:22.168106+00:00" hostname="agent-env-9b962405-0d9b-490a-8729-7be0e22f4911"><testcase classname="backend.tests.test_iter85_webhook_notifications.TestWebhookNotifications" name="test_01_webhook_endpoint_exists" time="0.276" /><testcase classname="backend.tests.test_iter85_webhook_notifications.TestWebhookNotifications" name="test_02_webhook_healthcheck_get" time="0.068" /><testcase classname="backend.tests.test_iter85_webhook_notifications.TestWebhookNotifications" name="test_03_webhook_creates_notification_for_athlete" time="0.462" /><testcase classname="backend.tests.test_iter85_webhook_notifications.TestWebhookNotifications" name="test_04_webhook_processes_valid_txid" time="0.453" /><testcase classname="backend.tests.test_iter85_webhook_notifications.TestWebhookNotifications" name="test_05_financeiro_resumo_returns_data" time="0.073" /><testcase classname="backend.tests.test_iter85_webhook_notifications.TestWebhookNotifications" name="test_06_financeiro_shows_pix_transactions" time="0.066" /><testcase classname="backend.tests.test_iter85_webhook_notifications.TestWebhookNotifications" name="test_07_websocket_service_has_notify_user" time="0.000" /><testcase classname="backend.tests.test_iter85_webhook_notifications.TestWebhookNotifications" name="test_08_websocket_service_has_notify_admin_alert" time="0.000" /><testcase classname="backend.tests.test_iter85_webhook_notifications.TestWebhookNotifications" name="test_09_efi_routes_calls_notifications" time="0.000" /><testcase classname="backend.tests.test_iter85_webhook_notifications.TestWebhookNotifications" name="test_10_usewebsocket_handles_admin_alert" time="0.000" /><testcase classname="backend.tests.test_iter85_webhook_notifications.TestWebhookNotifications" name="test_11_dashboard_financeiro_listens_admin_alert" time="0.000" /><testcase classname="backend.tests.test_iter85_webhook_notifications.TestDeployScript" name="test_12_deploy_script_exists" time="0.000" /><testcase classname="backend.tests.test_iter85_webhook_notifications.TestDeployScript" name="test_13_deploy_script_is_executable" time="0.000" /><testcase classname="backend.tests.test_iter85_webhook_notifications.TestDeployScript" name="test_14_deploy_script_has_ssl_section" time="0.000" /><testcase classname="backend.tests.test_iter85_webhook_notifications.TestDeployScript" name="test_15_deploy_script_has_mtls_section" time="0.000" /><testcase classname="backend.tests.test_iter85_webhook_notifications.TestDeployScript" name="test_16_deploy_script_has_docker_section" time="0.000" /><testcase classname="backend.tests.test_iter85_webhook_notifications.TestE2EWebhookNotificationFlow" name="test_17_e2e_webhook_updates_financeiro" time="0.382" /><testcase classname="backend.tests.test_iter85_webhook_notifications.TestE2EWebhookNotificationFlow" name="test_18_admin_transacoes_shows_paid_status" time="0.075" /></testsuite></testsuites>