<?xml version="1.0" encoding="utf-8"?><testsuites name="pytest tests"><testsuite name="pytest" errors="0" failures="0" skipped="0" tests="16" time="6.006" timestamp="2026-04-12T13:35:41.007320+00:00" hostname="agent-env-9b962405-0d9b-490a-8729-7be0e22f4911"><testcase classname="backend.tests.test_iter114_precos_dinamicos.TestPrecosPublico" name="test_get_precos_publico_returns_200" time="0.508" /><testcase classname="backend.tests.test_iter114_precos_dinamicos.TestPrecosPublico" name="test_get_precos_publico_has_required_fields" time="0.110" /><testcase classname="backend.tests.test_iter114_precos_dinamicos.TestPrecosPublico" name="test_get_precos_publico_values_are_valid" time="0.122" /><testcase classname="backend.tests.test_iter114_precos_dinamicos.TestPrecosAdmin" name="test_get_admin_precos_requires_auth" time="0.563" /><testcase classname="backend.tests.test_iter114_precos_dinamicos.TestPrecosAdmin" name="test_get_admin_precos_returns_200_with_auth" time="0.456" /><testcase classname="backend.tests.test_iter114_precos_dinamicos.TestPrecosAdmin" name="test_get_admin_precos_has_all_fields" time="0.396" /><testcase classname="backend.tests.test_iter114_precos_dinamicos.TestPrecosAdmin" name="test_post_admin_precos_requires_auth" time="0.500" /><testcase classname="backend.tests.test_iter114_precos_dinamicos.TestPrecosAdmin" name="test_post_admin_precos_saves_and_recalculates" time="0.556" /><testcase classname="backend.tests.test_iter114_precos_dinamicos.TestPrecosAdmin" name="test_post_admin_precos_validates_preco_desconto" time="0.375" /><testcase classname="backend.tests.test_iter114_precos_dinamicos.TestPrecosAdmin" name="test_post_admin_precos_validates_parcelas" time="0.415" /><testcase classname="backend.tests.test_iter114_precos_dinamicos.TestFinanceiroResumo" name="test_get_resumo_financeiro_returns_200" time="0.389" /><testcase classname="backend.tests.test_iter114_precos_dinamicos.TestFinanceiroResumo" name="test_get_resumo_financeiro_has_required_sections" time="0.432" /><testcase classname="backend.tests.test_iter114_precos_dinamicos.TestPagamentosPlanos" name="test_get_planos_returns_200" time="0.104" /><testcase classname="backend.tests.test_iter114_precos_dinamicos.TestPagamentosPlanos" name="test_get_planos_has_dynamic_values" time="0.138" /><testcase classname="backend.tests.test_iter114_precos_dinamicos.TestAtletaAccess" name="test_atleta_can_access_public_precos" time="0.472" /><testcase classname="backend.tests.test_iter114_precos_dinamicos.TestAtletaAccess" name="test_atleta_cannot_access_admin_precos" time="0.389" /></testsuite></testsuites>