<?xml version="1.0" encoding="utf-8"?><testsuites name="pytest tests"><testsuite name="pytest" errors="0" failures="0" skipped="0" tests="23" time="3.823" timestamp="2026-04-17T06:07:55.102814+00:00" hostname="agent-env-9b962405-0d9b-490a-8729-7be0e22f4911"><testcase classname="backend.tests.test_iter119_security_hardening.TestAuthentication" name="test_login_success" time="0.352" /><testcase classname="backend.tests.test_iter119_security_hardening.TestProtectedRoutesWithoutToken" name="test_ranking_corridas_requires_auth" time="0.095" /><testcase classname="backend.tests.test_iter119_security_hardening.TestProtectedRoutesWithoutToken" name="test_ranking_avaliadores_requires_auth" time="0.068" /><testcase classname="backend.tests.test_iter119_security_hardening.TestProtectedRoutesWithoutToken" name="test_ranking_povao_requires_auth" time="0.105" /><testcase classname="backend.tests.test_iter119_security_hardening.TestProtectedRoutesWithoutToken" name="test_corrida_avaliacoes_requires_auth" time="0.061" /><testcase classname="backend.tests.test_iter119_security_hardening.TestProtectedRoutesWithToken" name="test_ranking_corridas_with_token" time="0.171" /><testcase classname="backend.tests.test_iter119_security_hardening.TestProtectedRoutesWithToken" name="test_ranking_avaliadores_with_token" time="0.117" /><testcase classname="backend.tests.test_iter119_security_hardening.TestProtectedRoutesWithToken" name="test_ranking_povao_with_token" time="0.085" /><testcase classname="backend.tests.test_iter119_security_hardening.TestPublicRoutes" name="test_ranking_corridas_stats_public" time="0.076" /><testcase classname="backend.tests.test_iter119_security_hardening.TestPublicRoutes" name="test_ranking_corridas_estados_public" time="0.085" /><testcase classname="backend.tests.test_iter119_security_hardening.TestPublicRoutes" name="test_corridas_eventos_public" time="0.087" /><testcase classname="backend.tests.test_iter119_security_hardening.TestPublicRoutes" name="test_temporadas_historico_public" time="0.070" /><testcase classname="backend.tests.test_iter119_security_hardening.TestPublicRoutes" name="test_financeiro_config_precos_publico" time="0.100" /><testcase classname="backend.tests.test_iter119_security_hardening.TestPublicRoutes" name="test_auth_login_public" time="0.079" /><testcase classname="backend.tests.test_iter119_security_hardening.TestParameterValidation" name="test_ranking_povao_page_capped_at_100" time="0.191" /><testcase classname="backend.tests.test_iter119_security_hardening.TestParameterValidation" name="test_ranking_povao_limit_capped_at_20" time="0.077" /><testcase classname="backend.tests.test_iter119_security_hardening.TestParameterValidation" name="test_ranking_corridas_page_capped_at_100" time="0.073" /><testcase classname="backend.tests.test_iter119_security_hardening.TestParameterValidation" name="test_ranking_corridas_limit_capped_at_50" time="0.092" /><testcase classname="backend.tests.test_iter119_security_hardening.TestSecurityHeaders" name="test_security_headers_on_api_response" time="0.086" /><testcase classname="backend.tests.test_iter119_security_hardening.TestSecurityHeaders" name="test_security_headers_on_protected_route" time="0.070" /><testcase classname="backend.tests.test_iter119_security_hardening.TestRateLimiting" name="test_normal_usage_not_blocked" time="0.875" /><testcase classname="backend.tests.test_iter119_security_hardening.TestRateLimiting" name="test_public_endpoint_rate_limit" time="0.438" /><testcase classname="backend.tests.test_iter119_security_hardening.TestHealthEndpoint" name="test_health_endpoint" time="0.289" /></testsuite></testsuites>