<?xml version="1.0" encoding="utf-8"?><testsuites name="pytest tests"><testsuite name="pytest" errors="0" failures="0" skipped="0" tests="12" time="14.627" timestamp="2026-03-27T04:40:01.037126+00:00" hostname="agent-env-9b962405-0d9b-490a-8729-7be0e22f4911"><testcase classname="backend.tests.test_iter81_efi_pix.TestEfiBankPix" name="test_01_planos_endpoint_returns_plano_vigente" time="0.126" /><testcase classname="backend.tests.test_iter81_efi_pix.TestEfiBankPix" name="test_02_meu_plano_requires_auth" time="0.070" /><testcase classname="backend.tests.test_iter81_efi_pix.TestEfiBankPix" name="test_03_meu_plano_returns_user_plan_info" time="2.860" /><testcase classname="backend.tests.test_iter81_efi_pix.TestEfiBankPix" name="test_04_meu_plano_admin_is_premium" time="0.393" /><testcase classname="backend.tests.test_iter81_efi_pix.TestEfiBankPix" name="test_05_pix_criar_requires_auth" time="0.068" /><testcase classname="backend.tests.test_iter81_efi_pix.TestEfiBankPix" name="test_06_pix_criar_returns_txid_and_qrcode" time="2.260" /><testcase classname="backend.tests.test_iter81_efi_pix.TestEfiBankPix" name="test_07_pix_status_requires_auth" time="0.723" /><testcase classname="backend.tests.test_iter81_efi_pix.TestEfiBankPix" name="test_08_pix_status_returns_404_for_invalid_txid" time="0.089" /><testcase classname="backend.tests.test_iter81_efi_pix.TestEfiBankPix" name="test_09_pix_status_returns_charge_status" time="3.862" /><testcase classname="backend.tests.test_iter81_efi_pix.TestEfiBankPix" name="test_10_webhook_pix_endpoint_exists" time="0.077" /><testcase classname="backend.tests.test_iter81_efi_pix.TestEfiBankPix" name="test_11_webhook_pix_processes_payment" time="0.116" /><testcase classname="backend.tests.test_iter81_efi_pix.TestEfiBankPix" name="test_12_pix_flow_create_and_check_status" time="3.917" /></testsuite></testsuites>