<?xml version="1.0" encoding="utf-8"?><testsuites name="pytest tests"><testsuite name="pytest" errors="0" failures="0" skipped="0" tests="12" time="2.102" timestamp="2026-04-07T23:01:05.865940+00:00" hostname="agent-env-9b962405-0d9b-490a-8729-7be0e22f4911"><testcase classname="backend.tests.test_iter107_ranking_strava.TestRankingCorridasEndpoints" name="test_ranking_corridas_returns_paginated_data" time="0.110" /><testcase classname="backend.tests.test_iter107_ranking_strava.TestRankingCorridasEndpoints" name="test_ranking_corridas_pagination_limit" time="0.067" /><testcase classname="backend.tests.test_iter107_ranking_strava.TestRankingCorridasEndpoints" name="test_ranking_corridas_stats" time="0.061" /><testcase classname="backend.tests.test_iter107_ranking_strava.TestRankingCorridasEndpoints" name="test_ranking_corridas_estados" time="0.067" /><testcase classname="backend.tests.test_iter107_ranking_strava.TestStravaAuthorize" name="test_strava_authorize_returns_auth_url_with_correct_frontend_url" time="0.376" /><testcase classname="backend.tests.test_iter107_ranking_strava.TestStravaAuthorize" name="test_strava_authorize_requires_auth" time="0.061" /><testcase classname="backend.tests.test_iter107_ranking_strava.TestAvaliarCorridaAuth" name="test_avaliar_corrida_requires_auth" time="0.059" /><testcase classname="backend.tests.test_iter107_ranking_strava.TestUniqueEndpointsInRankingCorridasRoutes" name="test_minhas_avaliacoes_corridas_endpoint_exists" time="0.353" /><testcase classname="backend.tests.test_iter107_ranking_strava.TestUniqueEndpointsInRankingCorridasRoutes" name="test_reputacao_avaliador_endpoint_exists" time="0.398" /><testcase classname="backend.tests.test_iter107_ranking_strava.TestUniqueEndpointsInRankingCorridasRoutes" name="test_minha_reputacao_endpoint_exists" time="0.347" /><testcase classname="backend.tests.test_iter107_ranking_strava.TestRankingCorridasCidades" name="test_ranking_corridas_cidades" time="0.056" /><testcase classname="backend.tests.test_iter107_ranking_strava.TestRankingCorridasCidades" name="test_ranking_corridas_cidades_with_estado_filter" time="0.081" /></testsuite></testsuites>