<?xml version="1.0" encoding="utf-8"?><testsuites name="pytest tests"><testsuite name="pytest" errors="0" failures="0" skipped="0" tests="15" time="18.674" timestamp="2026-03-08T18:15:03.391146+00:00" hostname="agent-env-aea85e3c-b11d-48f5-9133-2ff2082eeff9"><testcase classname="backend.tests.test_avaliacao_corridas.TestVerificarAvaliacao" name="test_verificar_avaliacao_endpoint_exists" time="2.533" /><testcase classname="backend.tests.test_avaliacao_corridas.TestVerificarAvaliacao" name="test_verificar_avaliacao_requires_auth" time="0.893" /><testcase classname="backend.tests.test_avaliacao_corridas.TestVerificarAvaliacao" name="test_atleta_que_ja_avaliou" time="1.584" /><testcase classname="backend.tests.test_avaliacao_corridas.TestAvaliarCorridaValidations" name="test_avaliar_corrida_requires_auth" time="0.713" /><testcase classname="backend.tests.test_avaliacao_corridas.TestAvaliarCorridaValidations" name="test_validation_nota_must_be_1_to_5" time="1.381" /><testcase classname="backend.tests.test_avaliacao_corridas.TestAvaliarCorridaValidations" name="test_validation_participei_required" time="0.682" /><testcase classname="backend.tests.test_avaliacao_corridas.TestAvaliarCorridaValidations" name="test_validation_corrida_not_found" time="0.709" /><testcase classname="backend.tests.test_avaliacao_corridas.TestAvaliarCorridaValidations" name="test_cannot_evaluate_same_race_twice" time="0.696" /><testcase classname="backend.tests.test_avaliacao_corridas.TestFutureRaceValidation" name="test_get_ranking_corridas" time="0.698" /><testcase classname="backend.tests.test_avaliacao_corridas.TestFutureRaceValidation" name="test_cannot_evaluate_future_race" time="1.390" /><testcase classname="backend.tests.test_avaliacao_corridas.TestRankingCorridasStats" name="test_stats_endpoint" time="0.679" /><testcase classname="backend.tests.test_avaliacao_corridas.TestRankingCorridasStats" name="test_corrida_natal_has_evaluations" time="0.685" /><testcase classname="backend.tests.test_avaliacao_corridas.TestSuccessfulEvaluation" name="test_create_new_atleta_and_evaluate" time="4.571" /><testcase classname="backend.tests.test_avaliacao_corridas.TestMinhasAvaliacoes" name="test_minhas_avaliacoes_requires_auth" time="0.678" /><testcase classname="backend.tests.test_avaliacao_corridas.TestMinhasAvaliacoes" name="test_minhas_avaliacoes_for_atleta" time="0.682" /></testsuite></testsuites>