<?xml version="1.0" encoding="utf-8"?><testsuites name="pytest tests"><testsuite name="pytest" errors="0" failures="0" skipped="0" tests="9" time="1.397" timestamp="2026-04-12T02:27:08.550333+00:00" hostname="agent-env-9b962405-0d9b-490a-8729-7be0e22f4911"><testcase classname="backend.tests.test_iter113_historico_banner.TestPremiacaoStatusEndpoint" name="test_status_without_auth_no_todas_finalizadas" time="0.126" /><testcase classname="backend.tests.test_iter113_historico_banner.TestPremiacaoStatusEndpoint" name="test_status_with_auth_includes_todas_finalizadas" time="0.365" /><testcase classname="backend.tests.test_iter113_historico_banner.TestPremiacaoStatusEndpoint" name="test_status_returns_premiacao_id" time="0.386" /><testcase classname="backend.tests.test_iter113_historico_banner.TestResultadosPublicosEndpoint" name="test_resultados_publicos_open_premiacao_returns_403" time="0.081" /><testcase classname="backend.tests.test_iter113_historico_banner.TestResultadosPublicosEndpoint" name="test_resultados_publicos_closed_premiacao_returns_results" time="0.061" /><testcase classname="backend.tests.test_iter113_historico_banner.TestResultadosPublicosEndpoint" name="test_resultados_publicos_nonexistent_premiacao_returns_404" time="0.087" /><testcase classname="backend.tests.test_iter113_historico_banner.TestTodasPremiacoesEndpoint" name="test_todas_returns_all_premiacoes" time="0.076" /><testcase classname="backend.tests.test_iter113_historico_banner.TestTodasPremiacoesEndpoint" name="test_todas_includes_closed_with_data_encerramento" time="0.077" /><testcase classname="backend.tests.test_iter113_historico_banner.TestAtivasEndpoint" name="test_ativas_returns_only_open_premiacoes" time="0.085" /></testsuite></testsuites>