<?xml version="1.0" encoding="utf-8"?><testsuites name="pytest tests"><testsuite name="pytest" errors="0" failures="0" skipped="1" tests="10" time="8.746" timestamp="2026-03-18T21:44:02.082274+00:00" hostname="agent-env-e8eb8bfa-907a-45b3-be11-2de84827087c"><testcase classname="backend.tests.test_iter41_solicitar_entrada.TestAssessoriaPageAPI" name="test_assessoria_page_loads" time="0.932" /><testcase classname="backend.tests.test_iter41_solicitar_entrada.TestAtletaLivreProfile" name="test_atleta_livre_has_no_team" time="1.710" /><testcase classname="backend.tests.test_iter41_solicitar_entrada.TestSolicitarEntrada" name="test_minhas_solicitacoes_endpoint" time="0.655" /><testcase classname="backend.tests.test_iter41_solicitar_entrada.TestSolicitarEntrada" name="test_solicitar_entrada_duplicate_rejected" time="1.310" /><testcase classname="backend.tests.test_iter41_solicitar_entrada.TestSolicitarEntrada" name="test_solicitar_entrada_requires_auth" time="0.653" /><testcase classname="backend.tests.test_iter41_solicitar_entrada.TestSolicitarEntrada" name="test_solicitar_entrada_assessoria_not_found" time="0.633" /><testcase classname="backend.tests.test_iter41_solicitar_entrada.TestAtletaWithTeam" name="test_dono_has_team" time="1.507" /><testcase classname="backend.tests.test_iter41_solicitar_entrada.TestAtletaWithTeam" name="test_athlete_with_team_cannot_request" time="0.000"><skipped type="pytest.skip" message="Dono doesn't have equipe set">/app/backend/tests/test_iter41_solicitar_entrada.py:195: Dono doesn't have equipe set</skipped></testcase><testcase classname="backend.tests.test_iter41_solicitar_entrada.TestSolicitacoesPendentes" name="test_dono_can_see_pending" time="0.635" /><testcase classname="backend.tests.test_iter41_solicitar_entrada.TestSolicitacoesPendentes" name="test_pending_requires_dono_role" time="0.657" /></testsuite></testsuites>