<?xml version="1.0" encoding="utf-8"?><testsuites name="pytest tests"><testsuite name="pytest" errors="0" failures="0" skipped="0" tests="16" time="2.633" timestamp="2026-03-08T21:51:22.892895+00:00" hostname="agent-env-aea85e3c-b11d-48f5-9133-2ff2082eeff9"><testcase classname="tests.test_iter24_ranking_sync.TestRankingPovao" name="test_ranking_povao_masculino_returns_data" time="0.328" /><testcase classname="tests.test_iter24_ranking_sync.TestRankingPovao" name="test_ranking_povao_feminino_returns_data" time="0.088" /><testcase classname="tests.test_iter24_ranking_sync.TestRankingPovao" name="test_ranking_povao_has_correct_fields" time="0.089" /><testcase classname="tests.test_iter24_ranking_sync.TestRankingPovao" name="test_ranking_povao_stats_correct" time="0.285" /><testcase classname="tests.test_iter24_ranking_sync.TestRankingProfissional" name="test_ranking_profissional_masculino_returns_data" time="0.071" /><testcase classname="tests.test_iter24_ranking_sync.TestRankingProfissional" name="test_ranking_profissional_feminino_returns_data" time="0.068" /><testcase classname="tests.test_iter24_ranking_sync.TestRankingProfissional" name="test_ranking_profissional_has_correct_fields" time="0.084" /><testcase classname="tests.test_iter24_ranking_sync.TestRankingEquipes" name="test_ranking_equipes_returns_data" time="0.096" /><testcase classname="tests.test_iter24_ranking_sync.TestRankingEquipes" name="test_ranking_equipes_has_correct_fields" time="0.117" /><testcase classname="tests.test_iter24_ranking_sync.TestRankingEquipes" name="test_ranking_equipes_pontuacao_correta" time="0.087" /><testcase classname="tests.test_iter24_ranking_sync.TestAtletasWithEquipesInAllRankings" name="test_champions_sc_in_equipes_ranking" time="0.092" /><testcase classname="tests.test_iter24_ranking_sync.TestAtletasWithEquipesInAllRankings" name="test_pedro_araujo_in_povao_ranking" time="0.089" /><testcase classname="tests.test_iter24_ranking_sync.TestAtletasWithEquipesInAllRankings" name="test_champions_sc_atletas_appear_in_equipes" time="0.087" /><testcase classname="tests.test_iter24_ranking_sync.TestRecalcularRankings" name="test_recalcular_rankings_requires_auth" time="0.066" /><testcase classname="tests.test_iter24_ranking_sync.TestRecalcularRankings" name="test_recalcular_rankings_success" time="0.519" /><testcase classname="tests.test_iter24_ranking_sync.TestFrontendTabs" name="test_all_ranking_types_available" time="0.294" /></testsuite></testsuites>