<?xml version="1.0" encoding="utf-8"?><testsuites name="pytest tests"><testsuite name="pytest" errors="0" failures="0" skipped="0" tests="12" time="79.460" timestamp="2026-03-19T00:56:26.450214+00:00" hostname="agent-env-e8eb8bfa-907a-45b3-be11-2de84827087c"><testcase classname="backend.tests.test_iter42_foto_graficos.TestPhotoUploadEndpoint" name="test_upload_foto_requires_auth" time="0.319" /><testcase classname="backend.tests.test_iter42_foto_graficos.TestPhotoUploadEndpoint" name="test_upload_foto_atleta_forbidden" time="0.428" /><testcase classname="backend.tests.test_iter42_foto_graficos.TestPhotoUploadEndpoint" name="test_upload_foto_wrong_file_type" time="0.397" /><testcase classname="backend.tests.test_iter42_foto_graficos.TestPhotoUploadEndpoint" name="test_upload_foto_success_dono" time="11.020" /><testcase classname="backend.tests.test_iter42_foto_graficos.TestPhotoRemoveEndpoint" name="test_remove_foto_requires_auth" time="0.096" /><testcase classname="backend.tests.test_iter42_foto_graficos.TestPhotoRemoveEndpoint" name="test_remove_foto_atleta_forbidden" time="0.095" /><testcase classname="backend.tests.test_iter42_foto_graficos.TestAssessoriaDetailsFotoUrl" name="test_assessoria_details_contains_foto_url" time="15.837" /><testcase classname="backend.tests.test_iter42_foto_graficos.TestAssessoriaDetailsFotoUrl" name="test_assessoria_details_contains_ranking_positions" time="10.155" /><testcase classname="backend.tests.test_iter42_foto_graficos.TestAtletasDataForCharts" name="test_atletas_have_city_data" time="17.244" /><testcase classname="backend.tests.test_iter42_foto_graficos.TestDonoAssessoriaDashboardTab" name="test_dono_can_access_dashboard" time="14.531" /><testcase classname="backend.tests.test_iter42_foto_graficos.TestExistingUploadedPhoto" name="test_photo_exists_in_filesystem" time="0.000" /><testcase classname="backend.tests.test_iter42_foto_graficos.TestExistingUploadedPhoto" name="test_photo_url_matches_database" time="9.280" /></testsuite></testsuites>