<?xml version="1.0" encoding="utf-8"?><testsuites name="pytest tests"><testsuite name="pytest" errors="0" failures="0" skipped="0" tests="17" time="3.644" timestamp="2026-03-29T01:59:03.081090+00:00" hostname="agent-env-9b962405-0d9b-490a-8729-7be0e22f4911"><testcase classname="backend.tests.test_iter91_chat_feed_desvincular.TestAuthLogin" name="test_login_dono_assessoria_returns_equipe" time="1.578" /><testcase classname="backend.tests.test_iter91_chat_feed_desvincular.TestChatAssessoria" name="test_enviar_mensagem_texto" time="0.399" /><testcase classname="backend.tests.test_iter91_chat_feed_desvincular.TestChatAssessoria" name="test_enviar_mensagem_vazia_falha" time="0.082" /><testcase classname="backend.tests.test_iter91_chat_feed_desvincular.TestChatAssessoria" name="test_historico_chat" time="0.078" /><testcase classname="backend.tests.test_iter91_chat_feed_desvincular.TestChatAssessoria" name="test_historico_chat_pagination" time="0.070" /><testcase classname="backend.tests.test_iter91_chat_feed_desvincular.TestFeedEquipe" name="test_enviar_post_feed" time="0.091" /><testcase classname="backend.tests.test_iter91_chat_feed_desvincular.TestFeedEquipe" name="test_enviar_post_vazio_falha" time="0.063" /><testcase classname="backend.tests.test_iter91_chat_feed_desvincular.TestFeedEquipe" name="test_get_feed" time="0.071" /><testcase classname="backend.tests.test_iter91_chat_feed_desvincular.TestFeedEquipe" name="test_curtir_post" time="0.153" /><testcase classname="backend.tests.test_iter91_chat_feed_desvincular.TestFeedEquipe" name="test_curtir_post_inexistente" time="0.104" /><testcase classname="backend.tests.test_iter91_chat_feed_desvincular.TestFeedEquipe" name="test_deletar_post" time="0.148" /><testcase classname="backend.tests.test_iter91_chat_feed_desvincular.TestFeedEquipe" name="test_deletar_post_inexistente" time="0.081" /><testcase classname="backend.tests.test_iter91_chat_feed_desvincular.TestDesvincularAtleta" name="test_desvincular_atleta_inexistente" time="0.066" /><testcase classname="backend.tests.test_iter91_chat_feed_desvincular.TestDesvincularAtleta" name="test_desvincular_atleta_outra_equipe" time="0.361" /><testcase classname="backend.tests.test_iter91_chat_feed_desvincular.TestAccessControl" name="test_chat_requires_auth" time="0.060" /><testcase classname="backend.tests.test_iter91_chat_feed_desvincular.TestAccessControl" name="test_feed_requires_auth" time="0.076" /><testcase classname="backend.tests.test_iter91_chat_feed_desvincular.TestAccessControl" name="test_desvincular_requires_auth" time="0.081" /></testsuite></testsuites>