<?xml version="1.0" encoding="utf-8"?><testsuites name="pytest tests"><testsuite name="pytest" errors="0" failures="0" skipped="0" tests="13" time="21.540" timestamp="2026-03-08T23:30:54.538677+00:00" hostname="agent-env-8e1f9875-298f-4d88-acab-3df1df069de1"><testcase classname="backend.tests.test_iter27_troca_equipe.TestStatusTrocaEquipe" name="test_status_troca_equipe_for_admin" time="2.044" /><testcase classname="backend.tests.test_iter27_troca_equipe.TestStatusTrocaEquipe" name="test_status_troca_equipe_for_athlete" time="2.483" /><testcase classname="backend.tests.test_iter27_troca_equipe.TestStatusTrocaEquipe" name="test_status_troca_equipe_unauthorized" time="0.679" /><testcase classname="backend.tests.test_iter27_troca_equipe.TestTrocarEquipe" name="test_admin_cannot_change_team" time="1.602" /><testcase classname="backend.tests.test_iter27_troca_equipe.TestTrocarEquipe" name="test_trocar_equipe_invalid_equipe" time="2.273" /><testcase classname="backend.tests.test_iter27_troca_equipe.TestTrocarEquipe" name="test_trocar_equipe_para_individual" time="2.281" /><testcase classname="backend.tests.test_iter27_troca_equipe.TestTrocarEquipe" name="test_trocar_equipe_cooldown" time="2.309" /><testcase classname="backend.tests.test_iter27_troca_equipe.TestDonoAssessoriaNaoTrocaEquipe" name="test_dono_assessoria_status_blocked" time="2.008" /><testcase classname="backend.tests.test_iter27_troca_equipe.TestComparacaoMensal" name="test_comparacao_mensal_returns_data" time="1.427" /><testcase classname="backend.tests.test_iter27_troca_equipe.TestComparacaoMensal" name="test_comparacao_mensal_months_are_correct" time="1.420" /><testcase classname="backend.tests.test_iter27_troca_equipe.TestComparacaoMensal" name="test_comparacao_mensal_invalid_team" time="0.667" /><testcase classname="backend.tests.test_iter27_troca_equipe.TestPerfilAtletaBotaoTrocarEquipe" name="test_endpoint_meu_perfil_exists" time="1.567" /><testcase classname="backend.tests.test_iter27_troca_equipe.TestAssessoriasListEndpoint" name="test_assessorias_lista_returns_list" time="0.684" /></testsuite></testsuites>