<?xml version="1.0" encoding="utf-8"?><testsuites name="pytest tests"><testsuite name="pytest" errors="0" failures="0" skipped="0" tests="21" time="4.064" timestamp="2026-03-08T20:29:56.510700+00:00" hostname="agent-env-aea85e3c-b11d-48f5-9133-2ff2082eeff9"><testcase classname="backend.tests.test_ranking_corridas_fase34.TestAdminAuth" name="test_admin_login" time="0.368" /><testcase classname="backend.tests.test_ranking_corridas_fase34.TestAdminRankingCorridasDashboard" name="test_dashboard_endpoint_exists" time="0.579" /><testcase classname="backend.tests.test_ranking_corridas_fase34.TestAdminRankingCorridasDashboard" name="test_dashboard_returns_stats" time="0.094" /><testcase classname="backend.tests.test_ranking_corridas_fase34.TestAdminRankingCorridasDashboard" name="test_dashboard_returns_distribuicao_notas" time="0.082" /><testcase classname="backend.tests.test_ranking_corridas_fase34.TestAdminRankingCorridasDashboard" name="test_dashboard_returns_melhores_por_estado" time="0.071" /><testcase classname="backend.tests.test_ranking_corridas_fase34.TestAdminRankingCorridasDashboard" name="test_dashboard_returns_ranking_top20" time="0.093" /><testcase classname="backend.tests.test_ranking_corridas_fase34.TestAdminRankingCorridasDashboard" name="test_dashboard_requires_admin" time="0.430" /><testcase classname="backend.tests.test_ranking_corridas_fase34.TestCorridasEventosCRUD" name="test_post_corridas_eventos" time="0.424" /><testcase classname="backend.tests.test_ranking_corridas_fase34.TestCorridasEventosCRUD" name="test_get_corridas_eventos_list" time="0.059" /><testcase classname="backend.tests.test_ranking_corridas_fase34.TestCorridasEventosCRUD" name="test_get_corrida_by_id" time="0.133" /><testcase classname="backend.tests.test_ranking_corridas_fase34.TestCorridasEventosCRUD" name="test_get_corrida_not_found" time="0.063" /><testcase classname="backend.tests.test_ranking_corridas_fase34.TestCorridasEventosCRUD" name="test_put_corridas_eventos" time="0.147" /><testcase classname="backend.tests.test_ranking_corridas_fase34.TestCorridasEventosCRUD" name="test_delete_corridas_eventos" time="0.121" /><testcase classname="backend.tests.test_ranking_corridas_fase34.TestCorridasEventosCRUD" name="test_post_requires_auth" time="0.079" /><testcase classname="backend.tests.test_ranking_corridas_fase34.TestSelosAutomaticos" name="test_ranking_includes_selo_fields" time="0.113" /><testcase classname="backend.tests.test_ranking_corridas_fase34.TestSelosAutomaticos" name="test_ranking_corrida_natal_has_top10" time="0.108" /><testcase classname="backend.tests.test_ranking_corridas_fase34.TestSelosAutomaticos" name="test_5estrelas_badge_requirements" time="0.377" /><testcase classname="backend.tests.test_ranking_corridas_fase34.TestRankingCorridasPublicEndpoints" name="test_ranking_corridas_endpoint" time="0.085" /><testcase classname="backend.tests.test_ranking_corridas_fase34.TestRankingCorridasPublicEndpoints" name="test_ranking_corridas_stats_endpoint" time="0.070" /><testcase classname="backend.tests.test_ranking_corridas_fase34.TestRankingCorridasPublicEndpoints" name="test_ranking_corridas_estados_endpoint" time="0.075" /><testcase classname="backend.tests.test_ranking_corridas_fase34.TestCleanup" name="test_cleanup_test_corridas" time="0.374" /></testsuite></testsuites>