<?xml version="1.0" encoding="utf-8"?><testsuites name="pytest tests"><testsuite name="pytest" errors="0" failures="0" skipped="0" tests="12" time="13.477" timestamp="2026-03-02T02:59:49.970180+00:00" hostname="agent-env-992c2492-0040-45a5-a0b5-97af43af6d2a"><testcase classname="backend.tests.test_povao_isolation_iter8.TestPovaoIsolation" name="test_api_health" time="1.078" /><testcase classname="backend.tests.test_povao_isolation_iter8.TestPovaoIsolation" name="test_ranking_masculino_no_povao_athletes" time="0.931" /><testcase classname="backend.tests.test_povao_isolation_iter8.TestPovaoIsolation" name="test_ranking_feminino_no_povao_athletes" time="0.729" /><testcase classname="backend.tests.test_povao_isolation_iter8.TestPovaoIsolation" name="test_ranking_povao_masculino_exists" time="0.700" /><testcase classname="backend.tests.test_povao_isolation_iter8.TestPovaoIsolation" name="test_ranking_povao_feminino_exists" time="0.668" /><testcase classname="backend.tests.test_povao_isolation_iter8.TestPovaoIsolation" name="test_povao_athletes_in_povao_ranking" time="1.401" /><testcase classname="backend.tests.test_povao_isolation_iter8.TestPovaoIsolation" name="test_ranking_semanal_no_povao" time="0.760" /><testcase classname="backend.tests.test_povao_isolation_iter8.TestPovaoIsolation" name="test_ranking_mensal_no_povao" time="0.653" /><testcase classname="backend.tests.test_povao_isolation_iter8.TestPovaoStats" name="test_povao_stats_endpoint" time="0.704" /><testcase classname="backend.tests.test_povao_isolation_iter8.TestPovaoRankingFilters" name="test_povao_ranking_has_filter_fields" time="0.709" /><testcase classname="backend.tests.test_povao_isolation_iter8.TestAllProfessionalCategoriesNoPovao" name="test_all_categories_no_povao" time="4.310" /><testcase classname="backend.tests.test_povao_isolation_iter8.TestSearchByName" name="test_professional_ranking_search_excludes_povao_by_design" time="0.758" /></testsuite></testsuites>