<?xml version="1.0" encoding="utf-8"?><testsuites name="pytest tests"><testsuite name="pytest" errors="0" failures="1" skipped="0" tests="37" time="7.892" timestamp="2026-04-17T06:44:17.570174+00:00" hostname="agent-env-9b962405-0d9b-490a-8729-7be0e22f4911"><testcase classname="backend.tests.test_iter120_security_auth_refresh.TestAuthLogin" name="test_login_returns_token_and_refresh_token" time="0.305" /><testcase classname="backend.tests.test_iter120_security_auth_refresh.TestAuthLogin" name="test_login_invalid_credentials" time="0.093" /><testcase classname="backend.tests.test_iter120_security_auth_refresh.TestRefreshToken" name="test_refresh_with_valid_token" time="0.217" /><testcase classname="backend.tests.test_iter120_security_auth_refresh.TestRefreshToken" name="test_refresh_with_invalid_token" time="0.106" /><testcase classname="backend.tests.test_iter120_security_auth_refresh.TestRefreshToken" name="test_refresh_with_access_token_fails" time="0.153" /><testcase classname="backend.tests.test_iter120_security_auth_refresh.TestProtectedRoutes" name="test_protected_route_without_token_returns_401[/api/ranking/povao]" time="0.085" /><testcase classname="backend.tests.test_iter120_security_auth_refresh.TestProtectedRoutes" name="test_protected_route_without_token_returns_401[/api/ranking-corridas]" time="0.085" /><testcase classname="backend.tests.test_iter120_security_auth_refresh.TestProtectedRoutes" name="test_protected_route_without_token_returns_401[/api/ranking-avaliadores]" time="0.075" /><testcase classname="backend.tests.test_iter120_security_auth_refresh.TestProtectedRoutes" name="test_protected_route_without_token_returns_401[/api/liga-assessorias/ranking]" time="0.086" /><testcase classname="backend.tests.test_iter120_security_auth_refresh.TestProtectedRoutes" name="test_protected_route_without_token_returns_401[/api/liga-assessorias/stats]" time="0.082" /><testcase classname="backend.tests.test_iter120_security_auth_refresh.TestProtectedRoutes" name="test_protected_route_without_token_returns_401[/api/badges/lista]" time="0.082" /><testcase classname="backend.tests.test_iter120_security_auth_refresh.TestProtectedRoutes" name="test_protected_route_without_token_returns_401[/api/strava-atividades/membros]" time="0.128" /><testcase classname="backend.tests.test_iter120_security_auth_refresh.TestProtectedRoutes" name="test_protected_route_without_token_returns_401[/api/assessorias/lista]" time="0.118" /><testcase classname="backend.tests.test_iter120_security_auth_refresh.TestProtectedRoutes" name="test_protected_route_without_token_returns_401[/api/feed/trending]" time="0.087" /><testcase classname="backend.tests.test_iter120_security_auth_refresh.TestProtectedRoutes" name="test_protected_route_with_token_returns_200[/api/ranking/povao]" time="0.194" /><testcase classname="backend.tests.test_iter120_security_auth_refresh.TestProtectedRoutes" name="test_protected_route_with_token_returns_200[/api/ranking-corridas]" time="0.191" /><testcase classname="backend.tests.test_iter120_security_auth_refresh.TestProtectedRoutes" name="test_protected_route_with_token_returns_200[/api/ranking-avaliadores]" time="0.161" /><testcase classname="backend.tests.test_iter120_security_auth_refresh.TestProtectedRoutes" name="test_protected_route_with_token_returns_200[/api/liga-assessorias/ranking]" time="0.165" /><testcase classname="backend.tests.test_iter120_security_auth_refresh.TestProtectedRoutes" name="test_protected_route_with_token_returns_200[/api/liga-assessorias/stats]" time="0.156" /><testcase classname="backend.tests.test_iter120_security_auth_refresh.TestProtectedRoutes" name="test_protected_route_with_token_returns_200[/api/badges/lista]" time="0.166" /><testcase classname="backend.tests.test_iter120_security_auth_refresh.TestProtectedRoutes" name="test_protected_route_with_token_returns_200[/api/strava-atividades/membros]" time="0.235" /><testcase classname="backend.tests.test_iter120_security_auth_refresh.TestProtectedRoutes" name="test_protected_route_with_token_returns_200[/api/assessorias/lista]" time="0.181" /><testcase classname="backend.tests.test_iter120_security_auth_refresh.TestProtectedRoutes" name="test_protected_route_with_token_returns_200[/api/feed/trending]" time="0.186" /><testcase classname="backend.tests.test_iter120_security_auth_refresh.TestPublicRoutes" name="test_public_route_without_token_returns_200[/api/corridas-eventos]" time="0.114" /><testcase classname="backend.tests.test_iter120_security_auth_refresh.TestPublicRoutes" name="test_public_route_without_token_returns_200[/api/ranking-corridas/stats]" time="0.094" /><testcase classname="backend.tests.test_iter120_security_auth_refresh.TestPublicRoutes" name="test_public_route_without_token_returns_200[/api/temporadas/historico]" time="0.088" /><testcase classname="backend.tests.test_iter120_security_auth_refresh.TestPublicRoutes" name="test_public_route_without_token_returns_200[/api/parceiros]" time="0.069" /><testcase classname="backend.tests.test_iter120_security_auth_refresh.TestPublicRoutes" name="test_public_route_without_token_returns_200[/api/regulamento]" time="0.086" /><testcase classname="backend.tests.test_iter120_security_auth_refresh.TestPublicRoutes" name="test_public_route_without_token_returns_200[/api/planos]" time="0.093"><failure message="AssertionError: /api/planos: Expected 2xx, got 404: {&quot;detail&quot;:&quot;Not Found&quot;}&#10;assert 404 in [200, 201, 204]&#10; +  where 404 = &lt;Response [404]&gt;.status_code">backend/tests/test_iter120_security_auth_refresh.py:173: in test_public_route_without_token_returns_200
    assert response.status_code in [200, 201, 204], f"{endpoint}: Expected 2xx, got {response.status_code}: {response.text}"
E   AssertionError: /api/planos: Expected 2xx, got 404: {"detail":"Not Found"}
E   assert 404 in [200, 201, 204]
E    +  where 404 = &lt;Response [404]&gt;.status_code</failure></testcase><testcase classname="backend.tests.test_iter120_security_auth_refresh.TestPublicRoutes" name="test_public_route_without_token_returns_200[/api/financeiro/config-precos-publico]" time="0.106" /><testcase classname="backend.tests.test_iter120_security_auth_refresh.TestPublicRoutes" name="test_public_route_without_token_returns_200[/api/corridas-parceiras]" time="0.081" /><testcase classname="backend.tests.test_iter120_security_auth_refresh.TestPublicRoutes" name="test_public_route_without_token_returns_200[/api/health]" time="0.304" /><testcase classname="backend.tests.test_iter120_security_auth_refresh.TestParameterValidation" name="test_page_capped_at_100" time="0.198" /><testcase classname="backend.tests.test_iter120_security_auth_refresh.TestParameterValidation" name="test_limit_capped_at_20" time="0.204" /><testcase classname="backend.tests.test_iter120_security_auth_refresh.TestSecurityHeaders" name="test_security_headers_present" time="0.293" /><testcase classname="backend.tests.test_iter120_security_auth_refresh.TestAccessTokenWorks" name="test_access_token_works_for_auth_me" time="0.217" /><testcase classname="backend.tests.test_iter120_security_auth_refresh.TestRateLimitConceptual" name="test_rate_limit_headers_present" time="2.504" /></testsuite></testsuites>