<?xml version="1.0" encoding="utf-8"?><testsuites name="pytest tests"><testsuite name="pytest" errors="0" failures="0" skipped="0" tests="15" time="2.056" timestamp="2026-03-27T15:08:50.254435+00:00" hostname="agent-env-9b962405-0d9b-490a-8729-7be0e22f4911"><testcase classname="backend.tests.test_iter83_confirmacao_pix.TestPagamentoEndpoints" name="test_01_meu_plano_returns_premium_status" time="0.798" /><testcase classname="backend.tests.test_iter83_confirmacao_pix.TestPagamentoEndpoints" name="test_02_meu_plano_returns_plano_atleta_premium" time="0.039" /><testcase classname="backend.tests.test_iter83_confirmacao_pix.TestPixStatusEndpoint" name="test_03_pix_status_requires_auth" time="0.075" /><testcase classname="backend.tests.test_iter83_confirmacao_pix.TestPixStatusEndpoint" name="test_04_pix_status_returns_404_for_invalid_txid" time="0.078" /><testcase classname="backend.tests.test_iter83_confirmacao_pix.TestPixCriarEndpoint" name="test_05_pix_criar_requires_auth" time="0.079" /><testcase classname="backend.tests.test_iter83_confirmacao_pix.TestPixCriarEndpoint" name="test_06_pix_criar_returns_400_if_already_premium" time="0.075" /><testcase classname="backend.tests.test_iter83_confirmacao_pix.TestWebhookEndpoint" name="test_07_webhook_healthcheck_returns_empty" time="0.077" /><testcase classname="backend.tests.test_iter83_confirmacao_pix.TestWebhookEndpoint" name="test_08_webhook_post_returns_ok" time="0.071" /><testcase classname="backend.tests.test_iter83_confirmacao_pix.TestWebhookEndpoint" name="test_09_webhook_handles_invalid_txid_gracefully" time="0.076" /><testcase classname="backend.tests.test_iter83_confirmacao_pix.TestAdminTransacoes" name="test_10_admin_transacoes_requires_admin" time="0.037" /><testcase classname="backend.tests.test_iter83_confirmacao_pix.TestAdminTransacoes" name="test_11_admin_transacoes_returns_list" time="0.321" /><testcase classname="backend.tests.test_iter83_confirmacao_pix.TestConfirmationScreenData" name="test_12_plano_vigente_has_required_fields" time="0.035" /><testcase classname="backend.tests.test_iter83_confirmacao_pix.TestConfirmationScreenData" name="test_13_pix_status_paid_response_structure" time="0.099" /><testcase classname="backend.tests.test_iter83_confirmacao_pix.TestPollingFlow" name="test_14_pix_status_returns_payment_status" time="0.051" /><testcase classname="backend.tests.test_iter83_confirmacao_pix.TestPollingFlow" name="test_15_webhook_activates_premium" time="0.073" /></testsuite></testsuites>