<?xml version="1.0" encoding="utf-8"?><testsuites name="pytest tests"><testsuite name="pytest" errors="0" failures="0" skipped="0" tests="15" time="13.306" timestamp="2026-03-08T22:22:01.340463+00:00" hostname="agent-env-8e1f9875-298f-4d88-acab-3df1df069de1"><testcase classname="backend.tests.test_iter25_ranking_filters.TestRankingEquipesTabs" name="test_ranking_nacional_returns_data" time="1.112" /><testcase classname="backend.tests.test_iter25_ranking_filters.TestRankingEquipesTabs" name="test_ranking_estadual_without_estado" time="0.688" /><testcase classname="backend.tests.test_iter25_ranking_filters.TestRankingEquipesTabs" name="test_ranking_estadual_with_estado" time="0.909" /><testcase classname="backend.tests.test_iter25_ranking_filters.TestRankingEquipesTabs" name="test_ranking_cidade_with_filters" time="0.710" /><testcase classname="backend.tests.test_iter25_ranking_filters.TestRankingEquipesTabs" name="test_ranking_historico_returns_all_time_data" time="0.706" /><testcase classname="backend.tests.test_iter25_ranking_filters.TestMonthFilter" name="test_month_filter_january" time="0.698" /><testcase classname="backend.tests.test_iter25_ranking_filters.TestMonthFilter" name="test_month_filter_february" time="0.694" /><testcase classname="backend.tests.test_iter25_ranking_filters.TestMonthFilter" name="test_month_filter_march" time="0.736" /><testcase classname="backend.tests.test_iter25_ranking_filters.TestMonthFilter" name="test_month_filter_invalid_month" time="0.679" /><testcase classname="backend.tests.test_iter25_ranking_filters.TestMonthFilter" name="test_month_filter_combined_with_estadual" time="0.701" /><testcase classname="backend.tests.test_iter25_ranking_filters.TestMonthFilter" name="test_historico_ignores_month_filter" time="1.397" /><testcase classname="backend.tests.test_iter25_ranking_filters.TestMonthFilterComparison" name="test_compare_month_vs_all" time="1.408" /><testcase classname="backend.tests.test_iter25_ranking_filters.TestRankingDataStructure" name="test_ranking_response_structure" time="0.701" /><testcase classname="backend.tests.test_iter25_ranking_filters.TestEstadosEndpoint" name="test_get_estados_com_assessorias" time="0.712" /><testcase classname="backend.tests.test_iter25_ranking_filters.TestCidadesEndpoint" name="test_get_cidades_por_estado" time="1.362" /></testsuite></testsuites>