<?xml version="1.0" encoding="utf-8"?><testsuites name="pytest tests"><testsuite name="pytest" errors="0" failures="0" skipped="0" tests="11" time="5.267" timestamp="2026-04-07T20:57:39.611617+00:00" hostname="agent-env-9b962405-0d9b-490a-8729-7be0e22f4911"><testcase classname="backend.tests.test_iter106_parceiros.TestParceirosPublic" name="test_listar_parceiros_publico" time="0.301" /><testcase classname="backend.tests.test_iter106_parceiros.TestParceirosAdmin" name="test_admin_listar_parceiros" time="0.620" /><testcase classname="backend.tests.test_iter106_parceiros.TestParceirosAdmin" name="test_criar_parceiro_sem_imagem" time="0.450" /><testcase classname="backend.tests.test_iter106_parceiros.TestParceirosAdmin" name="test_criar_parceiro_com_imagem" time="0.545" /><testcase classname="backend.tests.test_iter106_parceiros.TestParceirosAdmin" name="test_editar_parceiro" time="0.618" /><testcase classname="backend.tests.test_iter106_parceiros.TestParceirosAdmin" name="test_deletar_parceiro" time="0.557" /><testcase classname="backend.tests.test_iter106_parceiros.TestParceirosAdmin" name="test_deletar_parceiro_inexistente" time="0.369" /><testcase classname="backend.tests.test_iter106_parceiros.TestParceirosAdmin" name="test_upload_imagem_avulso" time="0.434" /><testcase classname="backend.tests.test_iter106_parceiros.TestParceirosAdmin" name="test_export_excel" time="0.420" /><testcase classname="backend.tests.test_iter106_parceiros.TestParceirosAdmin" name="test_export_excel_sem_auth" time="0.364" /><testcase classname="backend.tests.test_iter106_parceiros.TestParceirosDataPersistence" name="test_create_and_verify_in_public_list" time="0.522" /></testsuite></testsuites>