<?xml version="1.0" encoding="utf-8"?><testsuites name="pytest tests"><testsuite name="pytest" errors="0" failures="0" skipped="0" tests="12" time="2.200" timestamp="2026-03-24T18:43:27.520003+00:00" hostname="agent-env-9b962405-0d9b-490a-8729-7be0e22f4911"><testcase classname="backend.tests.test_iter68_engajamento.TestEngajamentoDashboard" name="test_engajamento_endpoint_returns_200" time="0.474" /><testcase classname="backend.tests.test_iter68_engajamento.TestEngajamentoDashboard" name="test_engajamento_has_resumo" time="0.098" /><testcase classname="backend.tests.test_iter68_engajamento.TestEngajamentoDashboard" name="test_engajamento_has_melhor_mensagem" time="0.102" /><testcase classname="backend.tests.test_iter68_engajamento.TestEngajamentoDashboard" name="test_engajamento_has_timeline" time="0.094" /><testcase classname="backend.tests.test_iter68_engajamento.TestEngajamentoDashboard" name="test_engajamento_requires_admin" time="0.077" /><testcase classname="backend.tests.test_iter68_engajamento.TestEngajamentoDashboard" name="test_engajamento_rejects_atleta" time="0.387" /><testcase classname="backend.tests.test_iter68_engajamento.TestExistingEndpoints" name="test_admin_stats_endpoint" time="0.077" /><testcase classname="backend.tests.test_iter68_engajamento.TestExistingEndpoints" name="test_mensagens_historico_endpoint" time="0.061" /><testcase classname="backend.tests.test_iter68_engajamento.TestExistingEndpoints" name="test_login_admin" time="0.283" /><testcase classname="backend.tests.test_iter68_engajamento.TestExistingEndpoints" name="test_login_atleta" time="0.314" /><testcase classname="backend.tests.test_iter68_engajamento.TestEngajamentoDataIntegrity" name="test_taxa_leitura_calculation" time="0.076" /><testcase classname="backend.tests.test_iter68_engajamento.TestEngajamentoDataIntegrity" name="test_resumo_totals_match_timeline" time="0.087" /></testsuite></testsuites>