<?xml version="1.0" encoding="utf-8"?><testsuites name="pytest tests"><testsuite name="pytest" errors="0" failures="0" skipped="0" tests="22" time="30.180" timestamp="2026-02-24T15:23:38.228948+00:00" hostname="agent-env-161a82ba-cdbf-466f-a179-95c93dd2b93b"><testcase classname="backend.tests.test_ranking_run_pro.TestHealthAndRootEndpoint" name="test_root_endpoint" time="1.158" /><testcase classname="backend.tests.test_ranking_run_pro.TestAuthentication" name="test_admin_login_success" time="1.144" /><testcase classname="backend.tests.test_ranking_run_pro.TestAuthentication" name="test_atleta_login_success" time="0.982" /><testcase classname="backend.tests.test_ranking_run_pro.TestAuthentication" name="test_login_invalid_credentials" time="0.735" /><testcase classname="backend.tests.test_ranking_run_pro.TestAuthentication" name="test_auth_me_endpoint" time="1.678" /><testcase classname="backend.tests.test_ranking_run_pro.TestAdminDashboardStats" name="test_admin_stats_total_atletas" time="1.711" /><testcase classname="backend.tests.test_ranking_run_pro.TestAdminDashboardStats" name="test_admin_stats_estados" time="1.668" /><testcase classname="backend.tests.test_ranking_run_pro.TestAdminDashboardStats" name="test_admin_stats_categorias" time="1.744" /><testcase classname="backend.tests.test_ranking_run_pro.TestAdminDashboardStats" name="test_admin_stats_faixa_etaria" time="1.637" /><testcase classname="backend.tests.test_ranking_run_pro.TestAdminDashboardStats" name="test_admin_stats_requires_admin" time="1.974" /><testcase classname="backend.tests.test_ranking_run_pro.TestAtletaPerfil" name="test_atleta_detalhes" time="3.263" /><testcase classname="backend.tests.test_ranking_run_pro.TestAtletaPerfil" name="test_update_perfil" time="2.407" /><testcase classname="backend.tests.test_ranking_run_pro.TestAtletaPerfil" name="test_update_perfil_no_data" time="1.642" /><testcase classname="backend.tests.test_ranking_run_pro.TestRanking" name="test_ranking_masculino" time="0.722" /><testcase classname="backend.tests.test_ranking_run_pro.TestRanking" name="test_ranking_feminino" time="0.760" /><testcase classname="backend.tests.test_ranking_run_pro.TestRanking" name="test_ranking_pcd_m" time="0.858" /><testcase classname="backend.tests.test_ranking_run_pro.TestRanking" name="test_ranking_pcd_f" time="1.185" /><testcase classname="backend.tests.test_ranking_run_pro.TestRanking" name="test_ranking_cadeirante_m" time="0.688" /><testcase classname="backend.tests.test_ranking_run_pro.TestRanking" name="test_ranking_cadeirante_f" time="0.852" /><testcase classname="backend.tests.test_ranking_run_pro.TestRanking" name="test_ranking_points_validation" time="0.679" /><testcase classname="backend.tests.test_ranking_run_pro.TestRanking" name="test_ranking_nacional" time="0.744" /><testcase classname="backend.tests.test_ranking_run_pro.TestAdminPendentes" name="test_get_pendentes" time="1.760" /></testsuite></testsuites>