<?xml version="1.0" encoding="utf-8"?><testsuites name="pytest tests"><testsuite name="pytest" errors="0" failures="0" skipped="0" tests="20" time="12.707" timestamp="2026-03-27T21:05:27.489040+00:00" hostname="agent-env-9b962405-0d9b-490a-8729-7be0e22f4911"><testcase classname="backend.tests.test_iter86_efi_cartao.TestEfiConfig" name="test_01_config_requires_auth" time="0.109" /><testcase classname="backend.tests.test_iter86_efi_cartao.TestEfiConfig" name="test_02_config_returns_payee_code" time="0.299" /><testcase classname="backend.tests.test_iter86_efi_cartao.TestEfiConfig" name="test_03_config_returns_environment" time="0.023" /><testcase classname="backend.tests.test_iter86_efi_cartao.TestEfiConfig" name="test_04_config_returns_expected_payee_code" time="0.062" /><testcase classname="backend.tests.test_iter86_efi_cartao.TestCartaoCriar" name="test_05_cartao_requires_auth" time="0.023" /><testcase classname="backend.tests.test_iter86_efi_cartao.TestCartaoCriar" name="test_06_cartao_validates_required_fields" time="0.063" /><testcase classname="backend.tests.test_iter86_efi_cartao.TestCartaoCriar" name="test_07_cartao_with_fake_token_returns_sdk_error" time="7.438" /><testcase classname="backend.tests.test_iter86_efi_cartao.TestCartaoCriar" name="test_08_cartao_endpoint_exists" time="0.366" /><testcase classname="backend.tests.test_iter86_efi_cartao.TestPixRegression" name="test_09_pix_endpoint_exists" time="2.704" /><testcase classname="backend.tests.test_iter86_efi_cartao.TestPixRegression" name="test_10_pix_requires_auth" time="0.024" /><testcase classname="backend.tests.test_iter86_efi_cartao.TestPixRegression" name="test_11_pix_creates_charge_or_returns_sdk_error" time="1.501" /><testcase classname="backend.tests.test_iter86_efi_cartao.TestPremiumUserRejection" name="test_12_check_user_premium_status" time="0.028" /><testcase classname="backend.tests.test_iter86_efi_cartao.TestCodeReview" name="test_13_efi_routes_has_cartao_endpoint" time="0.000" /><testcase classname="backend.tests.test_iter86_efi_cartao.TestCodeReview" name="test_14_efi_routes_has_config_endpoint" time="0.000" /><testcase classname="backend.tests.test_iter86_efi_cartao.TestCodeReview" name="test_15_cartao_uses_create_one_step_charge" time="0.000" /><testcase classname="backend.tests.test_iter86_efi_cartao.TestCodeReview" name="test_16_cartao_checks_premium_status" time="0.000" /><testcase classname="backend.tests.test_iter86_efi_cartao.TestCodeReview" name="test_17_frontend_has_cartao_form" time="0.000" /><testcase classname="backend.tests.test_iter86_efi_cartao.TestCodeReview" name="test_18_frontend_has_efi_bank_text" time="0.000" /><testcase classname="backend.tests.test_iter86_efi_cartao.TestCodeReview" name="test_19_frontend_imports_payment_token_efi" time="0.000" /><testcase classname="backend.tests.test_iter86_efi_cartao.TestCodeReview" name="test_20_frontend_has_card_fields" time="0.001" /></testsuite></testsuites>