<?xml version="1.0" encoding="utf-8"?><testsuites name="pytest tests"><testsuite name="pytest" errors="0" failures="0" skipped="0" tests="11" time="1.671" timestamp="2026-04-12T01:23:18.406954+00:00" hostname="agent-env-9b962405-0d9b-490a-8729-7be0e22f4911"><testcase classname="backend.tests.test_iter112_modo_votar.TestModoVotarBackend" name="test_01_premiacao_votar_exists" time="0.119" /><testcase classname="backend.tests.test_iter112_modo_votar.TestModoVotarBackend" name="test_02_get_categorias_returns_opcoes" time="0.068" /><testcase classname="backend.tests.test_iter112_modo_votar.TestModoVotarBackend" name="test_03_admin_create_category_with_opcoes" time="0.394" /><testcase classname="backend.tests.test_iter112_modo_votar.TestModoVotarBackend" name="test_04_verify_created_category_opcoes" time="0.094" /><testcase classname="backend.tests.test_iter112_modo_votar.TestModoVotarBackend" name="test_05_atleta_vote_with_opcao" time="0.368" /><testcase classname="backend.tests.test_iter112_modo_votar.TestModoVotarBackend" name="test_06_verify_vote_recorded" time="0.076" /><testcase classname="backend.tests.test_iter112_modo_votar.TestModoVotarBackend" name="test_07_modo_indicar_requires_link" time="0.155" /><testcase classname="backend.tests.test_iter112_modo_votar.TestModoVotarBackend" name="test_08_admin_get_categorias_includes_opcoes" time="0.074" /><testcase classname="backend.tests.test_iter112_modo_votar.TestModoVotarBackend" name="test_09_atleta_can_change_vote" time="0.088" /><testcase classname="backend.tests.test_iter112_modo_votar.TestModoVotarBackend" name="test_10_cleanup_delete_test_category" time="0.079" /><testcase classname="backend.tests.test_iter112_modo_votar.TestModoVotarBackend" name="test_11_verify_existing_categoria_cor_camisa" time="0.091" /></testsuite></testsuites>