<?xml version="1.0" encoding="utf-8"?><testsuites name="pytest tests"><testsuite name="pytest" errors="0" failures="0" skipped="0" tests="23" time="17.524" timestamp="2026-03-19T02:34:27.373476+00:00" hostname="agent-env-e8085c19-f325-45b7-a23c-6e3d1e6e9d84"><testcase classname="tests.test_iter45_export_endpoints.TestAuthentication" name="test_login_success" time="1.178" /><testcase classname="tests.test_iter45_export_endpoints.TestAuthentication" name="test_login_invalid_credentials" time="0.831" /><testcase classname="tests.test_iter45_export_endpoints.TestExportCSV" name="test_export_csv_requires_auth" time="0.708" /><testcase classname="tests.test_iter45_export_endpoints.TestExportCSV" name="test_export_csv_with_auth" time="1.545" /><testcase classname="tests.test_iter45_export_endpoints.TestExportCSV" name="test_export_csv_assessoria_not_found" time="0.632" /><testcase classname="tests.test_iter45_export_endpoints.TestExportJSON" name="test_export_json_requires_auth" time="0.702" /><testcase classname="tests.test_iter45_export_endpoints.TestExportJSON" name="test_export_json_with_auth" time="0.653" /><testcase classname="tests.test_iter45_export_endpoints.TestExportJSON" name="test_export_json_assessoria_not_found" time="0.638" /><testcase classname="tests.test_iter45_export_endpoints.TestExportGraficos" name="test_export_graficos_requires_auth" time="0.708" /><testcase classname="tests.test_iter45_export_endpoints.TestExportGraficos" name="test_export_graficos_with_auth" time="0.847" /><testcase classname="tests.test_iter45_export_endpoints.TestRankingCorridas" name="test_get_ranking_corridas_default" time="0.664" /><testcase classname="tests.test_iter45_export_endpoints.TestRankingCorridas" name="test_get_ranking_corridas_nacional" time="0.659" /><testcase classname="tests.test_iter45_export_endpoints.TestRankingCorridas" name="test_get_ranking_corridas_estadual" time="0.719" /><testcase classname="tests.test_iter45_export_endpoints.TestLigaAssessorias" name="test_get_estados_com_assessorias" time="0.692" /><testcase classname="tests.test_iter45_export_endpoints.TestLigaAssessorias" name="test_get_cidades_com_assessorias" time="0.676" /><testcase classname="tests.test_iter45_export_endpoints.TestLigaAssessorias" name="test_get_cidades_filtered_by_estado" time="0.661" /><testcase classname="tests.test_iter45_export_endpoints.TestFeedReactions" name="test_get_reacoes_disponiveis" time="0.954" /><testcase classname="tests.test_iter45_export_endpoints.TestComparacaoMensal" name="test_get_comparacao_mensal" time="0.677" /><testcase classname="tests.test_iter45_export_endpoints.TestGraficosAvancados" name="test_graficos_avancados_requires_auth" time="0.692" /><testcase classname="tests.test_iter45_export_endpoints.TestGraficosAvancados" name="test_graficos_avancados_with_auth" time="0.666" /><testcase classname="tests.test_iter45_export_endpoints.TestEndpointCodeQuality" name="test_csv_export_content_disposition" time="0.631" /><testcase classname="tests.test_iter45_export_endpoints.TestEndpointCodeQuality" name="test_json_export_content_disposition" time="0.666" /><testcase classname="tests.test_iter45_export_endpoints.TestEndpointCodeQuality" name="test_export_invalid_format" time="0.626" /></testsuite></testsuites>