<?xml version="1.0" encoding="utf-8"?><testsuites name="pytest tests"><testsuite name="pytest" errors="0" failures="0" skipped="0" tests="21" time="20.633" timestamp="2026-03-08T23:10:34.384210+00:00" hostname="agent-env-8e1f9875-298f-4d88-acab-3df1df069de1"><testcase classname="backend.tests.test_iter26_admin_dashboard.TestAdminStatsDashboardGeral" name="test_admin_stats_returns_data" time="2.316" /><testcase classname="backend.tests.test_iter26_admin_dashboard.TestAdminStatsDashboardGeral" name="test_admin_stats_estados" time="0.694" /><testcase classname="backend.tests.test_iter26_admin_dashboard.TestAdminStatsDashboardGeral" name="test_admin_stats_categorias" time="0.697" /><testcase classname="backend.tests.test_iter26_admin_dashboard.TestAdminStatsDashboardGeral" name="test_admin_stats_faixa_etaria" time="0.722" /><testcase classname="backend.tests.test_iter26_admin_dashboard.TestAdminStatsDashboardGeral" name="test_admin_stats_corridas_por_mes" time="0.693" /><testcase classname="backend.tests.test_iter26_admin_dashboard.TestAdminAtletasDashboard" name="test_get_all_atletas" time="1.122" /><testcase classname="backend.tests.test_iter26_admin_dashboard.TestAdminAtletasDashboard" name="test_atletas_filter_by_categoria" time="0.762" /><testcase classname="backend.tests.test_iter26_admin_dashboard.TestAdminAtletasDashboard" name="test_admin_atletas_export" time="0.806" /><testcase classname="backend.tests.test_iter26_admin_dashboard.TestAdminAssessoriasDashboard" name="test_liga_ranking_nacional" time="0.696" /><testcase classname="backend.tests.test_iter26_admin_dashboard.TestAdminAssessoriasDashboard" name="test_liga_stats" time="0.696" /><testcase classname="backend.tests.test_iter26_admin_dashboard.TestAdminAssessoriasDashboard" name="test_liga_estados" time="0.713" /><testcase classname="backend.tests.test_iter26_admin_dashboard.TestEvolucaoMensalChart" name="test_evolucao_mensal_returns_data" time="0.711" /><testcase classname="backend.tests.test_iter26_admin_dashboard.TestEvolucaoMensalChart" name="test_evolucao_mensal_different_top_values" time="2.227" /><testcase classname="backend.tests.test_iter26_admin_dashboard.TestRankingEquipesFilters" name="test_filter_nacional" time="0.710" /><testcase classname="backend.tests.test_iter26_admin_dashboard.TestRankingEquipesFilters" name="test_filter_estadual" time="1.381" /><testcase classname="backend.tests.test_iter26_admin_dashboard.TestRankingEquipesFilters" name="test_filter_historico" time="0.689" /><testcase classname="backend.tests.test_iter26_admin_dashboard.TestRankingEquipesFilters" name="test_filter_by_mes" time="2.130" /><testcase classname="backend.tests.test_iter26_admin_dashboard.TestCorridasDashboard" name="test_ranking_corridas_endpoint" time="0.686" /><testcase classname="backend.tests.test_iter26_admin_dashboard.TestCorridasDashboard" name="test_ranking_corridas_dashboard" time="0.698" /><testcase classname="backend.tests.test_iter26_admin_dashboard.TestAprovacoesDashboard" name="test_get_pendentes" time="0.668" /><testcase classname="backend.tests.test_iter26_admin_dashboard.TestRankingPovaoStats" name="test_ranking_povao_stats" time="0.682" /></testsuite></testsuites>