<?xml version="1.0" encoding="utf-8"?><testsuites name="pytest tests"><testsuite name="pytest" errors="0" failures="0" skipped="0" tests="16" time="11.553" timestamp="2026-03-19T21:24:31.141519+00:00" hostname="agent-env-8d9a57c9-2862-42a6-850e-eb396bff623f"><testcase classname="backend.tests.test_iter53_ranking_cidade.TestRankingEstados" name="test_get_estados_returns_200" time="0.945" /><testcase classname="backend.tests.test_iter53_ranking_cidade.TestRankingEstados" name="test_get_estados_returns_list" time="0.719" /><testcase classname="backend.tests.test_iter53_ranking_cidade.TestRankingEstados" name="test_get_estados_contains_sp" time="0.867" /><testcase classname="backend.tests.test_iter53_ranking_cidade.TestRankingCidades" name="test_get_cidades_returns_200" time="0.649" /><testcase classname="backend.tests.test_iter53_ranking_cidade.TestRankingCidades" name="test_get_cidades_returns_list_with_atletas_count" time="0.687" /><testcase classname="backend.tests.test_iter53_ranking_cidade.TestRankingCidades" name="test_get_cidades_filtered_by_estado_sp" time="0.719" /><testcase classname="backend.tests.test_iter53_ranking_cidade.TestRankingCidades" name="test_get_cidades_sp_contains_sao_paulo" time="0.674" /><testcase classname="backend.tests.test_iter53_ranking_cidade.TestRankingPorCidadeProfissional" name="test_ranking_sp_sao_paulo_profissional_returns_200" time="0.736" /><testcase classname="backend.tests.test_iter53_ranking_cidade.TestRankingPorCidadeProfissional" name="test_ranking_sp_sao_paulo_profissional_has_ranking" time="0.673" /><testcase classname="backend.tests.test_iter53_ranking_cidade.TestRankingPorCidadeProfissional" name="test_ranking_sp_sao_paulo_profissional_athlete_structure" time="0.727" /><testcase classname="backend.tests.test_iter53_ranking_cidade.TestRankingPorCidadeProfissional" name="test_ranking_profissional_athletes_ordered_by_points" time="0.676" /><testcase classname="backend.tests.test_iter53_ranking_cidade.TestRankingPorCidadePovao" name="test_ranking_sp_sao_paulo_povao_returns_200" time="0.671" /><testcase classname="backend.tests.test_iter53_ranking_cidade.TestRankingPorCidadePovao" name="test_ranking_sp_sao_paulo_povao_response_structure" time="0.692" /><testcase classname="backend.tests.test_iter53_ranking_cidade.TestRankingPorCidadeOtherCases" name="test_ranking_rj_rio_profissional" time="0.683" /><testcase classname="backend.tests.test_iter53_ranking_cidade.TestRankingPorCidadeOtherCases" name="test_ranking_nonexistent_city" time="0.652" /><testcase classname="backend.tests.test_iter53_ranking_cidade.TestRankingPorCidadeOtherCases" name="test_ranking_with_feminino_genero" time="0.710" /></testsuite></testsuites>