<?xml version="1.0" encoding="utf-8"?><testsuites name="pytest tests"><testsuite name="pytest" errors="0" failures="0" skipped="0" tests="16" time="13.660" timestamp="2026-03-10T21:02:28.380744+00:00" hostname="agent-env-540dbbb1-ded4-42fe-aee1-b7fd8882e6f9"><testcase classname="backend.tests.test_iter31_cache_redis.TestCacheRedisStatus" name="test_cache_stats_endpoint_exists" time="1.996" /><testcase classname="backend.tests.test_iter31_cache_redis.TestRankingPovaoWithCache" name="test_ranking_povao_masculino" time="0.626" /><testcase classname="backend.tests.test_iter31_cache_redis.TestRankingPovaoWithCache" name="test_ranking_povao_feminino" time="0.623" /><testcase classname="backend.tests.test_iter31_cache_redis.TestRankingPovaoWithCache" name="test_ranking_povao_cache_hit" time="2.497" /><testcase classname="backend.tests.test_iter31_cache_redis.TestLigaAssessoriasWithCache" name="test_liga_assessorias_ranking_nacional" time="0.658" /><testcase classname="backend.tests.test_iter31_cache_redis.TestLigaAssessoriasWithCache" name="test_liga_assessorias_stats" time="0.622" /><testcase classname="backend.tests.test_iter31_cache_redis.TestAdminRoutesModule" name="test_admin_stats" time="0.625" /><testcase classname="backend.tests.test_iter31_cache_redis.TestAdminRoutesModule" name="test_admin_pendentes" time="0.618" /><testcase classname="backend.tests.test_iter31_cache_redis.TestAdminRoutesModule" name="test_admin_stats_requires_auth" time="0.888" /><testcase classname="backend.tests.test_iter31_cache_redis.TestAssessoriasRoutesModule" name="test_assessorias_lista" time="0.620" /><testcase classname="backend.tests.test_iter31_cache_redis.TestAssessoriasRoutesModule" name="test_liga_assessorias_evolucao_mensal" time="0.659" /><testcase classname="backend.tests.test_iter31_cache_redis.TestCacheInvalidation" name="test_cache_invalidation_endpoint_exists" time="0.619" /><testcase classname="backend.tests.test_iter31_cache_redis.TestRankingRoutesModule" name="test_ranking_semanal" time="0.625" /><testcase classname="backend.tests.test_iter31_cache_redis.TestRankingRoutesModule" name="test_ranking_mensal" time="0.658" /><testcase classname="backend.tests.test_iter31_cache_redis.TestRankingRoutesModule" name="test_ranking_estados" time="0.619" /><testcase classname="backend.tests.test_iter31_cache_redis.TestRankingRoutesModule" name="test_ranking_equipes" time="0.624" /></testsuite></testsuites>