<?xml version="1.0" encoding="utf-8"?><testsuites name="pytest tests"><testsuite name="pytest" errors="0" failures="0" skipped="0" tests="12" time="21.235" timestamp="2026-03-18T20:53:25.969910+00:00" hostname="agent-env-e8eb8bfa-907a-45b3-be11-2de84827087c"><testcase classname="backend.tests.test_iter39_p0_features.TestNotificacoesEndpoints" name="test_get_notificacoes_list" time="2.095" /><testcase classname="backend.tests.test_iter39_p0_features.TestNotificacoesEndpoints" name="test_get_notificacao_by_id_requires_auth" time="1.369" /><testcase classname="backend.tests.test_iter39_p0_features.TestNotificacoesEndpoints" name="test_get_notificacao_by_id_not_found" time="0.675" /><testcase classname="backend.tests.test_iter39_p0_features.TestNotificacoesEndpoints" name="test_delete_notificacao_requires_auth" time="0.692" /><testcase classname="backend.tests.test_iter39_p0_features.TestNotificacoesEndpoints" name="test_delete_notificacao_not_found" time="0.681" /><testcase classname="backend.tests.test_iter39_p0_features.TestNotificacoesEndpoints" name="test_notificacao_full_flow" time="5.785" /><testcase classname="backend.tests.test_iter39_p0_features.TestCriarAssessoriaWithIBGE" name="test_criar_assessoria_endpoint_exists" time="1.583" /><testcase classname="backend.tests.test_iter39_p0_features.TestCriarAssessoriaWithIBGE" name="test_assessoria_has_initial_points" time="0.904" /><testcase classname="backend.tests.test_iter39_p0_features.TestCriarAssessoriaWithIBGE" name="test_ibge_api_integration" time="1.352" /><testcase classname="backend.tests.test_iter39_p0_features.TestRefreshButtonAndUI" name="test_ranking_page_loads" time="0.715" /><testcase classname="backend.tests.test_iter39_p0_features.TestRefreshButtonAndUI" name="test_login_page_loads" time="0.520" /><testcase classname="backend.tests.test_iter39_p0_features.TestLinkClickableInNotifications" name="test_notification_with_url_in_message" time="4.793" /></testsuite></testsuites>