<?xml version="1.0" encoding="utf-8"?><testsuites name="pytest tests"><testsuite name="pytest" errors="0" failures="0" skipped="0" tests="19" time="3.726" timestamp="2026-04-13T15:10:44.312869+00:00" hostname="agent-env-9b962405-0d9b-490a-8729-7be0e22f4911"><testcase classname="backend.tests.test_iter118_8tasks.TestAuthentication" name="test_admin_login" time="0.432" /><testcase classname="backend.tests.test_iter118_8tasks.TestAuthentication" name="test_atleta_login" time="0.325" /><testcase classname="backend.tests.test_iter118_8tasks.TestTask6ExportCorridasExcel" name="test_export_corridas_completas_endpoint_exists" time="0.723" /><testcase classname="backend.tests.test_iter118_8tasks.TestTask7AutorizacoesCustomDate" name="test_autorizar_with_custom_date" time="0.537" /><testcase classname="backend.tests.test_iter118_8tasks.TestTask7AutorizacoesCustomDate" name="test_autorizar_endpoint_accepts_custom_date_field" time="0.394" /><testcase classname="backend.tests.test_iter118_8tasks.TestTask7bSuperAdminEmails" name="test_super_admin_emails_configured" time="0.000" /><testcase classname="backend.tests.test_iter118_8tasks.TestTask8BackupRestore" name="test_backup_info_endpoint" time="0.424" /><testcase classname="backend.tests.test_iter118_8tasks.TestTask8BackupRestore" name="test_backup_historico_endpoint" time="0.414" /><testcase classname="backend.tests.test_iter118_8tasks.TestTask8BackupRestore" name="test_restore_endpoint_exists" time="0.392" /><testcase classname="backend.tests.test_iter118_8tasks.TestTask4GaleraPontuacao" name="test_pontuacao_rules_in_services" time="0.000" /><testcase classname="backend.tests.test_iter118_8tasks.TestTask4GaleraPontuacao" name="test_pontuacao_frontend_display" time="0.000" /><testcase classname="backend.tests.test_iter118_8tasks.TestFeedAndStoriesImageURLs" name="test_feed_post_card_image_url_fix" time="0.000" /><testcase classname="backend.tests.test_iter118_8tasks.TestFeedAndStoriesImageURLs" name="test_stories_bar_image_url_fix" time="0.000" /><testcase classname="backend.tests.test_iter118_8tasks.TestHallDaFamaContrast" name="test_hall_da_fama_contrast_colors" time="0.000" /><testcase classname="backend.tests.test_iter118_8tasks.TestRankingCidadeMobileResponsive" name="test_ranking_cidade_responsive_classes" time="0.000" /><testcase classname="backend.tests.test_iter118_8tasks.TestBibleVerse" name="test_bible_verse_in_ranking_page" time="0.000" /><testcase classname="backend.tests.test_iter118_8tasks.TestDashboardAutorizacoesCustomDate" name="test_custom_date_input_exists" time="0.000" /><testcase classname="backend.tests.test_iter118_8tasks.TestDashboardBackupRestore" name="test_restore_section_exists" time="0.000" /><testcase classname="backend.tests.test_iter118_8tasks.TestDashboardCorridasExportButton" name="test_export_excel_button_exists" time="0.000" /></testsuite></testsuites>