<?xml version="1.0" encoding="utf-8"?><testsuites name="pytest tests"><testsuite name="pytest" errors="0" failures="0" skipped="0" tests="7" time="1.198" timestamp="2026-03-08T21:09:15.956972+00:00" hostname="agent-env-aea85e3c-b11d-48f5-9133-2ff2082eeff9"><testcase classname="backend.tests.test_iter21_assessorias_lista.TestAssessoriasLista" name="test_assessorias_lista_returns_200" time="0.104" /><testcase classname="backend.tests.test_iter21_assessorias_lista.TestAssessoriasLista" name="test_assessorias_lista_returns_list" time="0.079" /><testcase classname="backend.tests.test_iter21_assessorias_lista.TestAssessoriasLista" name="test_assessorias_lista_format" time="0.089" /><testcase classname="backend.tests.test_iter21_assessorias_lista.TestAssessoriasLista" name="test_assessorias_lista_excludes_individual" time="0.085" /><testcase classname="backend.tests.test_iter21_assessorias_lista.TestAssessoriasLista" name="test_assessorias_lista_nome_not_empty" time="0.076" /><testcase classname="backend.tests.test_iter21_assessorias_lista.TestAssessoriasListaIntegration" name="test_registration_with_assessoria_from_list" time="0.410" /><testcase classname="backend.tests.test_iter21_assessorias_lista.TestAssessoriasListaIntegration" name="test_registration_with_individual" time="0.298" /></testsuite></testsuites>