<?xml version="1.0" encoding="utf-8"?><testsuites name="pytest tests"><testsuite name="pytest" errors="0" failures="0" skipped="0" tests="8" time="2.621" timestamp="2026-03-08T20:48:58.238194+00:00" hostname="agent-env-aea85e3c-b11d-48f5-9133-2ff2082eeff9"><testcase classname="backend.tests.test_iter20_bugfixes.TestAuthRegister" name="test_register_success" time="0.363" /><testcase classname="backend.tests.test_iter20_bugfixes.TestAuthRegister" name="test_register_duplicate_email" time="0.373" /><testcase classname="backend.tests.test_iter20_bugfixes.TestAuthRegister" name="test_register_pcd_cannot_use_povao" time="0.081" /><testcase classname="backend.tests.test_iter20_bugfixes.TestAtletaDetalhes" name="test_atleta_detalhes_success" time="0.440" /><testcase classname="backend.tests.test_iter20_bugfixes.TestAtletaDetalhes" name="test_atleta_detalhes_not_found" time="0.091" /><testcase classname="backend.tests.test_iter20_bugfixes.TestAtletaDetalhes" name="test_atleta_detalhes_includes_all_fields" time="0.436" /><testcase classname="backend.tests.test_iter20_bugfixes.TestAtletaCorridas" name="test_atleta_corridas" time="0.438" /><testcase classname="backend.tests.test_iter20_bugfixes.TestNewAtletaRegistration" name="test_register_and_view_details" time="0.348" /></testsuite></testsuites>