<?xml version="1.0" encoding="utf-8"?><testsuites name="pytest tests"><testsuite name="pytest" errors="0" failures="0" skipped="0" tests="9" time="4.729" timestamp="2026-04-07T18:58:43.054126+00:00" hostname="agent-env-9b962405-0d9b-490a-8729-7be0e22f4911"><testcase classname="backend.tests.test_iter105_foto_pdf_politica.TestAuthentication" name="test_admin_login" time="0.532" /><testcase classname="backend.tests.test_iter105_foto_pdf_politica.TestFotoUpload" name="test_upload_foto_returns_api_prefix" time="0.451" /><testcase classname="backend.tests.test_iter105_foto_pdf_politica.TestPDFExport" name="test_export_pdf_returns_valid_pdf" time="0.526" /><testcase classname="backend.tests.test_iter105_foto_pdf_politica.TestPDFExport" name="test_export_pdf_404_for_invalid_id" time="0.402" /><testcase classname="backend.tests.test_iter105_foto_pdf_politica.TestXLSXExport" name="test_export_xlsx_returns_valid_xlsx" time="0.463" /><testcase classname="backend.tests.test_iter105_foto_pdf_politica.TestGraficosDataWithScores" name="test_graficos_data_has_all_sections" time="0.599" /><testcase classname="backend.tests.test_iter105_foto_pdf_politica.TestAnalysisWithFoto" name="test_analysis_with_foto_url" time="0.578" /><testcase classname="backend.tests.test_iter105_foto_pdf_politica.TestPrivacyPolicyPage" name="test_privacy_policy_page_accessible" time="0.064" /><testcase classname="backend.tests.test_iter105_foto_pdf_politica.TestCleanup" name="test_cleanup_test_analyses" time="1.038" /></testsuite></testsuites>