<?xml version="1.0" encoding="utf-8"?><testsuites name="pytest tests"><testsuite name="pytest" errors="0" failures="0" skipped="0" tests="16" time="1.829" timestamp="2026-02-25T19:48:54.128335+00:00" hostname="agent-env-06e90bbe-8867-4226-81f2-4da9c764159a"><testcase classname="tests.test_ranking_semanal_mensal.TestRankingSemanal" name="test_ranking_semanal_masculino" time="0.515" /><testcase classname="tests.test_ranking_semanal_mensal.TestRankingSemanal" name="test_ranking_semanal_feminino" time="0.116" /><testcase classname="tests.test_ranking_semanal_mensal.TestRankingSemanal" name="test_ranking_semanal_pcd_m" time="0.077" /><testcase classname="tests.test_ranking_semanal_mensal.TestRankingSemanal" name="test_ranking_semanal_cadeirante_m" time="0.061" /><testcase classname="tests.test_ranking_semanal_mensal.TestRankingSemanal" name="test_ranking_semanal_limite_top10" time="0.087" /><testcase classname="tests.test_ranking_semanal_mensal.TestRankingMensal" name="test_ranking_mensal_masculino" time="0.072" /><testcase classname="tests.test_ranking_semanal_mensal.TestRankingMensal" name="test_ranking_mensal_feminino" time="0.079" /><testcase classname="tests.test_ranking_semanal_mensal.TestRankingMensal" name="test_ranking_mensal_with_custom_month" time="0.085" /><testcase classname="tests.test_ranking_semanal_mensal.TestRankingMensal" name="test_ranking_mensal_limite_top10" time="0.056" /><testcase classname="tests.test_ranking_semanal_mensal.TestDestaqueMes" name="test_destaque_mes_structure" time="0.068" /><testcase classname="tests.test_ranking_semanal_mensal.TestDestaqueMes" name="test_destaque_mes_categorias" time="0.079" /><testcase classname="tests.test_ranking_semanal_mensal.TestDestaqueMes" name="test_destaque_mes_mais_ativo" time="0.075" /><testcase classname="tests.test_ranking_semanal_mensal.TestDestaqueMes" name="test_destaque_mes_mais_pontos" time="0.082" /><testcase classname="tests.test_ranking_semanal_mensal.TestDestaqueMes" name="test_destaque_mes_custom_month" time="0.096" /><testcase classname="tests.test_ranking_semanal_mensal.TestDestaqueMes" name="test_destaque_mes_top3_per_category" time="0.095" /><testcase classname="tests.test_ranking_semanal_mensal.TestMedals" name="test_ranking_semanal_positions" time="0.070" /></testsuite></testsuites>