<?xml version="1.0" encoding="utf-8"?><testsuites name="pytest tests"><testsuite name="pytest" errors="0" failures="0" skipped="0" tests="9" time="1.887" timestamp="2026-03-24T18:12:42.405963+00:00" hostname="agent-env-9b962405-0d9b-490a-8729-7be0e22f4911"><testcase classname="backend.tests.test_iter67_splash_leitura.TestSplashScreenBackend" name="test_01_health_check" time="0.332" /><testcase classname="backend.tests.test_iter67_splash_leitura.TestSplashScreenBackend" name="test_02_admin_login" time="0.335" /><testcase classname="backend.tests.test_iter67_splash_leitura.TestSplashScreenBackend" name="test_03_atleta_login" time="0.506" /><testcase classname="backend.tests.test_iter67_splash_leitura.TestSplashScreenBackend" name="test_04_get_splash_pendente" time="0.059" /><testcase classname="backend.tests.test_iter67_splash_leitura.TestSplashScreenBackend" name="test_05_get_leitura_stats" time="0.077" /><testcase classname="backend.tests.test_iter67_splash_leitura.TestSplashScreenBackend" name="test_06_reenviar_splash" time="0.143" /><testcase classname="backend.tests.test_iter67_splash_leitura.TestSplashScreenBackend" name="test_07_confirmar_splash" time="0.218" /><testcase classname="backend.tests.test_iter67_splash_leitura.TestSplashScreenBackend" name="test_08_historico_mensagens" time="0.065" /><testcase classname="backend.tests.test_iter67_splash_leitura.TestSplashScreenBackend" name="test_09_contagem_destinatarios" time="0.090" /></testsuite></testsuites>