<?xml version="1.0" encoding="utf-8"?><testsuites name="pytest tests"><testsuite name="pytest" errors="0" failures="0" skipped="0" tests="15" time="5.776" timestamp="2026-04-09T01:02:36.707386+00:00" hostname="agent-env-9b962405-0d9b-490a-8729-7be0e22f4911"><testcase classname="backend.tests.test_iter108_cloud_storage.TestStorageHealth" name="test_storage_health_returns_ok" time="0.549" /><testcase classname="backend.tests.test_iter108_cloud_storage.TestCloudFilesProxy" name="test_cloud_files_invalid_path_returns_404" time="0.673" /><testcase classname="backend.tests.test_iter108_cloud_storage.TestCloudFilesProxy" name="test_cloud_files_valid_path_structure" time="0.678" /><testcase classname="backend.tests.test_iter108_cloud_storage.TestAtletaFotoUpload" name="test_atleta_foto_upload_requires_auth" time="0.092" /><testcase classname="backend.tests.test_iter108_cloud_storage.TestAtletaFotoUpload" name="test_atleta_foto_upload_returns_cloud_url" time="0.745" /><testcase classname="backend.tests.test_iter108_cloud_storage.TestAdminInstagramUpload" name="test_instagram_upload_requires_admin" time="0.087" /><testcase classname="backend.tests.test_iter108_cloud_storage.TestAdminInstagramUpload" name="test_instagram_upload_returns_cloud_url" time="0.669" /><testcase classname="backend.tests.test_iter108_cloud_storage.TestAdminParceirosUpload" name="test_parceiros_upload_requires_admin" time="0.082" /><testcase classname="backend.tests.test_iter108_cloud_storage.TestAdminParceirosUpload" name="test_parceiros_with_image_returns_cloud_url" time="0.680" /><testcase classname="backend.tests.test_iter108_cloud_storage.TestAdminMensagensUpload" name="test_mensagens_upload_requires_admin" time="0.065" /><testcase classname="backend.tests.test_iter108_cloud_storage.TestAdminMensagensUpload" name="test_mensagens_upload_returns_cloud_url" time="0.710" /><testcase classname="backend.tests.test_iter108_cloud_storage.TestLegacyUploadsEndpoint" name="test_legacy_uploads_endpoint_exists" time="0.139" /><testcase classname="backend.tests.test_iter108_cloud_storage.TestLegacyUploadsEndpoint" name="test_legacy_uploads_nonexistent_file" time="0.091" /><testcase classname="backend.tests.test_iter108_cloud_storage.TestMongoDBMigration" name="test_user_foto_url_format" time="0.358" /><testcase classname="backend.tests.test_iter108_cloud_storage.TestCloudStorageService" name="test_storage_initialization" time="0.093" /></testsuite></testsuites>