<?xml version="1.0" encoding="utf-8"?><testsuites name="pytest tests"><testsuite name="pytest" errors="0" failures="2" skipped="7" tests="20" time="5.164" timestamp="2026-02-25T02:38:10.913053+00:00" hostname="agent-env-161a82ba-cdbf-466f-a179-95c93dd2b93b"><testcase classname="backend.tests.test_new_features.TestAdminAtletasCRUD" name="test_admin_get_all_atletas" time="0.675" /><testcase classname="backend.tests.test_new_features.TestAdminAtletasCRUD" name="test_admin_get_atletas_by_category_normal_m" time="0.375" /><testcase classname="backend.tests.test_new_features.TestAdminAtletasCRUD" name="test_admin_get_atletas_by_category_pcd" time="0.373" /><testcase classname="backend.tests.test_new_features.TestAdminAtletasCRUD" name="test_admin_get_atletas_by_category_cadeirante" time="0.382" /><testcase classname="backend.tests.test_new_features.TestAdminAtletasCRUD" name="test_admin_create_atleta" time="0.641" /><testcase classname="backend.tests.test_new_features.TestAdminAtletasCRUD" name="test_admin_update_atleta" time="0.474" /><testcase classname="backend.tests.test_new_features.TestAdminAtletasCRUD" name="test_admin_export_atletas" time="0.395" /><testcase classname="backend.tests.test_new_features.TestAdminAjustarPontos" name="test_admin_ajustar_pontos_adicionar" time="0.438" /><testcase classname="backend.tests.test_new_features.TestAdminAjustarPontos" name="test_admin_ajustar_pontos_remover" time="0.488" /><testcase classname="backend.tests.test_new_features.TestAtletaProfile" name="test_atleta_get_meu_perfil" time="0.068"><skipped type="pytest.skip" message="Athlete login failed">/app/backend/tests/test_new_features.py:250: Athlete login failed</skipped></testcase><testcase classname="backend.tests.test_new_features.TestAtletaProfile" name="test_atleta_update_perfil_nome" time="0.066"><skipped type="pytest.skip" message="Athlete login failed">/app/backend/tests/test_new_features.py:266: Athlete login failed</skipped></testcase><testcase classname="backend.tests.test_new_features.TestAtletaProfile" name="test_atleta_update_perfil_cidade_estado" time="0.079"><skipped type="pytest.skip" message="Athlete login failed">/app/backend/tests/test_new_features.py:293: Athlete login failed</skipped></testcase><testcase classname="backend.tests.test_new_features.TestAtletaProfile" name="test_atleta_update_perfil_data_nascimento" time="0.063"><skipped type="pytest.skip" message="Athlete login failed">/app/backend/tests/test_new_features.py:308: Athlete login failed</skipped></testcase><testcase classname="backend.tests.test_new_features.TestAtletaProfile" name="test_atleta_update_perfil_equipe" time="0.075"><skipped type="pytest.skip" message="Athlete login failed">/app/backend/tests/test_new_features.py:322: Athlete login failed</skipped></testcase><testcase classname="backend.tests.test_new_features.TestAtletaProfile" name="test_atleta_update_perfil_redes_sociais" time="0.063"><skipped type="pytest.skip" message="Athlete login failed">/app/backend/tests/test_new_features.py:334: Athlete login failed</skipped></testcase><testcase classname="backend.tests.test_new_features.TestAtletaExportData" name="test_atleta_export_meu_ranking" time="0.060"><skipped type="pytest.skip" message="Athlete login failed">/app/backend/tests/test_new_features.py:363: Athlete login failed</skipped></testcase><testcase classname="backend.tests.test_new_features.TestCompartilharAtleta" name="test_compartilhar_atleta" time="0.069"><failure message="KeyError: 'user'">backend/tests/test_new_features.py:385: in test_compartilhar_atleta
    atleta_id = response.json()["user"]["id"]
                ^^^^^^^^^^^^^^^^^^^^^^^
E   KeyError: 'user'</failure></testcase><testcase classname="backend.tests.test_new_features.TestRankingExport" name="test_export_ranking_csv" time="0.062" /><testcase classname="backend.tests.test_new_features.TestRankingExport" name="test_export_ranking_excel" time="0.092" /><testcase classname="backend.tests.test_new_features.TestAtletaDetalhes" name="test_get_atleta_detalhes" time="0.072"><failure message="KeyError: 'user'">backend/tests/test_new_features.py:440: in test_get_atleta_detalhes
    atleta_id = response.json()["user"]["id"]
                ^^^^^^^^^^^^^^^^^^^^^^^
E   KeyError: 'user'</failure></testcase></testsuite></testsuites>