<?xml version="1.0" encoding="utf-8"?><testsuites name="pytest tests"><testsuite name="pytest" errors="0" failures="0" skipped="0" tests="12" time="23.891" timestamp="2026-03-03T20:13:15.748498+00:00" hostname="agent-env-08fcde6d-a0c9-4364-a64f-dba3f967ef3e"><testcase classname="backend.tests.test_instagram_analytics.TestInstagramAnalytics" name="test_01_list_instagram_analyses" time="2.078" /><testcase classname="backend.tests.test_instagram_analytics.TestInstagramAnalytics" name="test_02_create_instagram_analysis" time="1.811" /><testcase classname="backend.tests.test_instagram_analytics.TestInstagramAnalytics" name="test_03_get_analysis_details" time="1.595" /><testcase classname="backend.tests.test_instagram_analytics.TestInstagramAnalytics" name="test_04_get_nonexistent_analysis" time="1.799" /><testcase classname="backend.tests.test_instagram_analytics.TestInstagramAnalytics" name="test_05_export_xlsx" time="1.594" /><testcase classname="backend.tests.test_instagram_analytics.TestInstagramAnalytics" name="test_06_export_csv" time="1.582" /><testcase classname="backend.tests.test_instagram_analytics.TestInstagramAnalytics" name="test_07_score_calculation_validation" time="2.346" /><testcase classname="backend.tests.test_instagram_analytics.TestInstagramAnalytics" name="test_08_delete_analysis" time="2.514" /><testcase classname="backend.tests.test_instagram_analytics.TestInstagramAnalytics" name="test_09_delete_nonexistent_analysis" time="1.606" /><testcase classname="backend.tests.test_instagram_analytics.TestInstagramAnalytics" name="test_10_unauthorized_access" time="2.289" /><testcase classname="backend.tests.test_instagram_analytics.TestInstagramAnalytics" name="test_cleanup" time="2.263" /><testcase classname="backend.tests.test_instagram_analytics.TestInstagramAnalyticsValidation" name="test_classification_ranges" time="2.308" /></testsuite></testsuites>