<?xml version="1.0" encoding="utf-8"?><testsuites name="pytest tests"><testsuite name="pytest" errors="0" failures="0" skipped="0" tests="6" time="0.752" timestamp="2026-04-04T17:22:59.376577+00:00" hostname="agent-env-9b962405-0d9b-490a-8729-7be0e22f4911"><testcase classname="tests.test_iter100_premium_badge.TestPremiumBadgeBackend" name="test_ranking_endpoint_returns_is_premium_field" time="0.141" /><testcase classname="tests.test_iter100_premium_badge.TestPremiumBadgeBackend" name="test_premium_athletes_exist_in_ranking" time="0.090" /><testcase classname="tests.test_iter100_premium_badge.TestPremiumBadgeBackend" name="test_ranking_nacional_returns_is_premium" time="0.179" /><testcase classname="tests.test_iter100_premium_badge.TestPremiumBadgeBackend" name="test_feminino_ranking_has_is_premium" time="0.093" /><testcase classname="tests.test_iter100_premium_badge.TestPremiumBadgeBackend" name="test_pcd_ranking_has_is_premium" time="0.098" /><testcase classname="tests.test_iter100_premium_badge.TestAutorizacoesCollection" name="test_autorizacoes_endpoint_exists" time="0.096" /></testsuite></testsuites>