<?xml version="1.0" encoding="utf-8"?><testsuites name="pytest tests"><testsuite name="pytest" errors="0" failures="0" skipped="0" tests="20" time="6.810" timestamp="2026-04-11T19:36:20.289890+00:00" hostname="agent-env-9b962405-0d9b-490a-8729-7be0e22f4911"><testcase classname="backend.tests.test_iter111_multi_premiacao.TestMultiPremiacaoBackend" name="test_get_status_backward_compat" time="0.121" /><testcase classname="backend.tests.test_iter111_multi_premiacao.TestMultiPremiacaoBackend" name="test_get_premiacoes_ativas" time="0.081" /><testcase classname="backend.tests.test_iter111_multi_premiacao.TestMultiPremiacaoBackend" name="test_get_todas_premiacoes" time="0.103" /><testcase classname="backend.tests.test_iter111_multi_premiacao.TestMultiPremiacaoBackend" name="test_get_single_premiacao" time="0.095" /><testcase classname="backend.tests.test_iter111_multi_premiacao.TestMultiPremiacaoBackend" name="test_get_premiacao_categorias" time="0.161" /><testcase classname="backend.tests.test_iter111_multi_premiacao.TestMultiPremiacaoBackend" name="test_get_regulamento" time="0.155" /><testcase classname="backend.tests.test_iter111_multi_premiacao.TestMultiPremiacaoBackend" name="test_admin_list_premiacoes" time="0.388" /><testcase classname="backend.tests.test_iter111_multi_premiacao.TestMultiPremiacaoBackend" name="test_admin_create_premiacao" time="0.312" /><testcase classname="backend.tests.test_iter111_multi_premiacao.TestMultiPremiacaoBackend" name="test_admin_update_premiacao" time="0.453" /><testcase classname="backend.tests.test_iter111_multi_premiacao.TestMultiPremiacaoBackend" name="test_admin_create_category" time="0.417" /><testcase classname="backend.tests.test_iter111_multi_premiacao.TestMultiPremiacaoBackend" name="test_admin_list_categories" time="0.393" /><testcase classname="backend.tests.test_iter111_multi_premiacao.TestMultiPremiacaoBackend" name="test_admin_open_close_voting" time="0.686" /><testcase classname="backend.tests.test_iter111_multi_premiacao.TestMultiPremiacaoBackend" name="test_admin_delete_premiacao" time="0.407" /><testcase classname="backend.tests.test_iter111_multi_premiacao.TestMultiPremiacaoBackend" name="test_admin_export_excel" time="0.355" /><testcase classname="backend.tests.test_iter111_multi_premiacao.TestMultiPremiacaoBackend" name="test_atleta_get_meus_votos" time="0.421" /><testcase classname="backend.tests.test_iter111_multi_premiacao.TestMultiPremiacaoBackend" name="test_atleta_get_voto_finalizado" time="0.368" /><testcase classname="backend.tests.test_iter111_multi_premiacao.TestMultiPremiacaoBackend" name="test_atleta_votar_requires_auth" time="0.138" /><testcase classname="backend.tests.test_iter111_multi_premiacao.TestMultiPremiacaoBackend" name="test_atleta_votar_closed_premiacao" time="0.371" /><testcase classname="backend.tests.test_iter111_multi_premiacao.TestMultiPremiacaoBackend" name="test_atleta_finalizar_requires_all_votes" time="0.900" /><testcase classname="backend.tests.test_iter111_multi_premiacao.TestCleanup" name="test_cleanup_test_premiacoes" time="0.400" /></testsuite></testsuites>