<?xml version="1.0" encoding="utf-8"?><testsuites name="pytest tests"><testsuite name="pytest" errors="0" failures="0" skipped="0" tests="13" time="194.708" timestamp="2026-03-18T16:24:04.432677+00:00" hostname="agent-env-7ed20713-fbfc-4235-9875-038c950abd2b"><testcase classname="backend.tests.test_iter38_bugfixes.TestRankingEstadualFilter" name="test_ranking_estadual_returns_only_specified_estado" time="4.850" /><testcase classname="backend.tests.test_iter38_bugfixes.TestRankingEstadualFilter" name="test_ranking_estadual_with_different_estado" time="5.820" /><testcase classname="backend.tests.test_iter38_bugfixes.TestRankingEstadualFilter" name="test_ranking_estadual_structure" time="5.268" /><testcase classname="backend.tests.test_iter38_bugfixes.TestNotificacoesEnviar" name="test_enviar_notificacao_without_auth_fails" time="0.121" /><testcase classname="backend.tests.test_iter38_bugfixes.TestNotificacoesEnviar" name="test_enviar_notificacao_endpoint_exists" time="0.075" /><testcase classname="backend.tests.test_iter38_bugfixes.TestNotificacoesEnviar" name="test_enviar_notificacao_validates_empty_destinatarios" time="0.379" /><testcase classname="backend.tests.test_iter38_bugfixes.TestNotificacoesEnviar" name="test_enviar_notificacao_validates_empty_mensagem" time="0.073" /><testcase classname="backend.tests.test_iter38_bugfixes.TestIsDono" name="test_assessoria_details_endpoint_works" time="21.464" /><testcase classname="backend.tests.test_iter38_bugfixes.TestIsDono" name="test_atletas_contain_is_dono_field" time="76.705" /><testcase classname="backend.tests.test_iter38_bugfixes.TestWhatsappLink" name="test_whatsapp_link_field_returned" time="19.688" /><testcase classname="backend.tests.test_iter38_bugfixes.TestWhatsappLink" name="test_assessoria_details_has_all_required_fields" time="16.852" /><testcase classname="backend.tests.test_iter38_bugfixes.TestRelatoriosAssessoria" name="test_relatorios_endpoint_exists" time="12.851" /><testcase classname="backend.tests.test_iter38_bugfixes.TestPosicaoEstadual" name="test_posicao_estadual_in_assessoria_details" time="30.496" /></testsuite></testsuites>