<?xml version="1.0" encoding="utf-8"?><testsuites name="pytest tests"><testsuite name="pytest" errors="0" failures="1" skipped="1" tests="10" time="1.904" timestamp="2026-03-25T02:45:21.631685+00:00" hostname="agent-env-9b962405-0d9b-490a-8729-7be0e22f4911"><testcase classname="tests.test_feed_foto_upload.TestFotosRestantes" name="test_fotos_restantes_returns_correct_structure" time="0.419" /><testcase classname="tests.test_feed_foto_upload.TestFotosRestantes" name="test_fotos_restantes_requires_auth" time="0.091" /><testcase classname="tests.test_feed_foto_upload.TestFotoUpload" name="test_upload_foto_with_text" time="0.209" /><testcase classname="tests.test_feed_foto_upload.TestFotoUpload" name="test_upload_foto_without_text" time="0.151" /><testcase classname="tests.test_feed_foto_upload.TestFotoUpload" name="test_upload_requires_auth" time="0.069" /><testcase classname="tests.test_feed_foto_upload.TestFotoValidation" name="test_invalid_format_rejected" time="0.067"><failure message="AssertionError: Expected 400 for invalid format, got 429&#10;assert 429 == 400&#10; +  where 429 = &lt;Response [429]&gt;.status_code">tests/test_feed_foto_upload.py:193: in test_invalid_format_rejected
    assert response.status_code == 400, f"Expected 400 for invalid format, got {response.status_code}"
E   AssertionError: Expected 400 for invalid format, got 429
E   assert 429 == 400
E    +  where 429 = &lt;Response [429]&gt;.status_code</failure></testcase><testcase classname="tests.test_feed_foto_upload.TestFotoValidation" name="test_png_format_accepted" time="0.072"><skipped type="pytest.skip" message="No remaining photos for today">/app/backend/tests/test_feed_foto_upload.py:206: No remaining photos for today</skipped></testcase><testcase classname="tests.test_feed_foto_upload.TestFotoLimit" name="test_limit_enforced" time="0.484" /><testcase classname="tests.test_feed_foto_upload.TestFeedWithPhotos" name="test_feed_shows_photo_posts" time="0.106" /><testcase classname="tests.test_feed_foto_upload.TestFeedWithPhotos" name="test_photo_file_accessible" time="0.153" /></testsuite></testsuites>