<?xml version="1.0" encoding="utf-8"?><testsuites name="pytest tests"><testsuite name="pytest" errors="0" failures="0" skipped="1" tests="11" time="1.845" timestamp="2026-03-08T21:35:53.493448+00:00" hostname="agent-env-aea85e3c-b11d-48f5-9133-2ff2082eeff9"><testcase classname="backend.tests.test_iter23_assessoria_responsavel_bio.TestAssessoriaEndpointReturnsResponsavelAndBio" name="test_assessoria_cafav_returns_responsavel_nome" time="0.342" /><testcase classname="backend.tests.test_iter23_assessoria_responsavel_bio.TestAssessoriaEndpointReturnsResponsavelAndBio" name="test_assessoria_cafav_returns_responsavel_id" time="0.082" /><testcase classname="backend.tests.test_iter23_assessoria_responsavel_bio.TestAssessoriaEndpointReturnsResponsavelAndBio" name="test_assessoria_cafav_returns_mensagem_bio" time="0.082" /><testcase classname="backend.tests.test_iter23_assessoria_responsavel_bio.TestAssessoriaEndpointReturnsResponsavelAndBio" name="test_assessoria_cafav_returns_foto_assessoria" time="0.088" /><testcase classname="backend.tests.test_iter23_assessoria_responsavel_bio.TestAssessoriaEndpointReturnsResponsavelAndBio" name="test_assessoria_returns_complete_data_structure" time="0.082" /><testcase classname="backend.tests.test_iter23_assessoria_responsavel_bio.TestAdminSetupAssessoriaDono" name="test_setup_assessoria_requires_authentication" time="0.079" /><testcase classname="backend.tests.test_iter23_assessoria_responsavel_bio.TestAdminSetupAssessoriaDono" name="test_setup_assessoria_works_with_valid_equipe" time="0.383" /><testcase classname="backend.tests.test_iter23_assessoria_responsavel_bio.TestAdminSetupAssessoriaDono" name="test_setup_assessoria_nonexistent_returns_404" time="0.378" /><testcase classname="backend.tests.test_iter23_assessoria_responsavel_bio.TestAssessoriaResponsavelNameFormat" name="test_responsavel_nome_format_gustavo_gomes" time="0.072" /><testcase classname="backend.tests.test_iter23_assessoria_responsavel_bio.TestAssessoriaResponsavelNameFormat" name="test_bio_message_expected_content" time="0.101" /><testcase classname="backend.tests.test_iter23_assessoria_responsavel_bio.TestOtherAssessoriasResponsavelAndBio" name="test_other_assessoria_has_responsavel_field" time="0.058"><skipped type="pytest.skip" message="Could not get assessorias list">/app/backend/tests/test_iter23_assessoria_responsavel_bio.py:151: Could not get assessorias list</skipped></testcase></testsuite></testsuites>