<?xml version="1.0" encoding="utf-8"?><testsuites name="pytest tests"><testsuite name="pytest" errors="0" failures="0" skipped="0" tests="14" time="2.333" timestamp="2026-03-29T00:54:33.100477+00:00" hostname="agent-env-9b962405-0d9b-490a-8729-7be0e22f4911"><testcase classname="backend.tests.test_iter90_pagination.TestRankingProfissionalPagination" name="test_ranking_profissional_masculino_page1" time="0.619" /><testcase classname="backend.tests.test_iter90_pagination.TestRankingProfissionalPagination" name="test_ranking_profissional_feminino_page1" time="0.090" /><testcase classname="backend.tests.test_iter90_pagination.TestRankingProfissionalPagination" name="test_ranking_profissional_page2" time="0.078" /><testcase classname="backend.tests.test_iter90_pagination.TestRankingProfissionalPagination" name="test_ranking_profissional_pcd_m" time="0.293" /><testcase classname="backend.tests.test_iter90_pagination.TestRankingGaleraPagination" name="test_ranking_galera_masculino_page1" time="0.079" /><testcase classname="backend.tests.test_iter90_pagination.TestRankingGaleraPagination" name="test_ranking_galera_feminino_page1" time="0.095" /><testcase classname="backend.tests.test_iter90_pagination.TestRankingGaleraPagination" name="test_ranking_galera_page2" time="0.068" /><testcase classname="backend.tests.test_iter90_pagination.TestRankingGaleraPagination" name="test_ranking_galera_stats" time="0.089" /><testcase classname="backend.tests.test_iter90_pagination.TestRankingEquipesPagination" name="test_ranking_equipes_nacional" time="0.207" /><testcase classname="backend.tests.test_iter90_pagination.TestRankingEquipesPagination" name="test_ranking_equipes_stats" time="0.099" /><testcase classname="backend.tests.test_iter90_pagination.TestPaginationConsistency" name="test_profissional_pagination_consistency" time="0.210" /><testcase classname="backend.tests.test_iter90_pagination.TestPaginationConsistency" name="test_galera_pagination_consistency" time="0.175" /><testcase classname="backend.tests.test_iter90_pagination.TestFilterResetsPagination" name="test_profissional_filter_by_faixa" time="0.064" /><testcase classname="backend.tests.test_iter90_pagination.TestFilterResetsPagination" name="test_profissional_filter_by_equipe" time="0.090" /></testsuite></testsuites>