<?xml version="1.0" encoding="utf-8"?><testsuites name="pytest tests"><testsuite name="pytest" errors="0" failures="0" skipped="0" tests="24" time="23.271" timestamp="2026-03-19T01:51:47.206283+00:00" hostname="agent-env-e8085c19-f325-45b7-a23c-6e3d1e6e9d84"><testcase classname="tests.test_iter43_feed_refactor.TestAuthentication" name="test_login_success" time="1.154" /><testcase classname="tests.test_iter43_feed_refactor.TestFeedSocial" name="test_get_feed_requires_auth" time="0.724" /><testcase classname="tests.test_iter43_feed_refactor.TestFeedSocial" name="test_get_feed_with_auth" time="1.765" /><testcase classname="tests.test_iter43_feed_refactor.TestFeedSocial" name="test_create_post_requires_auth" time="0.713" /><testcase classname="tests.test_iter43_feed_refactor.TestFeedSocial" name="test_create_post_with_auth" time="0.702" /><testcase classname="tests.test_iter43_feed_refactor.TestFeedSocial" name="test_create_post_empty_text_fails" time="0.722" /><testcase classname="tests.test_iter43_feed_refactor.TestFeedSocial" name="test_like_post" time="2.867" /><testcase classname="tests.test_iter43_feed_refactor.TestFeedSocial" name="test_like_nonexistent_post_fails" time="0.681" /><testcase classname="tests.test_iter43_feed_refactor.TestFeedSocial" name="test_get_trending" time="0.689" /><testcase classname="tests.test_iter43_feed_refactor.TestFeedSocial" name="test_get_trending_with_limit" time="0.695" /><testcase classname="tests.test_iter43_feed_refactor.TestFeedSocial" name="test_comments_endpoint_not_exist" time="1.423" /><testcase classname="tests.test_iter43_feed_refactor.TestFeedSocial" name="test_get_comments_endpoint_not_exist" time="0.711" /><testcase classname="tests.test_iter43_feed_refactor.TestLigaAssessorias" name="test_get_estados_com_assessorias" time="0.707" /><testcase classname="tests.test_iter43_feed_refactor.TestLigaAssessorias" name="test_get_cidades_com_assessorias" time="0.670" /><testcase classname="tests.test_iter43_feed_refactor.TestLigaAssessorias" name="test_get_cidades_with_estado_filter" time="1.332" /><testcase classname="tests.test_iter43_feed_refactor.TestRankingCorridas" name="test_get_ranking_corridas" time="0.711" /><testcase classname="tests.test_iter43_feed_refactor.TestRankingCorridas" name="test_get_ranking_corridas_nacional" time="0.699" /><testcase classname="tests.test_iter43_feed_refactor.TestRankingCorridas" name="test_get_ranking_corridas_estadual" time="0.660" /><testcase classname="tests.test_iter43_feed_refactor.TestRankingCorridas" name="test_get_ranking_corridas_stats" time="0.666" /><testcase classname="tests.test_iter43_feed_refactor.TestRankingCorridas" name="test_get_estados_com_corridas" time="0.739" /><testcase classname="tests.test_iter43_feed_refactor.TestRankingCorridas" name="test_get_cidades_com_corridas" time="0.666" /><testcase classname="tests.test_iter43_feed_refactor.TestRankingCorridas" name="test_get_cidades_with_estado_filter" time="2.072" /><testcase classname="tests.test_iter43_feed_refactor.TestFeedCodeReview" name="test_feed_posts_have_likes_count" time="0.708" /><testcase classname="tests.test_iter43_feed_refactor.TestFeedCodeReview" name="test_trending_posts_have_likes_count" time="0.702" /></testsuite></testsuites>