<?xml version="1.0" encoding="utf-8"?><testsuites name="pytest tests"><testsuite name="pytest" errors="0" failures="1" skipped="0" tests="16" time="2.331" timestamp="2026-04-23T22:07:30.323303+00:00" hostname="agent-env-9b962405-0d9b-490a-8729-7be0e22f4911"><testcase classname="backend.tests.test_iter122_nomenclature_photos.TestHealthAndBasics" name="test_health_endpoint" time="0.316" /><testcase classname="backend.tests.test_iter122_nomenclature_photos.TestHealthAndBasics" name="test_frontend_loads" time="0.070" /><testcase classname="backend.tests.test_iter122_nomenclature_photos.TestAuthentication" name="test_login_super_admin" time="0.100" /><testcase classname="backend.tests.test_iter122_nomenclature_photos.TestAniversariantesEndpoints" name="test_aniversariantes_mes_endpoint" time="0.181" /><testcase classname="backend.tests.test_iter122_nomenclature_photos.TestAniversariantesEndpoints" name="test_aniversariantes_hoje_endpoint" time="0.163" /><testcase classname="backend.tests.test_iter122_nomenclature_photos.TestAniversariantesEndpoints" name="test_aniversariantes_semana_endpoint" time="0.156" /><testcase classname="backend.tests.test_iter122_nomenclature_photos.TestRankingAssessoriasEndpoints" name="test_liga_assessorias_ranking" time="0.130" /><testcase classname="backend.tests.test_iter122_nomenclature_photos.TestRankingAssessoriasEndpoints" name="test_liga_assessorias_stats" time="0.147" /><testcase classname="backend.tests.test_iter122_nomenclature_photos.TestRankingAssessoriasEndpoints" name="test_assessorias_lista_public" time="0.063" /><testcase classname="backend.tests.test_iter122_nomenclature_photos.TestPremiacaoEndpoints" name="test_premiacao_list" time="0.176" /><testcase classname="backend.tests.test_iter122_nomenclature_photos.TestPremiacaoEndpoints" name="test_premiacao_opcao_foto_endpoint_exists" time="0.153" /><testcase classname="backend.tests.test_iter122_nomenclature_photos.TestPremiacaoEndpoints" name="test_premiacao_public_list" time="0.075" /><testcase classname="backend.tests.test_iter122_nomenclature_photos.TestRankingEndpoints" name="test_ranking_profissional" time="0.140"><failure message="AssertionError: Failed: 404&#10;assert 404 == 200&#10; +  where 404 = &lt;Response [404]&gt;.status_code">backend/tests/test_iter122_nomenclature_photos.py:261: in test_ranking_profissional
    assert response.status_code == 200, f"Failed: {response.status_code}"
E   AssertionError: Failed: 404
E   assert 404 == 200
E    +  where 404 = &lt;Response [404]&gt;.status_code</failure></testcase><testcase classname="backend.tests.test_iter122_nomenclature_photos.TestRankingEndpoints" name="test_ranking_povao" time="0.135" /><testcase classname="backend.tests.test_iter122_nomenclature_photos.TestFeedEndpoints" name="test_feed_endpoint" time="0.171" /><testcase classname="backend.tests.test_iter122_nomenclature_photos.TestCadastroEndpoint" name="test_cadastro_page_accessible" time="0.063" /></testsuite></testsuites>