<?xml version="1.0" encoding="utf-8"?><testsuites name="pytest tests"><testsuite name="pytest" errors="0" failures="0" skipped="0" tests="9" time="1.533" timestamp="2026-03-09T04:05:39.715736+00:00" hostname="agent-env-8e1f9875-298f-4d88-acab-3df1df069de1"><testcase classname="backend.tests.test_iter28_assessoria_page.TestAssessoriaDetailsEndpoint" name="test_assessoria_cafav_loads" time="0.544" /><testcase classname="backend.tests.test_iter28_assessoria_page.TestAssessoriaDetailsEndpoint" name="test_assessoria_has_responsavel_info" time="0.099" /><testcase classname="backend.tests.test_iter28_assessoria_page.TestAssessoriaDetailsEndpoint" name="test_assessoria_has_bio" time="0.100" /><testcase classname="backend.tests.test_iter28_assessoria_page.TestAssessoriaDetailsEndpoint" name="test_assessoria_has_stats" time="0.107" /><testcase classname="backend.tests.test_iter28_assessoria_page.TestAssessoriaDetailsEndpoint" name="test_assessoria_has_selo" time="0.117" /><testcase classname="backend.tests.test_iter28_assessoria_page.TestAssessoriaDetailsEndpoint" name="test_assessoria_has_atletas_list" time="0.089" /><testcase classname="backend.tests.test_iter28_assessoria_page.TestAssessoriaDetailsEndpoint" name="test_assessoria_has_evolucao_mensal" time="0.106" /><testcase classname="backend.tests.test_iter28_assessoria_page.TestAssessoriaDetailsEndpoint" name="test_assessoria_not_found" time="0.094" /><testcase classname="backend.tests.test_iter28_assessoria_page.TestAtletaProfileEndpoint" name="test_atleta_profile_loads" time="0.182" /></testsuite></testsuites>