<?xml version="1.0" encoding="utf-8"?><testsuites name="pytest tests"><testsuite name="pytest" errors="0" failures="12" skipped="0" tests="21" time="13.572" timestamp="2026-03-16T18:58:37.676850+00:00" hostname="agent-env-87433861-a8ef-4b57-b3ee-beadd9a5985c"><testcase classname="tests.test_iter36_geo_form.TestCalcPontosPovao" name="test_pontos_5km_standard" time="0.001"><failure message="ModuleNotFoundError: No module named 'routes'">tests/test_iter36_geo_form.py:33: in test_pontos_5km_standard
    from routes.admin_routes import calcular_pontos_povao
E   ModuleNotFoundError: No module named 'routes'</failure></testcase><testcase classname="tests.test_iter36_geo_form.TestCalcPontosPovao" name="test_pontos_10km_standard" time="0.000"><failure message="ModuleNotFoundError: No module named 'routes'">tests/test_iter36_geo_form.py:38: in test_pontos_10km_standard
    from routes.admin_routes import calcular_pontos_povao
E   ModuleNotFoundError: No module named 'routes'</failure></testcase><testcase classname="tests.test_iter36_geo_form.TestCalcPontosPovao" name="test_pontos_21km_standard" time="0.000"><failure message="ModuleNotFoundError: No module named 'routes'">tests/test_iter36_geo_form.py:43: in test_pontos_21km_standard
    from routes.admin_routes import calcular_pontos_povao
E   ModuleNotFoundError: No module named 'routes'</failure></testcase><testcase classname="tests.test_iter36_geo_form.TestCalcPontosPovao" name="test_pontos_42km_standard" time="0.000"><failure message="ModuleNotFoundError: No module named 'routes'">tests/test_iter36_geo_form.py:48: in test_pontos_42km_standard
    from routes.admin_routes import calcular_pontos_povao
E   ModuleNotFoundError: No module named 'routes'</failure></testcase><testcase classname="tests.test_iter36_geo_form.TestCalcPontosPovao" name="test_pontos_custom_7km" time="0.000"><failure message="ModuleNotFoundError: No module named 'routes'">tests/test_iter36_geo_form.py:53: in test_pontos_custom_7km
    from routes.admin_routes import calcular_pontos_povao
E   ModuleNotFoundError: No module named 'routes'</failure></testcase><testcase classname="tests.test_iter36_geo_form.TestCalcPontosPovao" name="test_pontos_custom_15km" time="0.000"><failure message="ModuleNotFoundError: No module named 'routes'">tests/test_iter36_geo_form.py:58: in test_pontos_custom_15km
    from routes.admin_routes import calcular_pontos_povao
E   ModuleNotFoundError: No module named 'routes'</failure></testcase><testcase classname="tests.test_iter36_geo_form.TestCalcPontosPovao" name="test_pontos_custom_8km" time="0.000"><failure message="ModuleNotFoundError: No module named 'routes'">tests/test_iter36_geo_form.py:63: in test_pontos_custom_8km
    from routes.admin_routes import calcular_pontos_povao
E   ModuleNotFoundError: No module named 'routes'</failure></testcase><testcase classname="tests.test_iter36_geo_form.TestCalcPontosPovao" name="test_pontos_custom_18km" time="0.000"><failure message="ModuleNotFoundError: No module named 'routes'">tests/test_iter36_geo_form.py:68: in test_pontos_custom_18km
    from routes.admin_routes import calcular_pontos_povao
E   ModuleNotFoundError: No module named 'routes'</failure></testcase><testcase classname="tests.test_iter36_geo_form.TestCalcPontosPovao" name="test_pontos_custom_25km" time="0.000"><failure message="ModuleNotFoundError: No module named 'routes'">tests/test_iter36_geo_form.py:73: in test_pontos_custom_25km
    from routes.admin_routes import calcular_pontos_povao
E   ModuleNotFoundError: No module named 'routes'</failure></testcase><testcase classname="tests.test_iter36_geo_form.TestCalcPontosPovao" name="test_pontos_custom_100km" time="0.000"><failure message="ModuleNotFoundError: No module named 'routes'">tests/test_iter36_geo_form.py:78: in test_pontos_custom_100km
    from routes.admin_routes import calcular_pontos_povao
E   ModuleNotFoundError: No module named 'routes'</failure></testcase><testcase classname="tests.test_iter36_geo_form.TestCalcPontosPovao" name="test_pontos_custom_float_15_5km" time="0.000"><failure message="ModuleNotFoundError: No module named 'routes'">tests/test_iter36_geo_form.py:83: in test_pontos_custom_float_15_5km
    from routes.admin_routes import calcular_pontos_povao
E   ModuleNotFoundError: No module named 'routes'</failure></testcase><testcase classname="tests.test_iter36_geo_form.TestCalcPontosPovao" name="test_pontos_custom_3km_min" time="0.000"><failure message="ModuleNotFoundError: No module named 'routes'">tests/test_iter36_geo_form.py:88: in test_pontos_custom_3km_min
    from routes.admin_routes import calcular_pontos_povao
E   ModuleNotFoundError: No module named 'routes'</failure></testcase><testcase classname="tests.test_iter36_geo_form.TestIBGEApiIntegration" name="test_ibge_api_states_sp" time="1.826" /><testcase classname="tests.test_iter36_geo_form.TestIBGEApiIntegration" name="test_ibge_api_states_rj" time="1.416" /><testcase classname="tests.test_iter36_geo_form.TestIBGEApiIntegration" name="test_ibge_api_states_mg" time="1.672" /><testcase classname="tests.test_iter36_geo_form.TestAuthLogin" name="test_login_povao_user" time="1.145" /><testcase classname="tests.test_iter36_geo_form.TestAuthLogin" name="test_login_admin_user" time="0.908" /><testcase classname="tests.test_iter36_geo_form.TestSubmeterResultadoEndpoint" name="test_submit_result_custom_distance_15km" time="1.767" /><testcase classname="tests.test_iter36_geo_form.TestSubmeterResultadoEndpoint" name="test_submit_result_custom_distance_7km" time="1.548" /><testcase classname="tests.test_iter36_geo_form.TestSubmeterResultadoEndpoint" name="test_submit_result_ultramarathon_100km" time="1.623" /><testcase classname="tests.test_iter36_geo_form.TestAdminPendentes" name="test_get_pendentes" time="1.537" /></testsuite></testsuites>