<?xml version="1.0" encoding="utf-8"?><testsuites name="pytest tests"><testsuite name="pytest" errors="0" failures="1" skipped="0" tests="15" time="5.201" timestamp="2026-02-25T21:35:00.425546+00:00" hostname="agent-env-06e90bbe-8867-4226-81f2-4da9c764159a"><testcase classname="tests.test_new_fields_and_aniversariantes.TestAuthAndNewFields" name="test_admin_login" time="0.341" /><testcase classname="tests.test_new_fields_and_aniversariantes.TestAuthAndNewFields" name="test_atleta_login" time="0.300" /><testcase classname="tests.test_new_fields_and_aniversariantes.TestAtletaDetailsAPI" name="test_atleta_details_returns_new_fields" time="0.074" /><testcase classname="tests.test_new_fields_and_aniversariantes.TestAtletaDetailsAPI" name="test_atleta_details_has_basic_fields" time="0.060" /><testcase classname="tests.test_new_fields_and_aniversariantes.TestPerfilUpdateAPI" name="test_profile_update_bio_field" time="0.362" /><testcase classname="tests.test_new_fields_and_aniversariantes.TestPerfilUpdateAPI" name="test_profile_update_etnia_field" time="0.355" /><testcase classname="tests.test_new_fields_and_aniversariantes.TestPerfilUpdateAPI" name="test_profile_update_apelido_field" time="0.337" /><testcase classname="tests.test_new_fields_and_aniversariantes.TestPerfilUpdateAPI" name="test_bio_limit_150_chars" time="0.447" /><testcase classname="tests.test_new_fields_and_aniversariantes.TestAniversariantesAPI" name="test_get_aniversariantes_mes" time="0.357" /><testcase classname="tests.test_new_fields_and_aniversariantes.TestAniversariantesAPI" name="test_get_aniversariantes_hoje" time="0.355" /><testcase classname="tests.test_new_fields_and_aniversariantes.TestAniversariantesAPI" name="test_enviar_mensagem_aniversario" time="0.416" /><testcase classname="tests.test_new_fields_and_aniversariantes.TestAniversariantesAPI" name="test_get_configuracao_aniversario" time="0.357" /><testcase classname="tests.test_new_fields_and_aniversariantes.TestAtletaMensagemAniversario" name="test_get_mensagem_aniversario" time="0.334"><failure message="assert 404 == 200&#10; +  where 404 = &lt;Response [404]&gt;.status_code">tests/test_new_fields_and_aniversariantes.py:340: in test_get_mensagem_aniversario
    assert response.status_code == 200
E   assert 404 == 200
E    +  where 404 = &lt;Response [404]&gt;.status_code</failure></testcase><testcase classname="tests.test_new_fields_and_aniversariantes.TestAtletaMensagemAniversario" name="test_marcar_mensagem_visualizada" time="0.362" /><testcase classname="tests.test_new_fields_and_aniversariantes.TestRegistrationNewFields" name="test_register_endpoint_accepts_etnia_apelido" time="0.661" /></testsuite></testsuites>