<?xml version="1.0" encoding="utf-8"?><testsuites name="pytest tests"><testsuite name="pytest" errors="0" failures="0" skipped="0" tests="10" time="4.956" timestamp="2026-03-25T04:01:24.243905+00:00" hostname="agent-env-9b962405-0d9b-490a-8729-7be0e22f4911"><testcase classname="backend.tests.test_iter76_stories.TestStoriesFeature" name="test_01_get_stories_list" time="0.862" /><testcase classname="backend.tests.test_iter76_stories.TestStoriesFeature" name="test_02_get_stories_restantes_admin" time="0.329" /><testcase classname="backend.tests.test_iter76_stories.TestStoriesFeature" name="test_03_get_stories_restantes_atleta" time="0.373" /><testcase classname="backend.tests.test_iter76_stories.TestStoriesFeature" name="test_04_create_story_limit_enforcement" time="0.421" /><testcase classname="backend.tests.test_iter76_stories.TestStoriesFeature" name="test_05_visualizar_story" time="0.592" /><testcase classname="backend.tests.test_iter76_stories.TestStoriesFeature" name="test_06_reagir_story" time="0.678" /><testcase classname="backend.tests.test_iter76_stories.TestStoriesFeature" name="test_07_reagir_story_invalid_reaction" time="0.408" /><testcase classname="backend.tests.test_iter76_stories.TestStoriesFeature" name="test_08_visualizar_nonexistent_story" time="0.333" /><testcase classname="backend.tests.test_iter76_stories.TestStoriesFeature" name="test_09_stories_grouped_by_author" time="0.364" /><testcase classname="backend.tests.test_iter76_stories.TestStoriesFeature" name="test_10_stories_sorted_unseen_first" time="0.522" /></testsuite></testsuites>