<?xml version="1.0" encoding="utf-8"?><testsuites name="pytest tests"><testsuite name="pytest" errors="0" failures="0" skipped="0" tests="19" time="2.542" timestamp="2026-03-04T08:16:20.505133+00:00" hostname="agent-env-1d570f1d-a331-4b01-a788-f065058a5074"><testcase classname="backend.tests.test_bloco_a.TestLigaAssessoriasPublicEndpoints" name="test_liga_ranking_public_no_auth" time="0.600" /><testcase classname="backend.tests.test_bloco_a.TestLigaAssessoriasPublicEndpoints" name="test_liga_stats_public_no_auth" time="0.045" /><testcase classname="backend.tests.test_bloco_a.TestLigaAssessoriasPublicEndpoints" name="test_liga_estados_public_no_auth" time="0.042" /><testcase classname="backend.tests.test_bloco_a.TestLigaAssessoriasPublicEndpoints" name="test_liga_cidades_public_no_auth" time="0.140" /><testcase classname="backend.tests.test_bloco_a.TestFiltroTipoRanking" name="test_ranking_tipo_nacional" time="0.058" /><testcase classname="backend.tests.test_bloco_a.TestFiltroTipoRanking" name="test_ranking_tipo_estadual" time="0.101" /><testcase classname="backend.tests.test_bloco_a.TestFiltroTipoRanking" name="test_ranking_tipo_cidade" time="0.206" /><testcase classname="backend.tests.test_bloco_a.TestFiltroTipoRanking" name="test_ranking_tipo_mensal" time="0.058" /><testcase classname="backend.tests.test_bloco_a.TestFiltroTipoRanking" name="test_ranking_tipo_anual" time="0.056" /><testcase classname="backend.tests.test_bloco_a.TestFiltroTipoRanking" name="test_ranking_tipo_historico" time="0.059" /><testcase classname="backend.tests.test_bloco_a.TestPromoverDonoAssessoria" name="test_promover_requires_auth" time="0.081" /><testcase classname="backend.tests.test_bloco_a.TestPromoverDonoAssessoria" name="test_promover_requires_admin" time="0.460" /><testcase classname="backend.tests.test_bloco_a.TestPromoverDonoAssessoria" name="test_promover_atleta_sem_equipe_should_fail" time="0.127" /><testcase classname="backend.tests.test_bloco_a.TestPromoverDonoAssessoria" name="test_promover_atleta_not_found" time="0.079" /><testcase classname="backend.tests.test_bloco_a.TestAdminMenuStructure" name="test_admin_stats_endpoint_exists" time="0.097" /><testcase classname="backend.tests.test_bloco_a.TestAdminMenuStructure" name="test_admin_atletas_endpoint_exists" time="0.054" /><testcase classname="backend.tests.test_bloco_a.TestLigaStatsDataValidation" name="test_stats_has_valid_values" time="0.044" /><testcase classname="backend.tests.test_bloco_a.TestLigaStatsDataValidation" name="test_ranking_has_required_fields" time="0.059" /><testcase classname="backend.tests.test_bloco_a.TestLigaStatsDataValidation" name="test_ranking_selos_are_valid" time="0.067" /></testsuite></testsuites>