<?xml version="1.0" encoding="utf-8"?><testsuites name="pytest tests"><testsuite name="pytest" errors="0" failures="0" skipped="0" tests="9" time="4.540" timestamp="2026-03-02T21:50:05.705104+00:00" hostname="agent-env-992c2492-0040-45a5-a0b5-97af43af6d2a"><testcase classname="backend.tests.test_transferencia_modalidade.TestTransferenciaModalidade" name="test_transfer_endpoint_exists" time="0.882" /><testcase classname="backend.tests.test_transferencia_modalidade.TestTransferenciaModalidade" name="test_transfer_pcd_athlete_blocked" time="0.376" /><testcase classname="backend.tests.test_transferencia_modalidade.TestTransferenciaModalidade" name="test_transfer_cadeirante_athlete_blocked" time="0.428" /><testcase classname="backend.tests.test_transferencia_modalidade.TestTransferenciaModalidade" name="test_transfer_nonexistent_athlete" time="0.329" /><testcase classname="backend.tests.test_transferencia_modalidade.TestTransferenciaModalidade" name="test_transfer_response_structure" time="0.603" /><testcase classname="backend.tests.test_transferencia_modalidade.TestTransferencePointsRecalculation" name="test_ranking_povao_excludes_pro_athletes" time="0.392" /><testcase classname="backend.tests.test_transferencia_modalidade.TestTransferencePointsRecalculation" name="test_ranking_pro_excludes_povao_athletes" time="0.464" /><testcase classname="backend.tests.test_transferencia_modalidade.TestTransferNotification" name="test_transfer_creates_notification" time="0.644" /><testcase classname="backend.tests.test_transferencia_modalidade.TestAdminAtletasEndpoint" name="test_atletas_have_modalidade_field" time="0.365" /></testsuite></testsuites>