<?xml version="1.0" encoding="utf-8"?><testsuites name="pytest tests"><testsuite name="pytest" errors="0" failures="0" skipped="0" tests="7" time="14.569" timestamp="2026-03-24T14:05:52.708512+00:00" hostname="agent-env-b5c0dba3-0051-4dca-b8c3-bc6d3d1d26b5"><testcase classname="backend.tests.test_iter66_estado_cidade_filters.TestEstadoCidadeFilters" name="test_01_estados_disponiveis_endpoint" time="2.237" /><testcase classname="backend.tests.test_iter66_estado_cidade_filters.TestEstadoCidadeFilters" name="test_02_cidades_disponiveis_sem_estado" time="1.632" /><testcase classname="backend.tests.test_iter66_estado_cidade_filters.TestEstadoCidadeFilters" name="test_03_cidades_disponiveis_para_PE" time="1.617" /><testcase classname="backend.tests.test_iter66_estado_cidade_filters.TestEstadoCidadeFilters" name="test_04_contagem_todos" time="2.371" /><testcase classname="backend.tests.test_iter66_estado_cidade_filters.TestEstadoCidadeFilters" name="test_05_contagem_por_estado_PE" time="1.804" /><testcase classname="backend.tests.test_iter66_estado_cidade_filters.TestEstadoCidadeFilters" name="test_06_contagem_por_cidade_Recife" time="1.637" /><testcase classname="backend.tests.test_iter66_estado_cidade_filters.TestEstadoCidadeFilters" name="test_07_contagem_comparison" time="3.214" /></testsuite></testsuites>