<?xml version="1.0" encoding="utf-8"?><testsuites name="pytest tests"><testsuite name="pytest" errors="0" failures="0" skipped="0" tests="11" time="16.632" timestamp="2026-03-19T14:47:54.780468+00:00" hostname="agent-env-d3a8b0d4-9a0c-48a2-95cb-e576693f1e00"><testcase classname="backend.tests.test_iter48_tempo_data_validation.TestAuthentication" name="test_login_admin" time="1.186" /><testcase classname="backend.tests.test_iter48_tempo_data_validation.TestTempoObrigatorio" name="test_submit_without_tempo_returns_400" time="1.772" /><testcase classname="backend.tests.test_iter48_tempo_data_validation.TestTempoObrigatorio" name="test_submit_with_empty_tempo_returns_400" time="1.584" /><testcase classname="backend.tests.test_iter48_tempo_data_validation.TestTempoObrigatorio" name="test_submit_with_zero_tempo_returns_400" time="1.618" /><testcase classname="backend.tests.test_iter48_tempo_data_validation.TestTempoObrigatorio" name="test_submit_with_invalid_tempo_format_returns_400" time="1.623" /><testcase classname="backend.tests.test_iter48_tempo_data_validation.TestValidacao30Dias" name="test_submit_race_older_than_30_days_returns_400" time="1.573" /><testcase classname="backend.tests.test_iter48_tempo_data_validation.TestValidacao30Dias" name="test_submit_race_exactly_31_days_old_returns_400" time="1.601" /><testcase classname="backend.tests.test_iter48_tempo_data_validation.TestValidacao30Dias" name="test_submit_future_date_returns_400" time="1.818" /><testcase classname="backend.tests.test_iter48_tempo_data_validation.TestValidacao30Dias" name="test_submit_race_within_30_days_is_allowed" time="1.569" /><testcase classname="backend.tests.test_iter48_tempo_data_validation.TestSubmissaoValida" name="test_valid_submission_with_all_fields" time="1.563" /><testcase classname="backend.tests.test_iter48_tempo_data_validation.TestWithoutAuth" name="test_submit_without_auth_returns_401_or_403" time="0.658" /></testsuite></testsuites>