<?xml version="1.0" encoding="utf-8"?><testsuites name="pytest tests"><testsuite name="pytest" errors="0" failures="0" skipped="0" tests="9" time="16.546" timestamp="2026-03-04T05:22:18.733478+00:00" hostname="agent-env-1d570f1d-a331-4b01-a788-f065058a5074"><testcase classname="tests.test_cadastro_senha.TestEquipesEndpoint" name="test_get_equipes_returns_list" time="1.316" /><testcase classname="tests.test_cadastro_senha.TestEquipesEndpoint" name="test_equipes_include_common_teams" time="0.755" /><testcase classname="tests.test_cadastro_senha.TestAuthAndPasswordChange" name="test_login_success" time="1.003" /><testcase classname="tests.test_cadastro_senha.TestAuthAndPasswordChange" name="test_login_invalid_credentials" time="0.713" /><testcase classname="tests.test_cadastro_senha.TestAuthAndPasswordChange" name="test_password_change_wrong_current" time="2.103" /><testcase classname="tests.test_cadastro_senha.TestAuthAndPasswordChange" name="test_password_change_success_and_revert" time="5.381" /><testcase classname="tests.test_cadastro_senha.TestAuthAndPasswordChange" name="test_password_change_mismatched_confirmation" time="1.731" /><testcase classname="tests.test_cadastro_senha.TestAuthAndPasswordChange" name="test_password_change_too_short" time="1.735" /><testcase classname="tests.test_cadastro_senha.TestAtletaPerfil" name="test_get_meu_perfil" time="1.695" /></testsuite></testsuites>