<?xml version="1.0" encoding="utf-8"?><testsuites name="pytest tests"><testsuite name="pytest" errors="0" failures="0" skipped="0" tests="12" time="3.358" timestamp="2026-03-30T15:21:08.898797+00:00" hostname="agent-env-9b962405-0d9b-490a-8729-7be0e22f4911"><testcase classname="backend.tests.test_iter92_exports_dashboard.TestAuth" name="test_admin_login" time="0.560" /><testcase classname="backend.tests.test_iter92_exports_dashboard.TestExportAtletas" name="test_export_atletas_excel" time="0.439" /><testcase classname="backend.tests.test_iter92_exports_dashboard.TestExportRanking" name="test_export_ranking_excel" time="0.470" /><testcase classname="backend.tests.test_iter92_exports_dashboard.TestExportRanking" name="test_export_ranking_csv" time="0.159" /><testcase classname="backend.tests.test_iter92_exports_dashboard.TestDashboardEstrategico" name="test_visao_geral" time="0.397" /><testcase classname="backend.tests.test_iter92_exports_dashboard.TestDashboardEstrategico" name="test_distribuicao_estados_brazil_map" time="0.101" /><testcase classname="backend.tests.test_iter92_exports_dashboard.TestDashboardEstrategico" name="test_tipo_corredor_pie_chart" time="0.085" /><testcase classname="backend.tests.test_iter92_exports_dashboard.TestDashboardEstrategico" name="test_terreno_preferido_pie_chart" time="0.112" /><testcase classname="backend.tests.test_iter92_exports_dashboard.TestDashboardEstrategico" name="test_crescimento_atletas" time="0.092" /><testcase classname="backend.tests.test_iter92_exports_dashboard.TestAdminStats" name="test_admin_stats" time="0.398" /><testcase classname="backend.tests.test_iter92_exports_dashboard.TestAdminStats" name="test_admin_atletas_list" time="0.094" /><testcase classname="backend.tests.test_iter92_exports_dashboard.TestInstagramDashboard" name="test_instagram_historico" time="0.385" /></testsuite></testsuites>