<?xml version="1.0" encoding="utf-8"?><testsuites name="pytest tests"><testsuite name="pytest" errors="0" failures="0" skipped="0" tests="10" time="2.151" timestamp="2026-03-28T12:58:54.556084+00:00" hostname="agent-env-9b962405-0d9b-490a-8729-7be0e22f4911"><testcase classname="backend.tests.test_iter88_autorizacoes.TestAdminAutorizacoes" name="test_autorizar_ate_fim_ano" time="0.673" /><testcase classname="backend.tests.test_iter88_autorizacoes.TestAdminAutorizacoes" name="test_autorizar_plano_anual" time="0.155" /><testcase classname="backend.tests.test_iter88_autorizacoes.TestAdminAutorizacoes" name="test_revogar_atleta_com_autorizacao" time="0.185" /><testcase classname="backend.tests.test_iter88_autorizacoes.TestAdminAutorizacoes" name="test_revogar_atleta_sem_autorizacao" time="0.166" /><testcase classname="backend.tests.test_iter88_autorizacoes.TestAdminAutorizacoes" name="test_autorizar_atleta_inexistente" time="0.068" /><testcase classname="backend.tests.test_iter88_autorizacoes.TestEfiPagamentoStatus" name="test_pagamento_status_vendas_abertas" time="0.095" /><testcase classname="backend.tests.test_iter88_autorizacoes.TestEfiConfig" name="test_efi_config_production" time="0.377" /><testcase classname="backend.tests.test_iter88_autorizacoes.TestPixCartaoBloqueio" name="test_pix_criar_code_review" time="0.000" /><testcase classname="backend.tests.test_iter88_autorizacoes.TestPixCartaoBloqueio" name="test_cartao_criar_code_review" time="0.000" /><testcase classname="backend.tests.test_iter88_autorizacoes.TestAtletasCompletoEndpoint" name="test_atletas_completo" time="0.366" /></testsuite></testsuites>