<?xml version="1.0" encoding="utf-8"?><testsuites name="pytest tests"><testsuite name="pytest" errors="0" failures="0" skipped="0" tests="21" time="11.104" timestamp="2026-03-04T07:02:33.694376+00:00" hostname="agent-env-1d570f1d-a331-4b01-a788-f065058a5074"><testcase classname="backend.tests.test_liga_assessorias.TestLigaAssessorias" name="test_get_liga_stats_returns_200" time="0.770" /><testcase classname="backend.tests.test_liga_assessorias.TestLigaAssessorias" name="test_liga_stats_has_valid_values" time="0.412" /><testcase classname="backend.tests.test_liga_assessorias.TestLigaAssessorias" name="test_liga_stats_distribuicao_estados" time="0.395" /><testcase classname="backend.tests.test_liga_assessorias.TestLigaAssessorias" name="test_get_ranking_nacional_returns_200" time="0.390" /><testcase classname="backend.tests.test_liga_assessorias.TestLigaAssessorias" name="test_ranking_structure_has_required_fields" time="0.635" /><testcase classname="backend.tests.test_liga_assessorias.TestLigaAssessorias" name="test_ranking_selo_values" time="0.451" /><testcase classname="backend.tests.test_liga_assessorias.TestLigaAssessorias" name="test_ranking_estadual_filter" time="0.409" /><testcase classname="backend.tests.test_liga_assessorias.TestLigaAssessorias" name="test_ranking_mensal" time="0.441" /><testcase classname="backend.tests.test_liga_assessorias.TestLigaAssessorias" name="test_ranking_anual" time="0.399" /><testcase classname="backend.tests.test_liga_assessorias.TestLigaAssessorias" name="test_ranking_historico" time="0.395" /><testcase classname="backend.tests.test_liga_assessorias.TestLigaAssessorias" name="test_ranking_ordering_by_points" time="0.557" /><testcase classname="backend.tests.test_liga_assessorias.TestLigaAssessorias" name="test_get_assessoria_details_returns_200" time="0.527" /><testcase classname="backend.tests.test_liga_assessorias.TestLigaAssessorias" name="test_assessoria_details_structure" time="0.596" /><testcase classname="backend.tests.test_liga_assessorias.TestLigaAssessorias" name="test_assessoria_evolucao_mensal" time="0.569" /><testcase classname="backend.tests.test_liga_assessorias.TestLigaAssessorias" name="test_assessoria_not_found_returns_404" time="0.450" /><testcase classname="backend.tests.test_liga_assessorias.TestLigaAssessorias" name="test_get_estados_returns_list" time="0.433" /><testcase classname="backend.tests.test_liga_assessorias.TestLigaAssessorias" name="test_get_cidades_returns_list" time="0.777" /><testcase classname="backend.tests.test_liga_assessorias.TestLigaAssessorias" name="test_get_cidades_filtered_by_estado" time="0.414" /><testcase classname="backend.tests.test_liga_assessorias.TestLigaAssessorias" name="test_points_calculation_consistency" time="1.052" /><testcase classname="backend.tests.test_liga_assessorias.TestLigaAssessorias" name="test_ranking_requires_auth" time="0.475" /><testcase classname="backend.tests.test_liga_assessorias.TestLigaAssessorias" name="test_stats_requires_auth" time="0.429" /></testsuite></testsuites>