<?xml version="1.0" encoding="utf-8"?><testsuites name="pytest tests"><testsuite name="pytest" errors="0" failures="0" skipped="0" tests="12" time="11.394" timestamp="2026-03-02T01:40:55.393012+00:00" hostname="agent-env-992c2492-0040-45a5-a0b5-97af43af6d2a"><testcase classname="backend.tests.test_ranking_povao.TestRankingPovaoAPI" name="test_get_ranking_povao_masculino" time="0.956" /><testcase classname="backend.tests.test_ranking_povao.TestRankingPovaoAPI" name="test_get_ranking_povao_feminino" time="0.725" /><testcase classname="backend.tests.test_ranking_povao.TestRankingPovaoAPI" name="test_get_povao_stats" time="0.903" /><testcase classname="backend.tests.test_ranking_povao.TestCadastroModalidade" name="test_register_profissional_amador" time="0.932" /><testcase classname="backend.tests.test_ranking_povao.TestCadastroModalidade" name="test_register_povao_pace_livre" time="0.962" /><testcase classname="backend.tests.test_ranking_povao.TestCadastroModalidade" name="test_register_pcd_cannot_select_povao" time="0.728" /><testcase classname="backend.tests.test_ranking_povao.TestCadastroModalidade" name="test_register_cadeirante_cannot_select_povao" time="0.732" /><testcase classname="backend.tests.test_ranking_povao.TestPontosPovao" name="test_points_calculation_logic" time="0.000" /><testcase classname="backend.tests.test_ranking_povao.TestSubmeterResultadoPovao" name="test_povao_can_submit_result" time="1.670" /><testcase classname="backend.tests.test_ranking_povao.TestAdminFilterModalidade" name="test_admin_can_list_atletas_by_modalidade" time="1.850" /><testcase classname="backend.tests.test_ranking_povao.TestExistingAtleta" name="test_login_existing_atleta" time="0.937" /><testcase classname="backend.tests.test_ranking_povao.TestExistingAtleta" name="test_admin_login" time="0.943" /></testsuite></testsuites>