<?xml version="1.0" encoding="utf-8"?><testsuites name="pytest tests"><testsuite name="pytest" errors="0" failures="0" skipped="0" tests="33" time="2.813" timestamp="2026-03-19T22:38:12.197099+00:00" hostname="agent-env-8d9a57c9-2862-42a6-850e-eb396bff623f"><testcase classname="backend.tests.test_iter54_pwa.TestPWAManifest" name="test_manifest_accessible" time="0.316" /><testcase classname="backend.tests.test_iter54_pwa.TestPWAManifest" name="test_manifest_content_type" time="0.309" /><testcase classname="backend.tests.test_iter54_pwa.TestPWAManifest" name="test_manifest_valid_json" time="0.079" /><testcase classname="backend.tests.test_iter54_pwa.TestPWAManifest" name="test_manifest_name_field" time="0.077" /><testcase classname="backend.tests.test_iter54_pwa.TestPWAManifest" name="test_manifest_short_name" time="0.081" /><testcase classname="backend.tests.test_iter54_pwa.TestPWAManifest" name="test_manifest_start_url" time="0.058" /><testcase classname="backend.tests.test_iter54_pwa.TestPWAManifest" name="test_manifest_display" time="0.062" /><testcase classname="backend.tests.test_iter54_pwa.TestPWAManifest" name="test_manifest_theme_color" time="0.076" /><testcase classname="backend.tests.test_iter54_pwa.TestPWAManifest" name="test_manifest_icons_array" time="0.073" /><testcase classname="backend.tests.test_iter54_pwa.TestPWAManifest" name="test_manifest_shortcuts" time="0.074" /><testcase classname="backend.tests.test_iter54_pwa.TestServiceWorker" name="test_sw_accessible" time="0.068" /><testcase classname="backend.tests.test_iter54_pwa.TestServiceWorker" name="test_sw_content_type" time="0.068" /><testcase classname="backend.tests.test_iter54_pwa.TestServiceWorker" name="test_sw_has_install_handler" time="0.068" /><testcase classname="backend.tests.test_iter54_pwa.TestServiceWorker" name="test_sw_has_activate_handler" time="0.059" /><testcase classname="backend.tests.test_iter54_pwa.TestServiceWorker" name="test_sw_has_fetch_handler" time="0.068" /><testcase classname="backend.tests.test_iter54_pwa.TestServiceWorker" name="test_sw_has_cache_strategy" time="0.071" /><testcase classname="backend.tests.test_iter54_pwa.TestOfflinePage" name="test_offline_page_accessible" time="0.061" /><testcase classname="backend.tests.test_iter54_pwa.TestOfflinePage" name="test_offline_page_content_type" time="0.074" /><testcase classname="backend.tests.test_iter54_pwa.TestOfflinePage" name="test_offline_page_has_content" time="0.059" /><testcase classname="backend.tests.test_iter54_pwa.TestPWAIcons" name="test_icon_accessible[72x72]" time="0.057" /><testcase classname="backend.tests.test_iter54_pwa.TestPWAIcons" name="test_icon_accessible[96x96]" time="0.066" /><testcase classname="backend.tests.test_iter54_pwa.TestPWAIcons" name="test_icon_accessible[128x128]" time="0.075" /><testcase classname="backend.tests.test_iter54_pwa.TestPWAIcons" name="test_icon_accessible[144x144]" time="0.055" /><testcase classname="backend.tests.test_iter54_pwa.TestPWAIcons" name="test_icon_accessible[152x152]" time="0.055" /><testcase classname="backend.tests.test_iter54_pwa.TestPWAIcons" name="test_icon_accessible[192x192]" time="0.064" /><testcase classname="backend.tests.test_iter54_pwa.TestPWAIcons" name="test_icon_accessible[384x384]" time="0.066" /><testcase classname="backend.tests.test_iter54_pwa.TestPWAIcons" name="test_icon_accessible[512x512]" time="0.062" /><testcase classname="backend.tests.test_iter54_pwa.TestIndexHTML" name="test_index_html_accessible" time="0.066" /><testcase classname="backend.tests.test_iter54_pwa.TestIndexHTML" name="test_index_has_manifest_link" time="0.071" /><testcase classname="backend.tests.test_iter54_pwa.TestIndexHTML" name="test_index_has_theme_color" time="0.088" /><testcase classname="backend.tests.test_iter54_pwa.TestIndexHTML" name="test_index_has_apple_web_app_capable" time="0.065" /><testcase classname="backend.tests.test_iter54_pwa.TestIndexHTML" name="test_index_has_sw_registration" time="0.058" /><testcase classname="backend.tests.test_iter54_pwa.TestIndexHTML" name="test_index_has_apple_touch_icon" time="0.076" /></testsuite></testsuites>