<?xml version="1.0" encoding="utf-8"?><testsuites name="pytest tests"><testsuite name="pytest" errors="0" failures="0" skipped="0" tests="16" time="4.193" timestamp="2026-03-25T21:42:39.410762+00:00" hostname="agent-env-9b962405-0d9b-490a-8729-7be0e22f4911"><testcase classname="backend.tests.test_iter79_dual_plans.TestDualPlanSystem" name="test_01_planos_returns_plano_vigente" time="0.312" /><testcase classname="backend.tests.test_iter79_dual_plans.TestDualPlanSystem" name="test_02_planos_eh_periodo_lancamento_true" time="0.058" /><testcase classname="backend.tests.test_iter79_dual_plans.TestDualPlanSystem" name="test_03_planos_anual_null_during_lancamento" time="0.088" /><testcase classname="backend.tests.test_iter79_dual_plans.TestDualPlanSystem" name="test_04_planos_lancamento_not_null" time="0.064" /><testcase classname="backend.tests.test_iter79_dual_plans.TestDualPlanSystem" name="test_05_planos_data_transicao" time="0.080" /><testcase classname="backend.tests.test_iter79_dual_plans.TestDualPlanSystem" name="test_06_meu_plano_admin_includes_plano_vigente" time="0.580" /><testcase classname="backend.tests.test_iter79_dual_plans.TestDualPlanSystem" name="test_07_meu_plano_expired_user_includes_plano_vigente" time="0.334" /><testcase classname="backend.tests.test_iter79_dual_plans.TestDualPlanSystem" name="test_08_meu_plano_valid_user_includes_plano_vigente" time="0.364" /><testcase classname="backend.tests.test_iter79_dual_plans.TestDualPlanSystem" name="test_09_checkout_uses_lancamento_plan" time="1.140" /><testcase classname="backend.tests.test_iter79_dual_plans.TestDualPlanSystem" name="test_10_checkout_requires_auth" time="0.087" /><testcase classname="backend.tests.test_iter79_dual_plans.TestDualPlanSystem" name="test_11_plano_lancamento_structure" time="0.048" /><testcase classname="backend.tests.test_iter79_dual_plans.TestDualPlanSystem" name="test_12_plano_vigente_matches_lancamento" time="0.060" /><testcase classname="backend.tests.test_iter79_dual_plans.TestPublicAccess" name="test_13_ranking_nacional_public" time="0.147" /><testcase classname="backend.tests.test_iter79_dual_plans.TestPublicAccess" name="test_14_planos_endpoint_public" time="0.064" /><testcase classname="backend.tests.test_iter79_dual_plans.TestAdminDashboard" name="test_15_admin_stats_endpoint" time="0.377" /><testcase classname="backend.tests.test_iter79_dual_plans.TestAdminDashboard" name="test_16_admin_stats_estados_endpoint" time="0.312" /></testsuite></testsuites>