<?xml version="1.0" encoding="utf-8"?><testsuites name="pytest tests"><testsuite name="pytest" errors="0" failures="0" skipped="0" tests="14" time="2.490" timestamp="2026-03-19T11:33:45.849702+00:00" hostname="agent-env-39e0929a-5c8c-4ed8-bf84-a3d1bdeab7d5"><testcase classname="backend.tests.test_iter47_xlsx_pdf_export.TestAuthentication" name="test_login_success" time="0.699" /><testcase classname="backend.tests.test_iter47_xlsx_pdf_export.TestExcelXLSXExport" name="test_export_xlsx_requires_auth" time="0.087" /><testcase classname="backend.tests.test_iter47_xlsx_pdf_export.TestExcelXLSXExport" name="test_export_xlsx_with_auth" time="0.553" /><testcase classname="backend.tests.test_iter47_xlsx_pdf_export.TestExcelXLSXExport" name="test_export_xlsx_file_structure" time="0.051" /><testcase classname="backend.tests.test_iter47_xlsx_pdf_export.TestExcelXLSXExport" name="test_export_xlsx_assessoria_not_found" time="0.033" /><testcase classname="backend.tests.test_iter47_xlsx_pdf_export.TestPDFExport" name="test_export_pdf_requires_auth" time="0.070" /><testcase classname="backend.tests.test_iter47_xlsx_pdf_export.TestPDFExport" name="test_export_pdf_with_auth" time="0.104" /><testcase classname="backend.tests.test_iter47_xlsx_pdf_export.TestPDFExport" name="test_export_pdf_valid_structure" time="0.063" /><testcase classname="backend.tests.test_iter47_xlsx_pdf_export.TestPDFExport" name="test_export_pdf_assessoria_not_found" time="0.047" /><testcase classname="backend.tests.test_iter47_xlsx_pdf_export.TestCSVRegressionExport" name="test_export_csv_still_works" time="0.040" /><testcase classname="backend.tests.test_iter47_xlsx_pdf_export.TestJSONRegressionExport" name="test_export_json_still_works" time="0.090" /><testcase classname="backend.tests.test_iter47_xlsx_pdf_export.TestAllFormatsComparison" name="test_all_formats_same_assessoria_data" time="0.282" /><testcase classname="backend.tests.test_iter47_xlsx_pdf_export.TestAllFormatsComparison" name="test_file_sizes_are_reasonable" time="0.261" /><testcase classname="backend.tests.test_iter47_xlsx_pdf_export.TestInvalidFormat" name="test_invalid_format_returns_422_or_csv_default" time="0.039" /></testsuite></testsuites>