<?xml version="1.0" encoding="utf-8"?><testsuites name="pytest tests"><testsuite name="pytest" errors="0" failures="0" skipped="2" tests="15" time="15.742" timestamp="2026-03-27T14:55:32.177391+00:00" hostname="agent-env-9b962405-0d9b-490a-8729-7be0e22f4911"><testcase classname="backend.tests.test_iter82_efi_webhook.TestEfiBankWebhook" name="test_01_webhook_healthcheck_returns_empty_string" time="0.354" /><testcase classname="backend.tests.test_iter82_efi_webhook.TestEfiBankWebhook" name="test_02_webhook_post_invalid_txid_returns_ok" time="0.084" /><testcase classname="backend.tests.test_iter82_efi_webhook.TestEfiBankWebhook" name="test_03_webhook_post_empty_pix_array_returns_ok" time="0.321" /><testcase classname="backend.tests.test_iter82_efi_webhook.TestEfiBankWebhook" name="test_04_webhook_post_no_txid_in_pix_returns_ok" time="0.091" /><testcase classname="backend.tests.test_iter82_efi_webhook.TestEfiBankWebhook" name="test_05_admin_registrar_webhook_requires_auth" time="0.074" /><testcase classname="backend.tests.test_iter82_efi_webhook.TestEfiBankWebhook" name="test_06_admin_registrar_webhook_rejects_non_admin" time="0.405" /><testcase classname="backend.tests.test_iter82_efi_webhook.TestEfiBankWebhook" name="test_07_admin_webhook_status_requires_auth" time="0.084" /><testcase classname="backend.tests.test_iter82_efi_webhook.TestEfiBankWebhook" name="test_08_admin_webhook_status_rejects_non_admin" time="0.126" /><testcase classname="backend.tests.test_iter82_efi_webhook.TestEfiBankWebhook" name="test_09_admin_transacoes_requires_auth" time="0.094" /><testcase classname="backend.tests.test_iter82_efi_webhook.TestEfiBankWebhook" name="test_10_admin_transacoes_rejects_non_admin" time="0.074" /><testcase classname="backend.tests.test_iter82_efi_webhook.TestEfiBankWebhook" name="test_11_admin_registrar_webhook_works_for_admin" time="12.142" /><testcase classname="backend.tests.test_iter82_efi_webhook.TestEfiBankWebhook" name="test_12_admin_webhook_status_works_for_admin" time="1.561" /><testcase classname="backend.tests.test_iter82_efi_webhook.TestEfiBankWebhook" name="test_13_admin_transacoes_works_for_admin" time="0.072" /><testcase classname="backend.tests.test_iter82_efi_webhook.TestEfiBankWebhook" name="test_14_e2e_pix_webhook_flow" time="0.099"><skipped type="pytest.skip" message="User already has premium access">/app/backend/tests/test_iter82_efi_webhook.py:242: User already has premium access</skipped></testcase><testcase classname="backend.tests.test_iter82_efi_webhook.TestEfiBankWebhook" name="test_15_pix_criar_still_generates_qrcode" time="0.082"><skipped type="pytest.skip" message="User already has premium access">/app/backend/tests/test_iter82_efi_webhook.py:325: User already has premium access</skipped></testcase></testsuite></testsuites>