<?xml version="1.0" encoding="utf-8"?><testsuites name="pytest tests"><testsuite name="pytest" errors="0" failures="0" skipped="0" tests="20" time="7.841" timestamp="2026-02-25T02:39:01.473099+00:00" hostname="agent-env-161a82ba-cdbf-466f-a179-95c93dd2b93b"><testcase classname="backend.tests.test_new_features.TestAdminAtletasCRUD" name="test_admin_get_all_atletas" time="0.433" /><testcase classname="backend.tests.test_new_features.TestAdminAtletasCRUD" name="test_admin_get_atletas_by_category_normal_m" time="0.364" /><testcase classname="backend.tests.test_new_features.TestAdminAtletasCRUD" name="test_admin_get_atletas_by_category_pcd" time="0.382" /><testcase classname="backend.tests.test_new_features.TestAdminAtletasCRUD" name="test_admin_get_atletas_by_category_cadeirante" time="0.361" /><testcase classname="backend.tests.test_new_features.TestAdminAtletasCRUD" name="test_admin_create_atleta" time="0.577" /><testcase classname="backend.tests.test_new_features.TestAdminAtletasCRUD" name="test_admin_update_atleta" time="0.430" /><testcase classname="backend.tests.test_new_features.TestAdminAtletasCRUD" name="test_admin_export_atletas" time="0.396" /><testcase classname="backend.tests.test_new_features.TestAdminAjustarPontos" name="test_admin_ajustar_pontos_adicionar" time="0.482" /><testcase classname="backend.tests.test_new_features.TestAdminAjustarPontos" name="test_admin_ajustar_pontos_remover" time="0.513" /><testcase classname="backend.tests.test_new_features.TestAtletaProfile" name="test_atleta_get_meu_perfil" time="0.375" /><testcase classname="backend.tests.test_new_features.TestAtletaProfile" name="test_atleta_update_perfil_nome" time="0.489" /><testcase classname="backend.tests.test_new_features.TestAtletaProfile" name="test_atleta_update_perfil_cidade_estado" time="0.400" /><testcase classname="backend.tests.test_new_features.TestAtletaProfile" name="test_atleta_update_perfil_data_nascimento" time="0.379" /><testcase classname="backend.tests.test_new_features.TestAtletaProfile" name="test_atleta_update_perfil_equipe" time="0.356" /><testcase classname="backend.tests.test_new_features.TestAtletaProfile" name="test_atleta_update_perfil_redes_sociais" time="0.403" /><testcase classname="backend.tests.test_new_features.TestAtletaExportData" name="test_atleta_export_meu_ranking" time="0.392" /><testcase classname="backend.tests.test_new_features.TestCompartilharAtleta" name="test_compartilhar_atleta" time="0.444" /><testcase classname="backend.tests.test_new_features.TestRankingExport" name="test_export_ranking_csv" time="0.070" /><testcase classname="backend.tests.test_new_features.TestRankingExport" name="test_export_ranking_excel" time="0.085" /><testcase classname="backend.tests.test_new_features.TestAtletaDetalhes" name="test_get_atleta_detalhes" time="0.425" /></testsuite></testsuites>