<?xml version="1.0" encoding="utf-8"?><testsuites name="pytest tests"><testsuite name="pytest" errors="0" failures="0" skipped="0" tests="16" time="10.671" timestamp="2026-04-20T05:13:01.026801+00:00" hostname="agent-env-9b962405-0d9b-490a-8729-7be0e22f4911"><testcase classname="backend.tests.test_iter121_bug_fixes.TestPublicEndpoints" name="test_assessorias_lista_public" time="0.445" /><testcase classname="backend.tests.test_iter121_bug_fixes.TestPublicEndpoints" name="test_corridas_eventos_public" time="0.090" /><testcase classname="backend.tests.test_iter121_bug_fixes.TestPublicEndpoints" name="test_regulamento_public" time="0.089" /><testcase classname="backend.tests.test_iter121_bug_fixes.TestPublicEndpoints" name="test_health_public" time="0.310" /><testcase classname="backend.tests.test_iter121_bug_fixes.TestProtectedEndpoints" name="test_ranking_povao_protected" time="0.120" /><testcase classname="backend.tests.test_iter121_bug_fixes.TestProtectedEndpoints" name="test_liga_assessorias_ranking_protected" time="0.462" /><testcase classname="backend.tests.test_iter121_bug_fixes.TestProtectedEndpoints" name="test_feed_protected" time="0.154" /><testcase classname="backend.tests.test_iter121_bug_fixes.TestLoginAndFeed" name="test_login_returns_tokens" time="0.109" /><testcase classname="backend.tests.test_iter121_bug_fixes.TestLoginAndFeed" name="test_feed_accessible_with_token" time="1.178" /><testcase classname="backend.tests.test_iter121_bug_fixes.TestLoginAndFeed" name="test_feed_trending_accessible" time="1.235" /><testcase classname="backend.tests.test_iter121_bug_fixes.TestLoginAndFeed" name="test_feed_fotos_restantes" time="1.211" /><testcase classname="backend.tests.test_iter121_bug_fixes.TestLoginAndFeed" name="test_feed_reacoes_disponiveis_public" time="0.070" /><testcase classname="backend.tests.test_iter121_bug_fixes.TestSecurityMiddleware" name="test_anti_bot_not_blocking_feed" time="3.807" /><testcase classname="backend.tests.test_iter121_bug_fixes.TestSecurityMiddleware" name="test_anti_bot_monitors_ranking" time="0.074" /><testcase classname="backend.tests.test_iter121_bug_fixes.TestAssessoriaEndpoints" name="test_assessorias_lista_returns_data" time="0.068" /><testcase classname="backend.tests.test_iter121_bug_fixes.TestAssessoriaEndpoints" name="test_liga_assessorias_ranking_with_token" time="1.185" /></testsuite></testsuites>