<?xml version="1.0" encoding="utf-8"?><testsuites name="pytest tests"><testsuite name="pytest" errors="0" failures="0" skipped="0" tests="13" time="4.746" timestamp="2026-03-24T19:28:48.604192+00:00" hostname="agent-env-9b962405-0d9b-490a-8729-7be0e22f4911"><testcase classname="backend.tests.test_iter70_geo_filters.TestAdminAtletasGeoFields" name="test_admin_atletas_returns_estado_field" time="0.432" /><testcase classname="backend.tests.test_iter70_geo_filters.TestAdminAtletasGeoFields" name="test_admin_atletas_returns_cidade_field" time="0.392" /><testcase classname="backend.tests.test_iter70_geo_filters.TestAdminAtletasGeoFields" name="test_admin_atletas_limit_1000" time="0.395" /><testcase classname="backend.tests.test_iter70_geo_filters.TestAdminAtletasGeoFields" name="test_atletas_have_valid_estado_values" time="0.373" /><testcase classname="backend.tests.test_iter70_geo_filters.TestAdminAtletasGeoFields" name="test_atletas_from_sp_exist" time="0.388" /><testcase classname="backend.tests.test_iter70_geo_filters.TestRaioXDistanciaFix" name="test_raio_x_completo_returns_distancia_total" time="0.388" /><testcase classname="backend.tests.test_iter70_geo_filters.TestRaioXDistanciaFix" name="test_raio_x_evolucao_endpoint" time="0.355" /><testcase classname="backend.tests.test_iter70_geo_filters.TestRaioXDistanciaFix" name="test_raio_x_records_endpoint" time="0.354" /><testcase classname="backend.tests.test_iter70_geo_filters.TestRaioXDistanciaFix" name="test_raio_x_score_endpoint" time="0.366" /><testcase classname="backend.tests.test_iter70_geo_filters.TestRaioXDistanciaFix" name="test_raio_x_comparativo_endpoint" time="0.349" /><testcase classname="backend.tests.test_iter70_geo_filters.TestHealthAndAuth" name="test_health_endpoint" time="0.299" /><testcase classname="backend.tests.test_iter70_geo_filters.TestHealthAndAuth" name="test_admin_login" time="0.285" /><testcase classname="backend.tests.test_iter70_geo_filters.TestHealthAndAuth" name="test_atleta_login" time="0.301" /></testsuite></testsuites>