<?xml version="1.0" encoding="utf-8"?><testsuites name="pytest tests"><testsuite name="pytest" errors="0" failures="0" skipped="0" tests="34" time="2.865" timestamp="2026-03-28T11:28:12.538104+00:00" hostname="agent-env-9b962405-0d9b-490a-8729-7be0e22f4911"><testcase classname="backend.tests.test_iter87_conversao_sandbox.TestConversaoEndpoint" name="test_01_conversao_requires_admin_auth" time="0.128" /><testcase classname="backend.tests.test_iter87_conversao_sandbox.TestConversaoEndpoint" name="test_02_conversao_returns_200_for_admin" time="0.480" /><testcase classname="backend.tests.test_iter87_conversao_sandbox.TestConversaoEndpoint" name="test_03_conversao_has_7d_period" time="0.102" /><testcase classname="backend.tests.test_iter87_conversao_sandbox.TestConversaoEndpoint" name="test_04_conversao_has_30d_period" time="0.129" /><testcase classname="backend.tests.test_iter87_conversao_sandbox.TestConversaoEndpoint" name="test_05_conversao_has_total_period" time="0.096" /><testcase classname="backend.tests.test_iter87_conversao_sandbox.TestConversaoEndpoint" name="test_06_conversao_has_funil_diario" time="0.094" /><testcase classname="backend.tests.test_iter87_conversao_sandbox.TestConversaoEndpoint" name="test_07_funil_diario_has_14_records" time="0.088" /><testcase classname="backend.tests.test_iter87_conversao_sandbox.TestConversaoEndpoint" name="test_08_period_has_visitantes_unicos" time="0.115" /><testcase classname="backend.tests.test_iter87_conversao_sandbox.TestConversaoEndpoint" name="test_09_period_has_cadastros" time="0.103" /><testcase classname="backend.tests.test_iter87_conversao_sandbox.TestConversaoEndpoint" name="test_10_period_has_pagamentos" time="0.117" /><testcase classname="backend.tests.test_iter87_conversao_sandbox.TestConversaoEndpoint" name="test_11_period_has_taxa_visitante_cadastro" time="0.088" /><testcase classname="backend.tests.test_iter87_conversao_sandbox.TestConversaoEndpoint" name="test_12_period_has_taxa_cadastro_pagamento" time="0.108" /><testcase classname="backend.tests.test_iter87_conversao_sandbox.TestConversaoEndpoint" name="test_13_period_has_taxa_conversao_total" time="0.088" /><testcase classname="backend.tests.test_iter87_conversao_sandbox.TestFinanceiroResumo" name="test_14_resumo_returns_200" time="0.076" /><testcase classname="backend.tests.test_iter87_conversao_sandbox.TestFinanceiroResumo" name="test_15_resumo_has_totais" time="0.086" /><testcase classname="backend.tests.test_iter87_conversao_sandbox.TestFinanceiroResumo" name="test_16_totais_has_receita_pix" time="0.066" /><testcase classname="backend.tests.test_iter87_conversao_sandbox.TestFinanceiroResumo" name="test_17_totais_has_receita_cartao" time="0.071" /><testcase classname="backend.tests.test_iter87_conversao_sandbox.TestFinanceiroResumo" name="test_18_distribuicao_gateway_has_pix" time="0.078" /><testcase classname="backend.tests.test_iter87_conversao_sandbox.TestFinanceiroResumo" name="test_19_distribuicao_gateway_has_cartao" time="0.078" /><testcase classname="backend.tests.test_iter87_conversao_sandbox.TestEfiConfig" name="test_20_config_returns_is_sandbox" time="0.381" /><testcase classname="backend.tests.test_iter87_conversao_sandbox.TestEfiConfig" name="test_21_config_is_sandbox_true" time="0.070" /><testcase classname="backend.tests.test_iter87_conversao_sandbox.TestCartaoSandboxWarning" name="test_22_cartao_endpoint_exists" time="0.069" /><testcase classname="backend.tests.test_iter87_conversao_sandbox.TestCartaoSandboxWarning" name="test_23_cartao_validates_payment_token" time="0.069" /><testcase classname="backend.tests.test_iter87_conversao_sandbox.TestCodeReview" name="test_24_financeiro_routes_filters_by_tipo" time="0.000" /><testcase classname="backend.tests.test_iter87_conversao_sandbox.TestCodeReview" name="test_25_efi_routes_has_aviso_sandbox" time="0.000" /><testcase classname="backend.tests.test_iter87_conversao_sandbox.TestCodeReview" name="test_26_efi_routes_rejects_non_approved_status" time="0.000" /><testcase classname="backend.tests.test_iter87_conversao_sandbox.TestCodeReview" name="test_27_efi_config_returns_is_sandbox" time="0.000" /><testcase classname="backend.tests.test_iter87_conversao_sandbox.TestCodeReview" name="test_28_middleware_tracks_visitors" time="0.000" /><testcase classname="backend.tests.test_iter87_conversao_sandbox.TestFrontendComponents" name="test_29_dashboard_financeiro_has_funnel_visual" time="0.000" /><testcase classname="backend.tests.test_iter87_conversao_sandbox.TestFrontendComponents" name="test_30_dashboard_financeiro_has_conversion_panel" time="0.000" /><testcase classname="backend.tests.test_iter87_conversao_sandbox.TestFrontendComponents" name="test_31_dashboard_financeiro_has_period_toggle" time="0.000" /><testcase classname="backend.tests.test_iter87_conversao_sandbox.TestFrontendComponents" name="test_32_funnel_visual_has_three_steps" time="0.000" /><testcase classname="backend.tests.test_iter87_conversao_sandbox.TestFrontendComponents" name="test_33_pagamento_page_has_sandbox_warning" time="0.000" /><testcase classname="backend.tests.test_iter87_conversao_sandbox.TestFrontendComponents" name="test_34_pagamento_page_checks_is_sandbox" time="0.000" /></testsuite></testsuites>