<?xml version="1.0" encoding="utf-8"?><testsuites name="pytest tests"><testsuite name="pytest" errors="0" failures="0" skipped="2" tests="7" time="2.556" timestamp="2026-03-31T20:42:16.794652+00:00" hostname="agent-env-9b962405-0d9b-490a-8729-7be0e22f4911"><testcase classname="backend.tests.test_iter99_features.TestRecuperarSenha" name="test_recuperar_senha_email_valido" time="1.215" /><testcase classname="backend.tests.test_iter99_features.TestRecuperarSenha" name="test_recuperar_senha_email_invalido" time="0.276" /><testcase classname="backend.tests.test_iter99_features.TestStravaAuthorize" name="test_strava_authorize_requires_auth" time="0.077" /><testcase classname="backend.tests.test_iter99_features.TestStravaAuthorize" name="test_strava_authorize_with_valid_token" time="0.358" /><testcase classname="backend.tests.test_iter99_features.TestFeedStories" name="test_feed_stories_returns_autor_foto" time="0.284"><skipped type="pytest.skip" message="Could not login with admin user">/app/backend/tests/test_iter99_features.py:89: Could not login with admin user</skipped></testcase><testcase classname="backend.tests.test_iter99_features.TestAuthLogin" name="test_login_admin" time="0.000"><skipped type="pytest.skip" message="Admin password varies - not part of 5 features being tested">/app/backend/tests/test_iter99_features.py:116: Admin password varies - not part of 5 features being tested</skipped></testcase><testcase classname="backend.tests.test_iter99_features.TestAuthLogin" name="test_login_atleta" time="0.292" /></testsuite></testsuites>