<?xml version="1.0" encoding="utf-8"?><testsuites name="pytest tests"><testsuite name="pytest" errors="0" failures="0" skipped="0" tests="8" time="3.258" timestamp="2026-03-08T21:21:53.701926+00:00" hostname="agent-env-aea85e3c-b11d-48f5-9133-2ff2082eeff9"><testcase classname="backend.tests.test_iter22_dono_assessoria.TestDonoAssessoriaRegistration" name="test_register_as_dono_assessoria_returns_201" time="0.536" /><testcase classname="backend.tests.test_iter22_dono_assessoria.TestDonoAssessoriaRegistration" name="test_register_as_dono_returns_role_dono_assessoria" time="0.287" /><testcase classname="backend.tests.test_iter22_dono_assessoria.TestDonoAssessoriaRegistration" name="test_register_as_dono_creates_assessoria" time="0.375" /><testcase classname="backend.tests.test_iter22_dono_assessoria.TestDonoAssessoriaRegistration" name="test_register_as_dono_sets_equipe_as_assessoria_name" time="0.487" /><testcase classname="backend.tests.test_iter22_dono_assessoria.TestDonoAssessoriaNormalRegistration" name="test_register_normal_returns_role_atleta" time="0.349" /><testcase classname="backend.tests.test_iter22_dono_assessoria.TestDonoAssessoriaNormalRegistration" name="test_register_without_is_dono_flag_returns_role_atleta" time="0.318" /><testcase classname="backend.tests.test_iter22_dono_assessoria.TestDonoAssessoriaValidation" name="test_duplicate_assessoria_name_returns_error" time="0.412" /><testcase classname="backend.tests.test_iter22_dono_assessoria.TestAssessoriasListaWithNewAssessoria" name="test_new_assessoria_appears_in_lista_with_correct_format" time="0.391" /></testsuite></testsuites>