<?xml version="1.0" encoding="utf-8"?><testsuites name="pytest tests"><testsuite name="pytest" errors="0" failures="2" skipped="6" tests="15" time="3.516" timestamp="2026-02-25T21:34:05.533858+00:00" hostname="agent-env-06e90bbe-8867-4226-81f2-4da9c764159a"><testcase classname="tests.test_new_fields_and_aniversariantes.TestAuthAndNewFields" name="test_admin_login" time="0.519" /><testcase classname="tests.test_new_fields_and_aniversariantes.TestAuthAndNewFields" name="test_atleta_login" time="0.062"><failure message="assert 401 == 200&#10; +  where 401 = &lt;Response [401]&gt;.status_code">tests/test_new_fields_and_aniversariantes.py:52: in test_atleta_login
    assert response.status_code == 200
E   assert 401 == 200
E    +  where 401 = &lt;Response [401]&gt;.status_code</failure></testcase><testcase classname="tests.test_new_fields_and_aniversariantes.TestAtletaDetailsAPI" name="test_atleta_details_returns_new_fields" time="0.075" /><testcase classname="tests.test_new_fields_and_aniversariantes.TestAtletaDetailsAPI" name="test_atleta_details_has_basic_fields" time="0.063" /><testcase classname="tests.test_new_fields_and_aniversariantes.TestPerfilUpdateAPI" name="test_profile_update_bio_field" time="0.075"><skipped type="pytest.skip" message="Could not get atleta token">/app/backend/tests/test_new_fields_and_aniversariantes.py:121: Could not get atleta token</skipped></testcase><testcase classname="tests.test_new_fields_and_aniversariantes.TestPerfilUpdateAPI" name="test_profile_update_etnia_field" time="0.062"><skipped type="pytest.skip" message="Could not get atleta token">/app/backend/tests/test_new_fields_and_aniversariantes.py:139: Could not get atleta token</skipped></testcase><testcase classname="tests.test_new_fields_and_aniversariantes.TestPerfilUpdateAPI" name="test_profile_update_apelido_field" time="0.082"><skipped type="pytest.skip" message="Could not get atleta token">/app/backend/tests/test_new_fields_and_aniversariantes.py:155: Could not get atleta token</skipped></testcase><testcase classname="tests.test_new_fields_and_aniversariantes.TestPerfilUpdateAPI" name="test_bio_limit_150_chars" time="0.091"><skipped type="pytest.skip" message="Could not get atleta token">/app/backend/tests/test_new_fields_and_aniversariantes.py:171: Could not get atleta token</skipped></testcase><testcase classname="tests.test_new_fields_and_aniversariantes.TestAniversariantesAPI" name="test_get_aniversariantes_mes" time="0.391" /><testcase classname="tests.test_new_fields_and_aniversariantes.TestAniversariantesAPI" name="test_get_aniversariantes_hoje" time="0.356" /><testcase classname="tests.test_new_fields_and_aniversariantes.TestAniversariantesAPI" name="test_enviar_mensagem_aniversario" time="0.470" /><testcase classname="tests.test_new_fields_and_aniversariantes.TestAniversariantesAPI" name="test_get_configuracao_aniversario" time="0.359"><failure message="assert 500 == 200&#10; +  where 500 = &lt;Response [500]&gt;.status_code">tests/test_new_fields_and_aniversariantes.py:307: in test_get_configuracao_aniversario
    assert response.status_code == 200
E   assert 500 == 200
E    +  where 500 = &lt;Response [500]&gt;.status_code</failure></testcase><testcase classname="tests.test_new_fields_and_aniversariantes.TestAtletaMensagemAniversario" name="test_get_mensagem_aniversario" time="0.081"><skipped type="pytest.skip" message="Could not get atleta token">/app/backend/tests/test_new_fields_and_aniversariantes.py:331: Could not get atleta token</skipped></testcase><testcase classname="tests.test_new_fields_and_aniversariantes.TestAtletaMensagemAniversario" name="test_marcar_mensagem_visualizada" time="0.061"><skipped type="pytest.skip" message="Could not get atleta token">/app/backend/tests/test_new_fields_and_aniversariantes.py:349: Could not get atleta token</skipped></testcase><testcase classname="tests.test_new_fields_and_aniversariantes.TestRegistrationNewFields" name="test_register_endpoint_accepts_etnia_apelido" time="0.642" /></testsuite></testsuites>