<?xml version="1.0" encoding="utf-8"?><testsuites name="pytest tests"><testsuite name="pytest" errors="0" failures="0" skipped="0" tests="11" time="3.930" timestamp="2026-03-30T22:33:27.451794+00:00" hostname="agent-env-9b962405-0d9b-490a-8729-7be0e22f4911"><testcase classname="backend.tests.test_iter95_export_ranking.TestRankingCorridas" name="test_ranking_corridas_nacional" time="0.305" /><testcase classname="backend.tests.test_iter95_export_ranking.TestRankingCorridas" name="test_ranking_corridas_stats" time="0.078" /><testcase classname="backend.tests.test_iter95_export_ranking.TestRankingCorridas" name="test_ranking_corridas_has_avaliar_button_data" time="0.144" /><testcase classname="backend.tests.test_iter95_export_ranking.TestAdminExportEndpoints" name="test_financeiro_export_pdf" time="0.592" /><testcase classname="backend.tests.test_iter95_export_ranking.TestAdminExportEndpoints" name="test_financeiro_export_excel" time="0.537" /><testcase classname="backend.tests.test_iter95_export_ranking.TestAdminExportEndpoints" name="test_atletas_export_excel" time="0.389" /><testcase classname="backend.tests.test_iter95_export_ranking.TestAdminExportEndpoints" name="test_ranking_export_excel" time="0.440" /><testcase classname="backend.tests.test_iter95_export_ranking.TestAdminExportEndpoints" name="test_ranking_export_csv" time="0.376" /><testcase classname="backend.tests.test_iter95_export_ranking.TestAdminExportEndpoints" name="test_financeiro_resumo" time="0.366" /><testcase classname="backend.tests.test_iter95_export_ranking.TestAtletaRankingCorridas" name="test_atleta_can_access_ranking_corridas" time="0.352" /><testcase classname="backend.tests.test_iter95_export_ranking.TestAtletaRankingCorridas" name="test_atleta_user_info" time="0.284" /></testsuite></testsuites>