<?xml version="1.0" encoding="utf-8"?><testsuites name="pytest tests"><testsuite name="pytest" errors="0" failures="0" skipped="0" tests="15" time="14.131" timestamp="2026-03-14T21:21:29.771766+00:00" hostname="agent-env-f10d4a92-181c-43f7-bb39-14d8848db351"><testcase classname="tests.test_iter34_indicacao_system.TestIndicacaoCodeVerification" name="test_verify_valid_referral_code" time="1.048" /><testcase classname="tests.test_iter34_indicacao_system.TestIndicacaoCodeVerification" name="test_verify_invalid_referral_code" time="0.849" /><testcase classname="tests.test_iter34_indicacao_system.TestIndicacaoCodeVerification" name="test_verify_short_code" time="0.663" /><testcase classname="tests.test_iter34_indicacao_system.TestIndicacaoCodeVerification" name="test_verify_uppercase_code" time="0.669" /><testcase classname="tests.test_iter34_indicacao_system.TestRegistrationWithReferral" name="test_register_with_valid_referral_code" time="0.933" /><testcase classname="tests.test_iter34_indicacao_system.TestRegistrationWithReferral" name="test_register_without_referral_code" time="0.875" /><testcase classname="tests.test_iter34_indicacao_system.TestRegistrationWithReferral" name="test_register_with_invalid_referral_code" time="0.911" /><testcase classname="tests.test_iter34_indicacao_system.TestRegistrationWithReferral" name="test_register_with_null_referral_code" time="0.861" /><testcase classname="tests.test_iter34_indicacao_system.TestReferralCounterIncrement" name="test_get_referrer_indicacoes_count" time="1.520" /><testcase classname="tests.test_iter34_indicacao_system.TestReferralCodeEndpoints" name="test_verificar_codigo_endpoint_exists" time="0.672" /><testcase classname="tests.test_iter34_indicacao_system.TestReferralCodeEndpoints" name="test_indicacao_ranking_endpoint" time="0.645" /><testcase classname="tests.test_iter34_indicacao_system.TestReferralCodeEndpoints" name="test_meu_codigo_requires_auth" time="0.653" /><testcase classname="tests.test_iter34_indicacao_system.TestReferralCodeEndpoints" name="test_meu_codigo_with_auth" time="1.537" /><testcase classname="tests.test_iter34_indicacao_system.TestReferralCodeEndpoints" name="test_minhas_indicacoes_with_auth" time="1.567" /><testcase classname="tests.test_iter34_indicacao_system.TestReferralWithExistingIndicador" name="test_existing_indicador_code_is_valid" time="0.661" /></testsuite></testsuites>